[18-08-2022 15:00:01.798443] HALMD (HAL’s MD package) 1.0-alpha6-patch193 [AdResS-branch commit 36e879ed8]
[18-08-2022 15:00:01.801101] variant: +GPU +GPU_SINGLE_PRECISION +GPU_DOUBLE_SINGLE_PRECISION +FORCE_DSFUN
[18-08-2022 15:00:01.801146] built with GNU 8.3.0 and NVCC 9.2 for Lua 5.1.4
[18-08-2022 15:00:01.801165] command line: halmd initial.lua -v --input obstacle_slab_1580.h5
[18-08-2022 15:00:01.801187] host name: bountiful.imp.fu-berlin.de
[18-08-2022 15:00:01.804293] profiler timer resolution: 1 ns
[18-08-2022 15:00:01.808393] read from H5MD file: /group/ag_compstatphys/data/tbottinelli/test_obstacle/big_box/obstacle_slab_1580.h5
[18-08-2022 15:00:01.826487] reading /particles/pore/position at step 0
[18-08-2022 15:00:01.840402] reading box specification from /particles/pore
[18-08-2022 15:00:01.840947] edge lengths of simulation domain: 200 30 30
[18-08-2022 15:00:01.847209] number of particles: 200592
[18-08-2022 15:00:01.847243] number of particle species: 2
[18-08-2022 15:00:01.852468] number of particles: 110592
[18-08-2022 15:00:01.852502] number of particle species: 1
[18-08-2022 15:00:01.946375] lattice: restrict initial particle positions to slab: 0.56 1 1
[18-08-2022 15:00:01.946542] lattice: placing particles on fcc lattice: a = 1.25843
[18-08-2022 15:00:01.946577] [WARNING] lattice: lattice not fully occupied (205056 sites)
[18-08-2022 15:00:02.040051] random (GPU): random number generator type: rand48
[18-08-2022 15:00:02.040107] random (GPU): set RNG seed: 2760529404
[18-08-2022 15:00:02.040433] boltzmann (all): temperature of Boltzmann distribution: 1
[18-08-2022 15:00:02.244448] lennard_jones: potential well depths: ε = [2,2]((1,1),(1,1))
[18-08-2022 15:00:02.244548] lennard_jones: potential core width: σ = [2,2]((1,1),(1,1))
[18-08-2022 15:00:02.249589] potential cutoff length: r_c = [2,2]((2.5,2.5),(2.5,2.5))
[18-08-2022 15:00:02.249664] potential cutoff energy: U = [2,2]((-0.0163169,-0.0163169),(-0.0163169,-0.0163169))
[18-08-2022 15:00:02.297038] binning (all): initial cell occupancy: 0.5
[18-08-2022 15:00:02.297100] binning (all): neighbour list skin: 0.5
[18-08-2022 15:00:02.297129] binning (all): number of cells per dimension: 66 10 10
[18-08-2022 15:00:02.297151] binning (all): edge lengths of cells: 3.0303 3 3
[18-08-2022 15:00:02.297177] binning (all): number of placeholders per cell: 64
[18-08-2022 15:00:02.297198] binning (all): average cell occupancy: 0.474886
[18-08-2022 15:00:02.299459] neighbour (all ← all): neighbour list skin: 0.5
[18-08-2022 15:00:02.299518] neighbour (all ← all): number of placeholders per neighbour list: 316
[18-08-2022 15:00:02.299612] Hilbert sort (all): vertex recursion depth: 8
[18-08-2022 15:00:02.306313] integration time step: 0.005
[18-08-2022 15:00:02.306721] verlet_nvt_andersen: temperature of heat bath: 1
[18-08-2022 15:00:02.306773] verlet_nvt_andersen: collision rate with heat bath: 10
[18-08-2022 15:00:02.309909] [WARNING] overwrite existing file "pore_result.h5"
[18-08-2022 15:00:02.315995] write to H5MD file: /group/ag_compstatphys/data/tbottinelli/test_obstacle/big_box/pore_result.h5
[18-08-2022 15:00:02.733938] wavevector: construct dense grid of wavevectors
[18-08-2022 15:00:02.734001] wavevector: maximum wavenumber: 6.3146
[18-08-2022 15:00:02.734015] wavevector: apply filter on wavevectors: 1 0 0
[18-08-2022 15:00:02.737311] starting simulation run over 2000 integration steps
[18-08-2022 15:00:10.040759] finished simulation run
[18-08-2022 15:00:10.040831] [  0.0%] finishing simulation: 340.000 ns
[18-08-2022 15:00:10.040852] [  0.0%] start-up of simulation: 644.000 ns
[18-08-2022 15:00:10.040861] [  0.0%] preparation for integration step: 62.99 ns (0.46 ns, 2000 calls)
[18-08-2022 15:00:10.040873] [  0.0%] setting particle positions on lattice: 163.334 µs
[18-08-2022 15:00:10.040881] [  0.0%] on_append_finalize: 92.24 ns (0.52 ns, 2000 calls)
[18-08-2022 15:00:10.040890] [  0.0%] on_append_integrate: 105.25 ns (0.39 ns, 2000 calls)
[18-08-2022 15:00:10.040897] [  0.0%] map particles to Hilbert curve (all): 10.80 µs (0.12 µs, 239 calls)
[18-08-2022 15:00:10.040908] [  0.0%] zero maximum displacement (all): 5.512 µs (0.073 µs, 478 calls)
[18-08-2022 15:00:10.040917] [  0.0%] computation of smooth_r4 Lennard-Jones potential and auxiliary variables: 2.672 ms
[18-08-2022 15:00:10.040925] [  0.0%] on_prepend_integrate: 1.767 µs (0.071 µs, 2000 calls)
[18-08-2022 15:00:10.040932] [  0.1%] computation of density modes for allfluid particles: 1.261 ms (0.014 ms, 4 calls)
[18-08-2022 15:00:10.040940] [  0.8%] second half-step of velocity-Verlet (+ Andersen thermostat): 28.135 µs (0.017 µs, 2000 calls)
[18-08-2022 15:00:10.040948] [  0.8%] on_finalize: 29.296 µs (0.026 µs, 2000 calls)
[18-08-2022 15:00:10.040956] [  0.9%] compute maximum displacement (all): 34.459 µs (0.023 µs, 2000 calls)
[18-08-2022 15:00:10.040964] [  1.2%] first half-step of velocity-Verlet: 43.939 µs (0.021 µs, 2000 calls)
[18-08-2022 15:00:10.040972] [  1.2%] on_integrate: 44.992 µs (0.03 µs, 2000 calls)
[18-08-2022 15:00:10.040979] [  1.3%] update selection of a group of particles in a region: 45.972 µs (0.07 µs, 2001 calls)
[18-08-2022 15:00:10.040987] [  2.7%] cell lists update (all): 825.4 µs (4 µs, 239 calls)
[18-08-2022 15:00:10.040995] [  5.4%] rearrange particles by permutation (all): 1.6485 ms (0.0089 ms, 239 calls)
[18-08-2022 15:00:10.041003] [  5.5%] evaluation of observables: 202 µs (198 µs, 2000 calls)
[18-08-2022 15:00:10.041011] [  9.4%] order particles along Hilbert curve (all): 2.866 ms (0.056 ms, 239 calls)
[18-08-2022 15:00:10.041019] [ 31.0%] update of neighbour lists (all ← all): 9.465 ms (0.055 ms, 239 calls)
[18-08-2022 15:00:10.041027] [ 46.9%] computation of smooth_r4 Lennard-Jones potential: 1.7143 ms (0.0021 ms, 2000 calls)
[18-08-2022 15:00:10.041035] [ 92.4%] on_prepend_finalize: 3.373 ms (0.097 ms, 2000 calls)
[18-08-2022 15:00:10.041042] [ 94.5%] MD integration step: 3.450 ms (0.097 ms, 2000 calls)
[18-08-2022 15:00:10.041050] [100.0%] total simulation runtime: 7.303 s
[18-08-2022 15:00:10.139238] HALMD exit
