[22-08-2022 17:34:06.289366] HALMD (HAL’s MD package) 1.0-alpha6-patch193 [AdResS-branch commit 36e879ed8]
[22-08-2022 17:34:06.290521] variant: +GPU +GPU_SINGLE_PRECISION +GPU_DOUBLE_SINGLE_PRECISION +FORCE_DSFUN
[22-08-2022 17:34:06.290545] built with GNU 8.3.0 and NVCC 9.2 for Lua 5.1.4
[22-08-2022 17:34:06.290554] command line: halmd second_step.lua -v --input pore_result_2580.h5
[22-08-2022 17:34:06.290561] host name: merciful.imp.fu-berlin.de
[22-08-2022 17:34:06.292995] profiler timer resolution: 1 ns
[22-08-2022 17:34:06.301113] read from H5MD file: /group/ag_compstatphys/data/tbottinelli/test_obstacle/big_box/pore_result_2580.h5
[22-08-2022 17:34:06.318203] reading /particles/all/position at step 2000
[22-08-2022 17:34:06.340117] reading /particles/all/velocity at step 2000
[22-08-2022 17:34:06.359814] reading /particles/all/species at step 2000
[22-08-2022 17:34:06.361920] reading /particles/all/mass at step 2000
[22-08-2022 17:34:06.367198] reading box specification from /particles/all
[22-08-2022 17:34:06.367498] edge lengths of simulation domain: 200 30 30
[22-08-2022 17:34:06.373578] number of particles: 135056
[22-08-2022 17:34:06.373603] number of particle species: 2
[22-08-2022 17:34:06.423636] lennard_jones: potential well depths: ε = [2,2]((1,1),(1,0))
[22-08-2022 17:34:06.423695] lennard_jones: potential core width: σ = [2,2]((1,0.95),(0.95,0.9))
[22-08-2022 17:34:06.428119] potential cutoff length: r_c = [2,2]((2.5,2.5),(2.5,2.5))
[22-08-2022 17:34:06.428150] potential cutoff energy: U = [2,2]((-0.0163169,-0.0163169),(-0.0163169,-0))
[22-08-2022 17:34:06.445724] binning (all): initial cell occupancy: 0.5
[22-08-2022 17:34:06.445755] binning (all): neighbour list skin: 0.5
[22-08-2022 17:34:06.445766] binning (all): number of cells per dimension: 66 10 10
[22-08-2022 17:34:06.445776] binning (all): edge lengths of cells: 3.0303 3 3
[22-08-2022 17:34:06.445786] binning (all): number of placeholders per cell: 64
[22-08-2022 17:34:06.445794] binning (all): average cell occupancy: 0.319735
[22-08-2022 17:34:06.446851] neighbour (all ← all): neighbour list skin: 0.5
[22-08-2022 17:34:06.446876] neighbour (all ← all): number of placeholders per neighbour list: 213
[22-08-2022 17:34:06.446921] Hilbert sort (all): vertex recursion depth: 8
[22-08-2022 17:34:06.447285] Closing H5MD file pore_result_2580.h5
[22-08-2022 17:34:06.452906] integration time step: 0.002
[22-08-2022 17:34:06.453002] random (GPU): random number generator type: rand48
[22-08-2022 17:34:06.453019] random (GPU): set RNG seed: 2338579527
[22-08-2022 17:34:06.453478] verlet_nvt_boltzmann: temperature of Boltzmann distribution: 1
[22-08-2022 17:34:06.453515] verlet_nvt_boltzmann: coupling interval: 63 steps
[22-08-2022 17:34:06.453529] verlet_nvt_boltzmann: coupling rate: 7.93651 per unit time
[22-08-2022 17:34:06.457667] integration time step: 0.002
[22-08-2022 17:34:06.463699] write to H5MD file: /group/ag_compstatphys/data/tbottinelli/test_obstacle/big_box/result_out_20220822_173406
[22-08-2022 17:34:06.470287] starting simulation run over 250000 integration steps
[22-08-2022 17:34:16.002912] 21.6 min estimated remaining runtime at step 3646
[22-08-2022 17:44:38.199410] finished simulation run
[22-08-2022 17:44:38.301009] wavevector: construct dense grid of wavevectors
[22-08-2022 17:44:38.301057] wavevector: maximum wavenumber: 12.5978
[22-08-2022 17:44:38.301072] wavevector: apply filter on wavevectors: 1 0 0
[22-08-2022 17:44:38.317650] starting simulation run over 250000 integration steps
[22-08-2022 17:49:16.003144] 9.5 min estimated remaining runtime at step 331780
[22-08-2022 17:58:50.580052] finished simulation run
[22-08-2022 17:58:50.580380] [  0.0%] finishing simulation: 204.0 ns (7 ns, 2 calls)
[22-08-2022 17:58:50.580405] [  0.0%] start-up of simulation: 564 ns (87 ns, 2 calls)
[22-08-2022 17:58:50.580428] [  0.0%] compute virial: 44.26 µs (0.14 µs, 500 calls)
[22-08-2022 17:58:50.580438] [  0.0%] compute virial: 44.30 µs (0.12 µs, 500 calls)
[22-08-2022 17:58:50.580446] [  0.0%] compute virial: 44.31 µs (0.12 µs, 500 calls)
[22-08-2022 17:58:50.580456] [  0.0%] compute virial: 44.31 µs (0.1 µs, 500 calls)
[22-08-2022 17:58:50.580463] [  0.0%] compute virial: 44.33 µs (0.13 µs, 500 calls)
[22-08-2022 17:58:50.580493] [  0.0%] compute virial: 44.33 µs (0.12 µs, 500 calls)
[22-08-2022 17:58:50.580501] [  0.0%] compute virial: 44.33 µs (0.14 µs, 500 calls)
[22-08-2022 17:58:50.580521] [  0.0%] compute virial: 44.34 µs (0.13 µs, 500 calls)
[22-08-2022 17:58:50.580528] [  0.0%] compute virial: 44.35 µs (0.14 µs, 500 calls)
[22-08-2022 17:58:50.580534] [  0.0%] compute virial: 44.36 µs (0.12 µs, 500 calls)
[22-08-2022 17:58:50.580541] [  0.0%] compute virial: 44.37 µs (0.15 µs, 500 calls)
[22-08-2022 17:58:50.580547] [  0.0%] compute virial: 44.38 µs (0.14 µs, 500 calls)
[22-08-2022 17:58:50.580556] [  0.0%] compute virial: 44.38 µs (0.13 µs, 500 calls)
[22-08-2022 17:58:50.580563] [  0.0%] compute virial: 44.39 µs (0.14 µs, 500 calls)
[22-08-2022 17:58:50.580570] [  0.0%] compute virial: 44.39 µs (0.16 µs, 500 calls)
[22-08-2022 17:58:50.580576] [  0.0%] compute virial: 44.40 µs (0.15 µs, 500 calls)
[22-08-2022 17:58:50.580583] [  0.0%] compute virial: 44.40 µs (0.14 µs, 500 calls)
[22-08-2022 17:58:50.580590] [  0.0%] compute virial: 44.41 µs (0.12 µs, 500 calls)
[22-08-2022 17:58:50.580621] [  0.0%] compute virial: 44.42 µs (0.14 µs, 500 calls)
[22-08-2022 17:58:50.580640] [  0.0%] compute virial: 44.43 µs (0.12 µs, 500 calls)
[22-08-2022 17:58:50.580647] [  0.0%] compute virial: 44.47 µs (0.16 µs, 500 calls)
[22-08-2022 17:58:50.580654] [  0.0%] compute virial: 44.48 µs (0.13 µs, 500 calls)
[22-08-2022 17:58:50.580661] [  0.0%] compute virial: 44.49 µs (0.15 µs, 500 calls)
[22-08-2022 17:58:50.580668] [  0.0%] compute virial: 44.49 µs (0.19 µs, 500 calls)
[22-08-2022 17:58:50.580675] [  0.0%] compute virial: 44.51 µs (0.19 µs, 500 calls)
[22-08-2022 17:58:50.580681] [  0.0%] compute virial: 44.52 µs (0.15 µs, 500 calls)
[22-08-2022 17:58:50.580688] [  0.0%] compute virial: 44.53 µs (0.16 µs, 500 calls)
[22-08-2022 17:58:50.580717] [  0.0%] compute virial: 44.54 µs (0.16 µs, 500 calls)
[22-08-2022 17:58:50.580726] [  0.0%] compute virial: 44.54 µs (0.14 µs, 500 calls)
[22-08-2022 17:58:50.580748] [  0.0%] compute virial: 44.55 µs (0.18 µs, 500 calls)
[22-08-2022 17:58:50.580777] [  0.0%] compute virial: 44.55 µs (0.17 µs, 500 calls)
[22-08-2022 17:58:50.580785] [  0.0%] compute virial: 44.56 µs (0.16 µs, 500 calls)
[22-08-2022 17:58:50.580805] [  0.0%] compute virial: 44.56 µs (0.16 µs, 500 calls)
[22-08-2022 17:58:50.580827] [  0.0%] compute virial: 44.57 µs (0.15 µs, 500 calls)
[22-08-2022 17:58:50.580835] [  0.0%] compute virial: 44.57 µs (0.17 µs, 500 calls)
[22-08-2022 17:58:50.580843] [  0.0%] compute virial: 44.57 µs (0.15 µs, 500 calls)
[22-08-2022 17:58:50.580851] [  0.0%] compute virial: 44.59 µs (0.15 µs, 500 calls)
[22-08-2022 17:58:50.580859] [  0.0%] compute virial: 44.59 µs (0.17 µs, 500 calls)
[22-08-2022 17:58:50.580867] [  0.0%] compute virial: 44.60 µs (0.14 µs, 500 calls)
[22-08-2022 17:58:50.580875] [  0.0%] compute virial: 44.61 µs (0.17 µs, 500 calls)
[22-08-2022 17:58:50.580882] [  0.0%] compute virial: 44.62 µs (0.17 µs, 500 calls)
[22-08-2022 17:58:50.580891] [  0.0%] compute virial: 44.62 µs (0.15 µs, 500 calls)
[22-08-2022 17:58:50.580898] [  0.0%] compute virial: 44.62 µs (0.2 µs, 500 calls)
[22-08-2022 17:58:50.580906] [  0.0%] compute virial: 44.63 µs (0.15 µs, 500 calls)
[22-08-2022 17:58:50.580914] [  0.0%] compute virial: 44.63 µs (0.17 µs, 500 calls)
[22-08-2022 17:58:50.580923] [  0.0%] compute virial: 44.64 µs (0.15 µs, 500 calls)
[22-08-2022 17:58:50.580931] [  0.0%] compute virial: 44.64 µs (0.19 µs, 500 calls)
[22-08-2022 17:58:50.580939] [  0.0%] compute virial: 44.65 µs (0.2 µs, 500 calls)
[22-08-2022 17:58:50.580947] [  0.0%] compute virial: 44.65 µs (0.17 µs, 500 calls)
[22-08-2022 17:58:50.580954] [  0.0%] compute virial: 44.65 µs (0.18 µs, 500 calls)
[22-08-2022 17:58:50.580963] [  0.0%] compute virial: 44.65 µs (0.18 µs, 500 calls)
[22-08-2022 17:58:50.580972] [  0.0%] compute virial: 44.65 µs (0.15 µs, 500 calls)
[22-08-2022 17:58:50.580981] [  0.0%] compute virial: 44.67 µs (0.18 µs, 500 calls)
[22-08-2022 17:58:50.580989] [  0.0%] compute virial: 44.68 µs (0.18 µs, 500 calls)
[22-08-2022 17:58:50.580997] [  0.0%] compute virial: 44.68 µs (0.16 µs, 500 calls)
[22-08-2022 17:58:50.581005] [  0.0%] compute virial: 44.69 µs (0.17 µs, 500 calls)
[22-08-2022 17:58:50.581013] [  0.0%] compute virial: 44.70 µs (0.15 µs, 500 calls)
[22-08-2022 17:58:50.581021] [  0.0%] compute virial: 44.71 µs (0.23 µs, 500 calls)
[22-08-2022 17:58:50.581029] [  0.0%] compute virial: 44.71 µs (0.23 µs, 500 calls)
[22-08-2022 17:58:50.581037] [  0.0%] compute virial: 44.72 µs (0.2 µs, 500 calls)
[22-08-2022 17:58:50.581045] [  0.0%] compute virial: 44.72 µs (0.19 µs, 500 calls)
[22-08-2022 17:58:50.581053] [  0.0%] compute virial: 44.74 µs (0.2 µs, 500 calls)
[22-08-2022 17:58:50.581061] [  0.0%] compute virial: 44.76 µs (0.16 µs, 500 calls)
[22-08-2022 17:58:50.581070] [  0.0%] compute virial: 44.76 µs (0.17 µs, 500 calls)
[22-08-2022 17:58:50.581077] [  0.0%] compute virial: 44.77 µs (0.2 µs, 500 calls)
[22-08-2022 17:58:50.581085] [  0.0%] compute virial: 44.77 µs (0.18 µs, 500 calls)
[22-08-2022 17:58:50.581093] [  0.0%] compute virial: 44.78 µs (0.23 µs, 500 calls)
[22-08-2022 17:58:50.581101] [  0.0%] compute virial: 44.78 µs (0.28 µs, 500 calls)
[22-08-2022 17:58:50.581109] [  0.0%] compute virial: 44.79 µs (0.2 µs, 500 calls)
[22-08-2022 17:58:50.581117] [  0.0%] compute virial: 44.81 µs (0.22 µs, 500 calls)
[22-08-2022 17:58:50.581125] [  0.0%] compute virial: 44.83 µs (0.23 µs, 500 calls)
[22-08-2022 17:58:50.581133] [  0.0%] compute virial: 44.83 µs (0.2 µs, 500 calls)
[22-08-2022 17:58:50.581141] [  0.0%] compute virial: 44.83 µs (0.2 µs, 500 calls)
[22-08-2022 17:58:50.581149] [  0.0%] compute virial: 44.88 µs (0.48 µs, 500 calls)
[22-08-2022 17:58:50.581157] [  0.0%] compute virial: 44.89 µs (0.26 µs, 500 calls)
[22-08-2022 17:58:50.581165] [  0.0%] compute virial: 44.96 µs (0.32 µs, 500 calls)
[22-08-2022 17:58:50.581173] [  0.0%] compute virial: 45.03 µs (0.24 µs, 500 calls)
[22-08-2022 17:58:50.581181] [  0.0%] compute virial: 45.29 µs (0.21 µs, 500 calls)
[22-08-2022 17:58:50.581189] [  0.0%] compute virial: 45.8 µs (1.2 µs, 500 calls)
[22-08-2022 17:58:50.581197] [  0.0%] compute kinetic-energy: 46.68 µs (0.1 µs, 500 calls)
[22-08-2022 17:58:50.581205] [  0.0%] compute kinetic-energy: 46.68 µs (0.13 µs, 500 calls)
[22-08-2022 17:58:50.581214] [  0.0%] compute kinetic-energy: 46.75 µs (0.13 µs, 500 calls)
[22-08-2022 17:58:50.581222] [  0.0%] compute kinetic-energy: 46.75 µs (0.11 µs, 500 calls)
[22-08-2022 17:58:50.581230] [  0.0%] compute kinetic-energy: 46.77 µs (0.15 µs, 500 calls)
[22-08-2022 17:58:50.581238] [  0.0%] compute kinetic-energy: 46.79 µs (0.13 µs, 500 calls)
[22-08-2022 17:58:50.581246] [  0.0%] compute kinetic-energy: 46.80 µs (0.14 µs, 500 calls)
[22-08-2022 17:58:50.581254] [  0.0%] compute kinetic-energy: 46.81 µs (0.13 µs, 500 calls)
[22-08-2022 17:58:50.581262] [  0.0%] compute kinetic-energy: 46.85 µs (0.15 µs, 500 calls)
[22-08-2022 17:58:50.581270] [  0.0%] compute kinetic-energy: 46.85 µs (0.15 µs, 500 calls)
[22-08-2022 17:58:50.581278] [  0.0%] compute kinetic-energy: 46.861 µs (0.099 µs, 500 calls)
[22-08-2022 17:58:50.581287] [  0.0%] compute kinetic-energy: 46.87 µs (0.14 µs, 500 calls)
[22-08-2022 17:58:50.581295] [  0.0%] compute kinetic-energy: 46.88 µs (0.17 µs, 500 calls)
[22-08-2022 17:58:50.581303] [  0.0%] compute kinetic-energy: 46.89 µs (0.13 µs, 500 calls)
[22-08-2022 17:58:50.581311] [  0.0%] compute kinetic-energy: 46.90 µs (0.12 µs, 500 calls)
[22-08-2022 17:58:50.581319] [  0.0%] compute kinetic-energy: 46.91 µs (0.12 µs, 500 calls)
[22-08-2022 17:58:50.581327] [  0.0%] compute kinetic-energy: 46.93 µs (0.12 µs, 500 calls)
[22-08-2022 17:58:50.581335] [  0.0%] compute kinetic-energy: 46.93 µs (0.14 µs, 500 calls)
[22-08-2022 17:58:50.581347] [  0.0%] compute kinetic-energy: 46.93 µs (0.15 µs, 500 calls)
[22-08-2022 17:58:50.581356] [  0.0%] compute kinetic-energy: 46.94 µs (0.16 µs, 500 calls)
[22-08-2022 17:58:50.581364] [  0.0%] compute kinetic-energy: 46.94 µs (0.14 µs, 500 calls)
[22-08-2022 17:58:50.581372] [  0.0%] compute kinetic-energy: 46.95 µs (0.14 µs, 500 calls)
[22-08-2022 17:58:50.581380] [  0.0%] compute kinetic-energy: 46.97 µs (0.14 µs, 500 calls)
[22-08-2022 17:58:50.581388] [  0.0%] compute kinetic-energy: 46.98 µs (0.17 µs, 500 calls)
[22-08-2022 17:58:50.581396] [  0.0%] compute kinetic-energy: 46.98 µs (0.14 µs, 500 calls)
[22-08-2022 17:58:50.581404] [  0.0%] compute kinetic-energy: 46.99 µs (0.19 µs, 500 calls)
[22-08-2022 17:58:50.581412] [  0.0%] compute kinetic-energy: 46.99 µs (0.15 µs, 500 calls)
[22-08-2022 17:58:50.581420] [  0.0%] compute kinetic-energy: 47.00 µs (0.16 µs, 500 calls)
[22-08-2022 17:58:50.581428] [  0.0%] compute kinetic-energy: 47.02 µs (0.16 µs, 500 calls)
[22-08-2022 17:58:50.581436] [  0.0%] compute kinetic-energy: 47.03 µs (0.15 µs, 500 calls)
[22-08-2022 17:58:50.581444] [  0.0%] compute kinetic-energy: 47.03 µs (0.15 µs, 500 calls)
[22-08-2022 17:58:50.581452] [  0.0%] compute kinetic-energy: 47.03 µs (0.18 µs, 500 calls)
[22-08-2022 17:58:50.581461] [  0.0%] compute kinetic-energy: 47.03 µs (0.16 µs, 500 calls)
[22-08-2022 17:58:50.581469] [  0.0%] compute kinetic-energy: 47.04 µs (0.13 µs, 500 calls)
[22-08-2022 17:58:50.581477] [  0.0%] compute kinetic-energy: 47.05 µs (0.16 µs, 500 calls)
[22-08-2022 17:58:50.581485] [  0.0%] compute kinetic-energy: 47.05 µs (0.16 µs, 500 calls)
[22-08-2022 17:58:50.581493] [  0.0%] compute kinetic-energy: 47.05 µs (0.17 µs, 500 calls)
[22-08-2022 17:58:50.581501] [  0.0%] compute kinetic-energy: 47.05 µs (0.17 µs, 500 calls)
[22-08-2022 17:58:50.581509] [  0.0%] compute kinetic-energy: 47.06 µs (0.15 µs, 500 calls)
[22-08-2022 17:58:50.581517] [  0.0%] compute kinetic-energy: 47.06 µs (0.17 µs, 500 calls)
[22-08-2022 17:58:50.581525] [  0.0%] compute kinetic-energy: 47.06 µs (0.16 µs, 500 calls)
[22-08-2022 17:58:50.581533] [  0.0%] compute kinetic-energy: 47.06 µs (0.15 µs, 500 calls)
[22-08-2022 17:58:50.581541] [  0.0%] compute kinetic-energy: 47.06 µs (0.16 µs, 500 calls)
[22-08-2022 17:58:50.581549] [  0.0%] compute kinetic-energy: 47.07 µs (0.15 µs, 500 calls)
[22-08-2022 17:58:50.581557] [  0.0%] compute kinetic-energy: 47.07 µs (0.17 µs, 500 calls)
[22-08-2022 17:58:50.581565] [  0.0%] compute kinetic-energy: 47.09 µs (0.18 µs, 500 calls)
[22-08-2022 17:58:50.581573] [  0.0%] compute kinetic-energy: 47.09 µs (0.16 µs, 500 calls)
[22-08-2022 17:58:50.581581] [  0.0%] compute kinetic-energy: 47.09 µs (0.16 µs, 500 calls)
[22-08-2022 17:58:50.581589] [  0.0%] compute kinetic-energy: 47.10 µs (0.16 µs, 500 calls)
[22-08-2022 17:58:50.581597] [  0.0%] compute kinetic-energy: 47.10 µs (0.17 µs, 500 calls)
[22-08-2022 17:58:50.581605] [  0.0%] compute kinetic-energy: 47.11 µs (0.18 µs, 500 calls)
[22-08-2022 17:58:50.581613] [  0.0%] compute kinetic-energy: 47.11 µs (0.16 µs, 500 calls)
[22-08-2022 17:58:50.581621] [  0.0%] compute kinetic-energy: 47.12 µs (0.15 µs, 500 calls)
[22-08-2022 17:58:50.581629] [  0.0%] compute kinetic-energy: 47.13 µs (0.18 µs, 500 calls)
[22-08-2022 17:58:50.581636] [  0.0%] compute kinetic-energy: 47.15 µs (0.19 µs, 500 calls)
[22-08-2022 17:58:50.581645] [  0.0%] compute kinetic-energy: 47.16 µs (0.16 µs, 500 calls)
[22-08-2022 17:58:50.581653] [  0.0%] compute kinetic-energy: 47.17 µs (0.23 µs, 500 calls)
[22-08-2022 17:58:50.581661] [  0.0%] compute kinetic-energy: 47.17 µs (0.19 µs, 500 calls)
[22-08-2022 17:58:50.581669] [  0.0%] compute kinetic-energy: 47.17 µs (0.17 µs, 500 calls)
[22-08-2022 17:58:50.581677] [  0.0%] compute kinetic-energy: 47.18 µs (0.17 µs, 500 calls)
[22-08-2022 17:58:50.581685] [  0.0%] compute kinetic-energy: 47.20 µs (0.17 µs, 500 calls)
[22-08-2022 17:58:50.581693] [  0.0%] compute kinetic-energy: 47.20 µs (0.19 µs, 500 calls)
[22-08-2022 17:58:50.581702] [  0.0%] compute kinetic-energy: 47.21 µs (0.18 µs, 500 calls)
[22-08-2022 17:58:50.581710] [  0.0%] compute kinetic-energy: 47.21 µs (0.16 µs, 500 calls)
[22-08-2022 17:58:50.581718] [  0.0%] compute kinetic-energy: 47.21 µs (0.19 µs, 500 calls)
[22-08-2022 17:58:50.581726] [  0.0%] compute kinetic-energy: 47.21 µs (0.18 µs, 500 calls)
[22-08-2022 17:58:50.581734] [  0.0%] compute kinetic-energy: 47.23 µs (0.19 µs, 500 calls)
[22-08-2022 17:58:50.581742] [  0.0%] compute kinetic-energy: 47.24 µs (0.21 µs, 500 calls)
[22-08-2022 17:58:50.581750] [  0.0%] compute kinetic-energy: 47.27 µs (0.2 µs, 500 calls)
[22-08-2022 17:58:50.581759] [  0.0%] compute kinetic-energy: 47.31 µs (0.18 µs, 500 calls)
[22-08-2022 17:58:50.581767] [  0.0%] compute kinetic-energy: 47.32 µs (0.2 µs, 500 calls)
[22-08-2022 17:58:50.581775] [  0.0%] compute kinetic-energy: 47.32 µs (0.18 µs, 500 calls)
[22-08-2022 17:58:50.581783] [  0.0%] compute kinetic-energy: 47.36 µs (0.2 µs, 500 calls)
[22-08-2022 17:58:50.581791] [  0.0%] compute kinetic-energy: 47.45 µs (0.24 µs, 500 calls)
[22-08-2022 17:58:50.581799] [  0.0%] compute kinetic-energy: 47.52 µs (0.28 µs, 500 calls)
[22-08-2022 17:58:50.581808] [  0.0%] compute kinetic-energy: 47.55 µs (0.2 µs, 500 calls)
[22-08-2022 17:58:50.581816] [  0.0%] compute kinetic-energy: 47.55 µs (0.24 µs, 500 calls)
[22-08-2022 17:58:50.581824] [  0.0%] compute kinetic-energy: 47.56 µs (0.16 µs, 500 calls)
[22-08-2022 17:58:50.581832] [  0.0%] compute kinetic-energy: 48.0 µs (1.2 µs, 500 calls)
[22-08-2022 17:58:50.581840] [  0.0%] compute centre-of-mass velocity: 49.25 µs (0.12 µs, 500 calls)
[22-08-2022 17:58:50.581848] [  0.0%] compute centre-of-mass velocity: 49.29 µs (0.12 µs, 500 calls)
[22-08-2022 17:58:50.581856] [  0.0%] compute centre-of-mass velocity: 49.38 µs (0.14 µs, 500 calls)
[22-08-2022 17:58:50.581864] [  0.0%] compute centre-of-mass velocity: 49.42 µs (0.12 µs, 500 calls)
[22-08-2022 17:58:50.581871] [  0.0%] compute centre-of-mass velocity: 49.44 µs (0.15 µs, 500 calls)
[22-08-2022 17:58:50.581879] [  0.0%] compute centre-of-mass velocity: 49.44 µs (0.14 µs, 500 calls)
[22-08-2022 17:58:50.581887] [  0.0%] compute centre-of-mass velocity: 49.44 µs (0.16 µs, 500 calls)
[22-08-2022 17:58:50.581894] [  0.0%] compute centre-of-mass velocity: 49.48 µs (0.15 µs, 500 calls)
[22-08-2022 17:58:50.581903] [  0.0%] compute centre-of-mass velocity: 49.48 µs (0.11 µs, 500 calls)
[22-08-2022 17:58:50.581911] [  0.0%] compute centre-of-mass velocity: 49.48 µs (0.16 µs, 500 calls)
[22-08-2022 17:58:50.581919] [  0.0%] compute centre-of-mass velocity: 49.49 µs (0.14 µs, 500 calls)
[22-08-2022 17:58:50.581927] [  0.0%] compute centre-of-mass velocity: 49.49 µs (0.14 µs, 500 calls)
[22-08-2022 17:58:50.581934] [  0.0%] compute centre-of-mass velocity: 49.50 µs (0.15 µs, 500 calls)
[22-08-2022 17:58:50.581942] [  0.0%] compute centre-of-mass velocity: 49.50 µs (0.16 µs, 500 calls)
[22-08-2022 17:58:50.581949] [  0.0%] compute centre-of-mass velocity: 49.50 µs (0.14 µs, 500 calls)
[22-08-2022 17:58:50.581957] [  0.0%] compute centre-of-mass velocity: 49.55 µs (0.17 µs, 500 calls)
[22-08-2022 17:58:50.581965] [  0.0%] compute centre-of-mass velocity: 49.55 µs (0.16 µs, 500 calls)
[22-08-2022 17:58:50.582011] [  0.0%] compute centre-of-mass velocity: 49.56 µs (0.16 µs, 500 calls)
[22-08-2022 17:58:50.582022] [  0.0%] compute centre-of-mass velocity: 49.57 µs (0.14 µs, 500 calls)
[22-08-2022 17:58:50.582030] [  0.0%] compute centre-of-mass velocity: 49.58 µs (0.16 µs, 500 calls)
[22-08-2022 17:58:50.582038] [  0.0%] compute centre-of-mass velocity: 49.60 µs (0.18 µs, 500 calls)
[22-08-2022 17:58:50.582046] [  0.0%] compute virial: 49.62 µs (0.22 µs, 500 calls)
[22-08-2022 17:58:50.582055] [  0.0%] compute centre-of-mass velocity: 49.62 µs (0.17 µs, 500 calls)
[22-08-2022 17:58:50.582063] [  0.0%] compute centre-of-mass velocity: 49.62 µs (0.14 µs, 500 calls)
[22-08-2022 17:58:50.582072] [  0.0%] compute centre-of-mass velocity: 49.62 µs (0.18 µs, 500 calls)
[22-08-2022 17:58:50.582080] [  0.0%] compute centre-of-mass velocity: 49.64 µs (0.16 µs, 500 calls)
[22-08-2022 17:58:50.582088] [  0.0%] compute centre-of-mass velocity: 49.64 µs (0.19 µs, 500 calls)
[22-08-2022 17:58:50.582095] [  0.0%] compute centre-of-mass velocity: 49.65 µs (0.18 µs, 500 calls)
[22-08-2022 17:58:50.582103] [  0.0%] compute centre-of-mass velocity: 49.67 µs (0.15 µs, 500 calls)
[22-08-2022 17:58:50.582111] [  0.0%] compute centre-of-mass velocity: 49.68 µs (0.2 µs, 500 calls)
[22-08-2022 17:58:50.582119] [  0.0%] compute centre-of-mass velocity: 49.68 µs (0.18 µs, 500 calls)
[22-08-2022 17:58:50.582127] [  0.0%] compute centre-of-mass velocity: 49.68 µs (0.15 µs, 500 calls)
[22-08-2022 17:58:50.582134] [  0.0%] compute centre-of-mass velocity: 49.69 µs (0.19 µs, 500 calls)
[22-08-2022 17:58:50.582142] [  0.0%] compute centre-of-mass velocity: 49.69 µs (0.2 µs, 500 calls)
[22-08-2022 17:58:50.582150] [  0.0%] compute centre-of-mass velocity: 49.70 µs (0.21 µs, 500 calls)
[22-08-2022 17:58:50.582158] [  0.0%] compute centre-of-mass velocity: 49.70 µs (0.16 µs, 500 calls)
[22-08-2022 17:58:50.582166] [  0.0%] compute centre-of-mass velocity: 49.70 µs (0.17 µs, 500 calls)
[22-08-2022 17:58:50.582174] [  0.0%] compute centre-of-mass velocity: 49.71 µs (0.15 µs, 500 calls)
[22-08-2022 17:58:50.582182] [  0.0%] compute centre-of-mass velocity: 49.71 µs (0.22 µs, 500 calls)
[22-08-2022 17:58:50.582189] [  0.0%] compute centre-of-mass velocity: 49.71 µs (0.2 µs, 500 calls)
[22-08-2022 17:58:50.582197] [  0.0%] compute centre-of-mass velocity: 49.72 µs (0.14 µs, 500 calls)
[22-08-2022 17:58:50.582205] [  0.0%] compute centre-of-mass velocity: 49.72 µs (0.2 µs, 500 calls)
[22-08-2022 17:58:50.582213] [  0.0%] compute centre-of-mass velocity: 49.72 µs (0.18 µs, 500 calls)
[22-08-2022 17:58:50.582221] [  0.0%] compute centre-of-mass velocity: 49.72 µs (0.19 µs, 500 calls)
[22-08-2022 17:58:50.582228] [  0.0%] compute centre-of-mass velocity: 49.74 µs (0.17 µs, 500 calls)
[22-08-2022 17:58:50.582236] [  0.0%] compute centre-of-mass velocity: 49.74 µs (0.21 µs, 500 calls)
[22-08-2022 17:58:50.582244] [  0.0%] compute centre-of-mass velocity: 49.76 µs (0.17 µs, 500 calls)
[22-08-2022 17:58:50.582252] [  0.0%] compute centre-of-mass velocity: 49.77 µs (0.15 µs, 500 calls)
[22-08-2022 17:58:50.582260] [  0.0%] compute centre-of-mass velocity: 49.78 µs (0.18 µs, 500 calls)
[22-08-2022 17:58:50.582267] [  0.0%] compute centre-of-mass velocity: 49.78 µs (0.19 µs, 500 calls)
[22-08-2022 17:58:50.582275] [  0.0%] compute centre-of-mass velocity: 49.79 µs (0.18 µs, 500 calls)
[22-08-2022 17:58:50.582283] [  0.0%] compute centre-of-mass velocity: 49.80 µs (0.22 µs, 500 calls)
[22-08-2022 17:58:50.582291] [  0.0%] compute centre-of-mass velocity: 49.80 µs (0.18 µs, 500 calls)
[22-08-2022 17:58:50.582299] [  0.0%] compute centre-of-mass velocity: 49.81 µs (0.34 µs, 500 calls)
[22-08-2022 17:58:50.582306] [  0.0%] compute centre-of-mass velocity: 49.81 µs (0.18 µs, 500 calls)
[22-08-2022 17:58:50.582314] [  0.0%] compute centre-of-mass velocity: 49.82 µs (0.21 µs, 500 calls)
[22-08-2022 17:58:50.582322] [  0.0%] compute centre-of-mass velocity: 49.82 µs (0.21 µs, 500 calls)
[22-08-2022 17:58:50.582330] [  0.0%] compute centre-of-mass velocity: 49.82 µs (0.19 µs, 500 calls)
[22-08-2022 17:58:50.582337] [  0.0%] compute centre-of-mass velocity: 49.83 µs (0.16 µs, 500 calls)
[22-08-2022 17:58:50.582348] [  0.0%] compute centre-of-mass velocity: 49.84 µs (0.13 µs, 500 calls)
[22-08-2022 17:58:50.582357] [  0.0%] compute centre-of-mass velocity: 49.88 µs (0.21 µs, 500 calls)
[22-08-2022 17:58:50.582365] [  0.0%] compute centre-of-mass velocity: 49.89 µs (0.19 µs, 500 calls)
[22-08-2022 17:58:50.582372] [  0.0%] compute centre-of-mass velocity: 49.91 µs (0.19 µs, 500 calls)
[22-08-2022 17:58:50.582380] [  0.0%] compute centre-of-mass velocity: 49.91 µs (0.24 µs, 500 calls)
[22-08-2022 17:58:50.582389] [  0.0%] compute centre-of-mass velocity: 49.92 µs (0.22 µs, 500 calls)
[22-08-2022 17:58:50.582398] [  0.0%] compute centre-of-mass velocity: 49.93 µs (0.16 µs, 500 calls)
[22-08-2022 17:58:50.582406] [  0.0%] compute centre-of-mass velocity: 49.93 µs (0.2 µs, 500 calls)
[22-08-2022 17:58:50.582414] [  0.0%] compute centre-of-mass velocity: 49.96 µs (0.19 µs, 500 calls)
[22-08-2022 17:58:50.582422] [  0.0%] compute centre-of-mass velocity: 50.01 µs (0.2 µs, 500 calls)
[22-08-2022 17:58:50.582430] [  0.0%] compute centre-of-mass velocity: 50.02 µs (0.22 µs, 500 calls)
[22-08-2022 17:58:50.582438] [  0.0%] compute centre-of-mass velocity: 50.03 µs (0.22 µs, 500 calls)
[22-08-2022 17:58:50.582446] [  0.0%] compute centre-of-mass velocity: 50.05 µs (0.23 µs, 500 calls)
[22-08-2022 17:58:50.582453] [  0.0%] compute centre-of-mass velocity: 50.06 µs (0.19 µs, 500 calls)
[22-08-2022 17:58:50.582461] [  0.0%] compute centre-of-mass velocity: 50.14 µs (0.39 µs, 500 calls)
[22-08-2022 17:58:50.582469] [  0.0%] compute centre-of-mass velocity: 50.15 µs (0.27 µs, 500 calls)
[22-08-2022 17:58:50.582476] [  0.0%] compute centre-of-mass velocity: 50.23 µs (0.21 µs, 500 calls)
[22-08-2022 17:58:50.582484] [  0.0%] compute centre-of-mass velocity: 50.31 µs (0.27 µs, 500 calls)
[22-08-2022 17:58:50.582492] [  0.0%] compute centre-of-mass velocity: 50.37 µs (0.21 µs, 500 calls)
[22-08-2022 17:58:50.582500] [  0.0%] compute centre-of-mass velocity: 50.40 µs (0.21 µs, 500 calls)
[22-08-2022 17:58:50.582508] [  0.0%] compute centre-of-mass velocity: 50.66 µs (0.92 µs, 500 calls)
[22-08-2022 17:58:50.582516] [  0.0%] compute heat_flux: 51.46 µs (0.13 µs, 500 calls)
[22-08-2022 17:58:50.582524] [  0.0%] compute heat_flux: 51.63 µs (0.15 µs, 500 calls)
[22-08-2022 17:58:50.582532] [  0.0%] compute heat_flux: 51.67 µs (0.12 µs, 500 calls)
[22-08-2022 17:58:50.582540] [  0.0%] compute heat_flux: 51.67 µs (0.16 µs, 500 calls)
[22-08-2022 17:58:50.582548] [  0.0%] compute heat_flux: 51.68 µs (0.17 µs, 500 calls)
[22-08-2022 17:58:50.582556] [  0.0%] compute heat_flux: 51.73 µs (0.15 µs, 500 calls)
[22-08-2022 17:58:50.582564] [  0.0%] compute heat_flux: 51.75 µs (0.15 µs, 500 calls)
[22-08-2022 17:58:50.582572] [  0.0%] compute heat_flux: 51.77 µs (0.15 µs, 500 calls)
[22-08-2022 17:58:50.582580] [  0.0%] compute heat_flux: 51.77 µs (0.17 µs, 500 calls)
[22-08-2022 17:58:50.582588] [  0.0%] compute heat_flux: 51.78 µs (0.16 µs, 500 calls)
[22-08-2022 17:58:50.582595] [  0.0%] compute heat_flux: 51.78 µs (0.13 µs, 500 calls)
[22-08-2022 17:58:50.582603] [  0.0%] compute heat_flux: 51.79 µs (0.18 µs, 500 calls)
[22-08-2022 17:58:50.582611] [  0.0%] compute heat_flux: 51.79 µs (0.17 µs, 500 calls)
[22-08-2022 17:58:50.582619] [  0.0%] compute heat_flux: 51.80 µs (0.15 µs, 500 calls)
[22-08-2022 17:58:50.582627] [  0.0%] compute heat_flux: 51.81 µs (0.15 µs, 500 calls)
[22-08-2022 17:58:50.582635] [  0.0%] compute heat_flux: 51.81 µs (0.17 µs, 500 calls)
[22-08-2022 17:58:50.582643] [  0.0%] compute heat_flux: 51.82 µs (0.17 µs, 500 calls)
[22-08-2022 17:58:50.582652] [  0.0%] compute heat_flux: 51.82 µs (0.19 µs, 500 calls)
[22-08-2022 17:58:50.582660] [  0.0%] compute heat_flux: 51.82 µs (0.17 µs, 500 calls)
[22-08-2022 17:58:50.582668] [  0.0%] compute heat_flux: 51.82 µs (0.16 µs, 500 calls)
[22-08-2022 17:58:50.582676] [  0.0%] compute heat_flux: 51.83 µs (0.16 µs, 500 calls)
[22-08-2022 17:58:50.582684] [  0.0%] compute heat_flux: 51.85 µs (0.14 µs, 500 calls)
[22-08-2022 17:58:50.582692] [  0.0%] compute heat_flux: 51.85 µs (0.19 µs, 500 calls)
[22-08-2022 17:58:50.582701] [  0.0%] compute heat_flux: 51.86 µs (0.17 µs, 500 calls)
[22-08-2022 17:58:50.582709] [  0.0%] compute heat_flux: 51.86 µs (0.17 µs, 500 calls)
[22-08-2022 17:58:50.582717] [  0.0%] compute heat_flux: 51.87 µs (0.16 µs, 500 calls)
[22-08-2022 17:58:50.582725] [  0.0%] compute heat_flux: 51.87 µs (0.19 µs, 500 calls)
[22-08-2022 17:58:50.582735] [  0.0%] compute heat_flux: 51.89 µs (0.16 µs, 500 calls)
[22-08-2022 17:58:50.582743] [  0.0%] compute heat_flux: 51.91 µs (0.17 µs, 500 calls)
[22-08-2022 17:58:50.582752] [  0.0%] compute heat_flux: 51.91 µs (0.17 µs, 500 calls)
[22-08-2022 17:58:50.582760] [  0.0%] compute heat_flux: 51.92 µs (0.17 µs, 500 calls)
[22-08-2022 17:58:50.582768] [  0.0%] compute heat_flux: 51.92 µs (0.19 µs, 500 calls)
[22-08-2022 17:58:50.582776] [  0.0%] compute heat_flux: 51.94 µs (0.18 µs, 500 calls)
[22-08-2022 17:58:50.582784] [  0.0%] compute heat_flux: 51.96 µs (0.21 µs, 500 calls)
[22-08-2022 17:58:50.582793] [  0.0%] compute heat_flux: 51.96 µs (0.18 µs, 500 calls)
[22-08-2022 17:58:50.582801] [  0.0%] compute heat_flux: 51.96 µs (0.19 µs, 500 calls)
[22-08-2022 17:58:50.582809] [  0.0%] compute heat_flux: 51.97 µs (0.16 µs, 500 calls)
[22-08-2022 17:58:50.582817] [  0.0%] compute heat_flux: 51.99 µs (0.19 µs, 500 calls)
[22-08-2022 17:58:50.582825] [  0.0%] compute heat_flux: 52.01 µs (0.18 µs, 500 calls)
[22-08-2022 17:58:50.582834] [  0.0%] compute heat_flux: 52.01 µs (0.16 µs, 500 calls)
[22-08-2022 17:58:50.582842] [  0.0%] compute heat_flux: 52.01 µs (0.22 µs, 500 calls)
[22-08-2022 17:58:50.582850] [  0.0%] compute heat_flux: 52.02 µs (0.16 µs, 500 calls)
[22-08-2022 17:58:50.582858] [  0.0%] compute heat_flux: 52.03 µs (0.29 µs, 500 calls)
[22-08-2022 17:58:50.582866] [  0.0%] compute heat_flux: 52.03 µs (0.15 µs, 500 calls)
[22-08-2022 17:58:50.582874] [  0.0%] compute heat_flux: 52.03 µs (0.17 µs, 500 calls)
[22-08-2022 17:58:50.582882] [  0.0%] compute heat_flux: 52.04 µs (0.24 µs, 500 calls)
[22-08-2022 17:58:50.582890] [  0.0%] compute heat_flux: 52.04 µs (0.21 µs, 500 calls)
[22-08-2022 17:58:50.582899] [  0.0%] compute heat_flux: 52.04 µs (0.21 µs, 500 calls)
[22-08-2022 17:58:50.582907] [  0.0%] compute heat_flux: 52.04 µs (0.19 µs, 500 calls)
[22-08-2022 17:58:50.582915] [  0.0%] compute heat_flux: 52.05 µs (0.18 µs, 500 calls)
[22-08-2022 17:58:50.582923] [  0.0%] compute heat_flux: 52.05 µs (0.21 µs, 500 calls)
[22-08-2022 17:58:50.582931] [  0.0%] compute heat_flux: 52.05 µs (0.27 µs, 500 calls)
[22-08-2022 17:58:50.582940] [  0.0%] compute heat_flux: 52.06 µs (0.22 µs, 500 calls)
[22-08-2022 17:58:50.582948] [  0.0%] compute heat_flux: 52.06 µs (0.18 µs, 500 calls)
[22-08-2022 17:58:50.582956] [  0.0%] compute heat_flux: 52.08 µs (0.22 µs, 500 calls)
[22-08-2022 17:58:50.582964] [  0.0%] compute heat_flux: 52.09 µs (0.21 µs, 500 calls)
[22-08-2022 17:58:50.582972] [  0.0%] compute heat_flux: 52.10 µs (0.22 µs, 500 calls)
[22-08-2022 17:58:50.582980] [  0.0%] compute heat_flux: 52.11 µs (0.21 µs, 500 calls)
[22-08-2022 17:58:50.582988] [  0.0%] compute heat_flux: 52.14 µs (0.21 µs, 500 calls)
[22-08-2022 17:58:50.582997] [  0.0%] compute heat_flux: 52.14 µs (0.18 µs, 500 calls)
[22-08-2022 17:58:50.583005] [  0.0%] compute heat_flux: 52.17 µs (0.21 µs, 500 calls)
[22-08-2022 17:58:50.583013] [  0.0%] compute heat_flux: 52.19 µs (0.29 µs, 500 calls)
[22-08-2022 17:58:50.583021] [  0.0%] compute heat_flux: 52.19 µs (0.18 µs, 500 calls)
[22-08-2022 17:58:50.583029] [  0.0%] compute heat_flux: 52.20 µs (0.39 µs, 500 calls)
[22-08-2022 17:58:50.583038] [  0.0%] compute heat_flux: 52.24 µs (0.2 µs, 500 calls)
[22-08-2022 17:58:50.583046] [  0.0%] compute heat_flux: 52.24 µs (0.2 µs, 500 calls)
[22-08-2022 17:58:50.583054] [  0.0%] compute heat_flux: 52.24 µs (0.23 µs, 500 calls)
[22-08-2022 17:58:50.583062] [  0.0%] compute heat_flux: 52.29 µs (0.19 µs, 500 calls)
[22-08-2022 17:58:50.583070] [  0.0%] compute heat_flux: 52.31 µs (0.27 µs, 500 calls)
[22-08-2022 17:58:50.583079] [  0.0%] compute heat_flux: 52.31 µs (0.45 µs, 500 calls)
[22-08-2022 17:58:50.583087] [  0.0%] compute heat_flux: 52.42 µs (0.23 µs, 500 calls)
[22-08-2022 17:58:50.583095] [  0.0%] compute heat_flux: 52.45 µs (0.44 µs, 500 calls)
[22-08-2022 17:58:50.583104] [  0.0%] compute heat_flux: 52.46 µs (0.24 µs, 500 calls)
[22-08-2022 17:58:50.583112] [  0.0%] compute heat_flux: 52.46 µs (0.33 µs, 500 calls)
[22-08-2022 17:58:50.583122] [  0.0%] compute heat_flux: 52.47 µs (0.24 µs, 500 calls)
[22-08-2022 17:58:50.583131] [  0.0%] compute heat_flux: 52.64 µs (0.93 µs, 500 calls)
[22-08-2022 17:58:50.583140] [  0.0%] compute heat_flux: 52.67 µs (0.24 µs, 500 calls)
[22-08-2022 17:58:50.583148] [  0.0%] compute centre-of-mass velocity: 52.74 µs (0.18 µs, 500 calls)
[22-08-2022 17:58:50.583156] [  0.0%] compute heat_flux: 52.88 µs (0.21 µs, 500 calls)
[22-08-2022 17:58:50.583165] [  0.0%] compute heat_flux: 52.91 µs (0.89 µs, 500 calls)
[22-08-2022 17:58:50.583173] [  0.0%] compute kinetic-energy: 55.44 µs (0.32 µs, 500 calls)
[22-08-2022 17:58:50.583181] [  0.0%] compute heat_flux: 55.81 µs (0.25 µs, 500 calls)
[22-08-2022 17:58:50.583189] [  0.0%] update selection of a group of particles in a region: 63.27 µs (0.19 µs, 500 calls)
[22-08-2022 17:58:50.583198] [  0.0%] update selection of a group of particles in a region: 63.34 µs (0.19 µs, 500 calls)
[22-08-2022 17:58:50.583206] [  0.0%] update selection of a group of particles in a region: 63.37 µs (0.19 µs, 500 calls)
[22-08-2022 17:58:50.583215] [  0.0%] update selection of a group of particles in a region: 63.39 µs (0.19 µs, 500 calls)
[22-08-2022 17:58:50.583223] [  0.0%] update selection of a group of particles in a region: 63.68 µs (0.2 µs, 500 calls)
[22-08-2022 17:58:50.583231] [  0.0%] update selection of a group of particles in a region: 63.70 µs (0.21 µs, 500 calls)
[22-08-2022 17:58:50.583239] [  0.0%] update selection of a group of particles in a region: 63.82 µs (0.18 µs, 500 calls)
[22-08-2022 17:58:50.583247] [  0.0%] update selection of a group of particles in a region: 63.89 µs (0.2 µs, 500 calls)
[22-08-2022 17:58:50.583256] [  0.0%] update selection of a group of particles in a region: 63.93 µs (0.2 µs, 500 calls)
[22-08-2022 17:58:50.583264] [  0.0%] update selection of a group of particles in a region: 63.95 µs (0.25 µs, 500 calls)
[22-08-2022 17:58:50.583272] [  0.0%] update selection of a group of particles in a region: 64.01 µs (0.24 µs, 500 calls)
[22-08-2022 17:58:50.583280] [  0.0%] update selection of a group of particles in a region: 64.04 µs (0.2 µs, 500 calls)
[22-08-2022 17:58:50.583287] [  0.0%] update selection of a group of particles in a region: 64.07 µs (0.23 µs, 500 calls)
[22-08-2022 17:58:50.583296] [  0.0%] update selection of a group of particles in a region: 64.08 µs (0.2 µs, 500 calls)
[22-08-2022 17:58:50.583304] [  0.0%] update selection of a group of particles in a region: 64.08 µs (0.2 µs, 500 calls)
[22-08-2022 17:58:50.583311] [  0.0%] update selection of a group of particles in a region: 64.09 µs (0.22 µs, 500 calls)
[22-08-2022 17:58:50.583319] [  0.0%] update selection of a group of particles in a region: 64.09 µs (0.22 µs, 500 calls)
[22-08-2022 17:58:50.583328] [  0.0%] update selection of a group of particles in a region: 64.14 µs (0.2 µs, 500 calls)
[22-08-2022 17:58:50.583336] [  0.0%] update selection of a group of particles in a region: 64.16 µs (0.2 µs, 500 calls)
[22-08-2022 17:58:50.583344] [  0.0%] update selection of a group of particles in a region: 64.17 µs (0.26 µs, 500 calls)
[22-08-2022 17:58:50.583353] [  0.0%] update selection of a group of particles in a region: 64.17 µs (0.18 µs, 500 calls)
[22-08-2022 17:58:50.583360] [  0.0%] update selection of a group of particles in a region: 64.19 µs (0.19 µs, 500 calls)
[22-08-2022 17:58:50.583368] [  0.0%] update selection of a group of particles in a region: 64.19 µs (0.18 µs, 500 calls)
[22-08-2022 17:58:50.583376] [  0.0%] update selection of a group of particles in a region: 64.21 µs (0.22 µs, 500 calls)
[22-08-2022 17:58:50.583383] [  0.0%] update selection of a group of particles in a region: 64.22 µs (0.2 µs, 500 calls)
[22-08-2022 17:58:50.583392] [  0.0%] update selection of a group of particles in a region: 64.23 µs (0.19 µs, 500 calls)
[22-08-2022 17:58:50.583400] [  0.0%] update selection of a group of particles in a region: 64.23 µs (0.2 µs, 500 calls)
[22-08-2022 17:58:50.583409] [  0.0%] update selection of a group of particles in a region: 64.25 µs (0.24 µs, 500 calls)
[22-08-2022 17:58:50.583417] [  0.0%] update selection of a group of particles in a region: 64.26 µs (0.21 µs, 500 calls)
[22-08-2022 17:58:50.583426] [  0.0%] update selection of a group of particles in a region: 64.28 µs (0.21 µs, 500 calls)
[22-08-2022 17:58:50.583434] [  0.0%] update selection of a group of particles in a region: 64.29 µs (0.18 µs, 500 calls)
[22-08-2022 17:58:50.583441] [  0.0%] update selection of a group of particles in a region: 64.32 µs (0.21 µs, 500 calls)
[22-08-2022 17:58:50.583449] [  0.0%] update selection of a group of particles in a region: 64.33 µs (0.21 µs, 500 calls)
[22-08-2022 17:58:50.583456] [  0.0%] update selection of a group of particles in a region: 64.34 µs (0.22 µs, 500 calls)
[22-08-2022 17:58:50.583465] [  0.0%] update selection of a group of particles in a region: 64.35 µs (0.21 µs, 500 calls)
[22-08-2022 17:58:50.583473] [  0.0%] update selection of a group of particles in a region: 64.35 µs (0.24 µs, 500 calls)
[22-08-2022 17:58:50.583481] [  0.0%] update selection of a group of particles in a region: 64.37 µs (0.2 µs, 500 calls)
[22-08-2022 17:58:50.583489] [  0.0%] update selection of a group of particles in a region: 64.38 µs (0.22 µs, 500 calls)
[22-08-2022 17:58:50.583497] [  0.0%] update selection of a group of particles in a region: 64.40 µs (0.23 µs, 500 calls)
[22-08-2022 17:58:50.583506] [  0.0%] update selection of a group of particles in a region: 64.40 µs (0.22 µs, 500 calls)
[22-08-2022 17:58:50.583514] [  0.0%] update selection of a group of particles in a region: 64.42 µs (0.22 µs, 500 calls)
[22-08-2022 17:58:50.583521] [  0.0%] update selection of a group of particles in a region: 64.44 µs (0.22 µs, 500 calls)
[22-08-2022 17:58:50.583529] [  0.0%] update selection of a group of particles in a region: 64.44 µs (0.2 µs, 500 calls)
[22-08-2022 17:58:50.583537] [  0.0%] update selection of a group of particles in a region: 64.44 µs (0.2 µs, 500 calls)
[22-08-2022 17:58:50.583545] [  0.0%] update selection of a group of particles in a region: 64.45 µs (0.22 µs, 500 calls)
[22-08-2022 17:58:50.583553] [  0.0%] update selection of a group of particles in a region: 64.46 µs (0.19 µs, 500 calls)
[22-08-2022 17:58:50.583560] [  0.0%] update selection of a group of particles in a region: 64.48 µs (0.19 µs, 500 calls)
[22-08-2022 17:58:50.583569] [  0.0%] update selection of a group of particles in a region: 64.49 µs (0.26 µs, 500 calls)
[22-08-2022 17:58:50.583577] [  0.0%] update selection of a group of particles in a region: 64.52 µs (0.19 µs, 500 calls)
[22-08-2022 17:58:50.583585] [  0.0%] update selection of a group of particles in a region: 64.55 µs (0.24 µs, 500 calls)
[22-08-2022 17:58:50.583594] [  0.0%] update selection of a group of particles in a region: 64.55 µs (0.24 µs, 500 calls)
[22-08-2022 17:58:50.583602] [  0.0%] update selection of a group of particles in a region: 64.56 µs (0.19 µs, 500 calls)
[22-08-2022 17:58:50.583609] [  0.0%] update selection of a group of particles in a region: 64.57 µs (0.21 µs, 500 calls)
[22-08-2022 17:58:50.583617] [  0.0%] update selection of a group of particles in a region: 64.62 µs (0.22 µs, 500 calls)
[22-08-2022 17:58:50.583625] [  0.0%] update selection of a group of particles in a region: 64.63 µs (0.23 µs, 500 calls)
[22-08-2022 17:58:50.583633] [  0.0%] update selection of a group of particles in a region: 64.63 µs (0.22 µs, 500 calls)
[22-08-2022 17:58:50.583642] [  0.0%] update selection of a group of particles in a region: 64.63 µs (0.22 µs, 500 calls)
[22-08-2022 17:58:50.583650] [  0.0%] update selection of a group of particles in a region: 64.63 µs (0.2 µs, 500 calls)
[22-08-2022 17:58:50.583658] [  0.0%] update selection of a group of particles in a region: 64.68 µs (0.28 µs, 500 calls)
[22-08-2022 17:58:50.583666] [  0.0%] update selection of a group of particles in a region: 64.68 µs (0.24 µs, 500 calls)
[22-08-2022 17:58:50.583676] [  0.0%] update selection of a group of particles in a region: 64.76 µs (0.23 µs, 500 calls)
[22-08-2022 17:58:50.583684] [  0.0%] update selection of a group of particles in a region: 64.77 µs (0.21 µs, 500 calls)
[22-08-2022 17:58:50.583692] [  0.0%] update selection of a group of particles in a region: 64.77 µs (0.21 µs, 500 calls)
[22-08-2022 17:58:50.583700] [  0.0%] update selection of a group of particles in a region: 64.78 µs (0.22 µs, 500 calls)
[22-08-2022 17:58:50.583709] [  0.0%] update selection of a group of particles in a region: 64.79 µs (0.28 µs, 500 calls)
[22-08-2022 17:58:50.583716] [  0.0%] update selection of a group of particles in a region: 64.80 µs (0.23 µs, 500 calls)
[22-08-2022 17:58:50.583725] [  0.0%] update selection of a group of particles in a region: 64.81 µs (0.22 µs, 500 calls)
[22-08-2022 17:58:50.583733] [  0.0%] update selection of a group of particles in a region: 64.82 µs (0.22 µs, 500 calls)
[22-08-2022 17:58:50.583741] [  0.0%] update selection of a group of particles in a region: 64.83 µs (0.22 µs, 500 calls)
[22-08-2022 17:58:50.583749] [  0.0%] update selection of a group of particles in a region: 64.86 µs (0.3 µs, 500 calls)
[22-08-2022 17:58:50.593204] [  0.0%] update selection of a group of particles in a region: 64.89 µs (0.28 µs, 500 calls)
[22-08-2022 17:58:50.593221] [  0.0%] update selection of a group of particles in a region: 64.94 µs (0.23 µs, 500 calls)
[22-08-2022 17:58:50.593229] [  0.0%] update selection of a group of particles in a region: 64.98 µs (0.23 µs, 500 calls)
[22-08-2022 17:58:50.593236] [  0.0%] update selection of a group of particles in a region: 65.01 µs (0.21 µs, 500 calls)
[22-08-2022 17:58:50.593243] [  0.0%] update selection of a group of particles in a region: 65.12 µs (0.25 µs, 500 calls)
[22-08-2022 17:58:50.593250] [  0.0%] update selection of a group of particles in a region: 65.16 µs (0.32 µs, 500 calls)
[22-08-2022 17:58:50.593257] [  0.0%] update selection of a group of particles in a region: 65.21 µs (0.2 µs, 500 calls)
[22-08-2022 17:58:50.593276] [  0.0%] update selection of a group of particles in a region: 65.34 µs (0.28 µs, 500 calls)
[22-08-2022 17:58:50.593295] [  0.0%] update selection of a group of particles in a region: 65.5 µs (1.1 µs, 500 calls)
[22-08-2022 17:58:50.593302] [  0.0%] on_append_finalize: 92.18 ns (0.24 ns, 500000 calls)
[22-08-2022 17:58:50.593309] [  0.0%] on_append_integrate: 104.05 ns (0.22 ns, 500000 calls)
[22-08-2022 17:58:50.593316] [  0.0%] update selection of a group of particles in a region: 104.98 µs (0.5 µs, 500 calls)
[22-08-2022 17:58:50.593324] [  0.0%] compute virial: 55.58 µs (0.17 µs, 1000 calls)
[22-08-2022 17:58:50.593331] [  0.0%] compute centre-of-mass velocity: 60.30 µs (0.19 µs, 1000 calls)
[22-08-2022 17:58:50.593339] [  0.0%] compute kinetic-energy: 61.64 µs (0.17 µs, 1000 calls)
[22-08-2022 17:58:50.593347] [  0.0%] map particles to Hilbert curve (all): 10.463 µs (0.014 µs, 18364 calls)
[22-08-2022 17:58:50.593356] [  0.0%] zero maximum displacement (all): 6.134 µs (0.01 µs, 36728 calls)
[22-08-2022 17:58:50.593364] [  0.0%] preparation for integration step: 762.2 ns (2.8 ns, 500000 calls)
[22-08-2022 17:58:50.593372] [  0.1%] Boltzmann distribution: 139.87 µs (0.13 µs, 7936 calls)
[22-08-2022 17:58:50.593380] [  0.1%] on_prepend_integrate: 2.475 µs (0.052 µs, 500000 calls)
[22-08-2022 17:58:50.593387] [  0.1%] computation of smooth_r4 Lennard-Jones potential and auxiliary variables: 1.6742 ms (0.0011 ms, 1001 calls)
[22-08-2022 17:58:50.593395] [  0.4%] second half-step of velocity-Verlet: 13.4893 µs (0.0071 µs, 492064 calls)
[22-08-2022 17:58:50.593402] [  0.5%] first half-step of velocity-Verlet: 14.9243 µs (0.0068 µs, 500000 calls)
[22-08-2022 17:58:50.593409] [  0.5%] computation of density modes for allfluid particles: 16.211 ms (0.022 ms, 500 calls)
[22-08-2022 17:58:50.593417] [  1.7%] compute maximum displacement (all): 51.0247 µs (0.0084 µs, 500000 calls)
[22-08-2022 17:58:50.593428] [  2.0%] second half-step of velocity-Verlet: 60.2221 µs (0.0072 µs, 500000 calls)
[22-08-2022 17:58:50.593437] [  2.4%] update selection of a group of particles in a region: 71.515 µs (0.01 µs, 500001 calls)
[22-08-2022 17:58:50.593445] [  2.4%] update selection of a group of particles in a region: 71.980 µs (0.013 µs, 500001 calls)
[22-08-2022 17:58:50.593453] [  2.4%] computation of density modes for allfluid particles: 72.538 ms (0.035 ms, 500 calls)
[22-08-2022 17:58:50.593461] [  2.4%] computation of kinetic energy density modes for allfluid particles: 72.547 ms (0.039 ms, 500 calls)
[22-08-2022 17:58:50.593469] [  2.7%] on_finalize: 78.978 µs (0.028 µs, 500000 calls)
[22-08-2022 17:58:50.593477] [  3.3%] first half-step of velocity-Verlet: 98.2653 µs (0.0082 µs, 500000 calls)
[22-08-2022 17:58:50.593485] [  3.5%] cell lists update (all): 2.86137 ms (0.0007 ms, 18364 calls)
[22-08-2022 17:58:50.593493] [  3.9%] on_integrate: 114.938 µs (0.013 µs, 500000 calls)
[22-08-2022 17:58:50.593501] [  5.2%] rearrange particles by permutation (all): 4.23108 ms (0.00087 ms, 18364 calls)
[22-08-2022 17:58:50.593508] [  9.3%] order particles along Hilbert curve (all): 7.5162 ms (0.0019 ms, 18364 calls)
[22-08-2022 17:58:50.593515] [ 10.3%] update of neighbour lists (all ← all): 8.30562 ms (0.00076 ms, 18364 calls)
[22-08-2022 17:58:50.593522] [ 15.7%] evaluation of observables: 465 µs (21 µs, 500000 calls)
[22-08-2022 17:58:50.593530] [ 47.2%] computation of smooth_r4 Lennard-Jones potential: 1.402625 ms (3.1e-05 ms, 499000 calls)
[22-08-2022 17:58:50.593539] [ 77.7%] on_prepend_finalize: 2.3051 ms (0.005 ms, 500000 calls)
[22-08-2022 17:58:50.593547] [ 84.3%] MD integration step: 2.5021 ms (0.005 ms, 500000 calls)
[22-08-2022 17:58:50.593554] [100.0%] total simulation runtime: 12.4 min (1.8 min, 2 calls)
[22-08-2022 17:58:50.649694] HALMD exit
