[02-09-2022 17:39:51.420628] HALMD (HAL’s MD package) 1.0-alpha6-patch193 [AdResS-branch commit 36e879ed8]
[02-09-2022 17:39:51.422012] variant: +GPU +GPU_SINGLE_PRECISION +GPU_DOUBLE_SINGLE_PRECISION +FORCE_DSFUN
[02-09-2022 17:39:51.422054] built with GNU 8.3.0 and NVCC 9.2 for Lua 5.1.4
[02-09-2022 17:39:51.422088] command line: halmd second_step25.lua -v --input pore_result.h5
[02-09-2022 17:39:51.422120] host name: bountiful.imp.fu-berlin.de
[02-09-2022 17:39:51.425189] profiler timer resolution: 1 ns
[02-09-2022 17:39:51.429568] read from H5MD file: /group/ag_compstatphys/data/tbottinelli/big_box/pore_result.h5
[02-09-2022 17:39:51.449363] reading /particles/all/position at step 2000
[02-09-2022 17:39:51.481009] reading /particles/all/velocity at step 2000
[02-09-2022 17:39:51.504075] reading /particles/all/species at step 2000
[02-09-2022 17:39:51.506712] reading /particles/all/mass at step 2000
[02-09-2022 17:39:51.512980] reading box specification from /particles/all
[02-09-2022 17:39:51.513293] edge lengths of simulation domain: 200 30 30
[02-09-2022 17:39:51.517709] number of particles: 165056
[02-09-2022 17:39:51.517730] number of particle species: 2
[02-09-2022 17:39:51.567320] lennard_jones: potential well depths: ε = [2,2]((1,1),(1,0))
[02-09-2022 17:39:51.567394] lennard_jones: potential core width: σ = [2,2]((1,0.95),(0.95,0.9))
[02-09-2022 17:39:51.572220] potential cutoff length: r_c = [2,2]((2.5,2.5),(2.5,2.5))
[02-09-2022 17:39:51.572260] potential cutoff energy: U = [2,2]((-0.0163169,-0.0163169),(-0.0163169,-0))
[02-09-2022 17:39:51.591129] binning (all): initial cell occupancy: 0.5
[02-09-2022 17:39:51.591169] binning (all): neighbour list skin: 0.5
[02-09-2022 17:39:51.591183] binning (all): number of cells per dimension: 66 10 10
[02-09-2022 17:39:51.591205] binning (all): edge lengths of cells: 3.0303 3 3
[02-09-2022 17:39:51.591237] binning (all): number of placeholders per cell: 64
[02-09-2022 17:39:51.591260] binning (all): average cell occupancy: 0.390758
[02-09-2022 17:39:51.592636] neighbour (all ← all): neighbour list skin: 0.5
[02-09-2022 17:39:51.592673] neighbour (all ← all): number of placeholders per neighbour list: 260
[02-09-2022 17:39:51.592752] Hilbert sort (all): vertex recursion depth: 8
[02-09-2022 17:39:51.593273] Closing H5MD file pore_result.h5
[02-09-2022 17:39:51.598941] integration time step: 0.002
[02-09-2022 17:39:51.599035] random (GPU): random number generator type: rand48
[02-09-2022 17:39:51.599085] random (GPU): set RNG seed: 2622381016
[02-09-2022 17:39:51.599658] verlet_nvt_boltzmann: temperature of Boltzmann distribution: 1
[02-09-2022 17:39:51.599717] verlet_nvt_boltzmann: coupling interval: 63 steps
[02-09-2022 17:39:51.599755] verlet_nvt_boltzmann: coupling rate: 7.93651 per unit time
[02-09-2022 17:39:51.602486] integration time step: 0.002
[02-09-2022 17:39:51.609755] write to H5MD file: /group/ag_compstatphys/data/tbottinelli/big_box/result_out_20220902_173951
[02-09-2022 17:39:51.617352] starting simulation run over 8000000 integration steps
[02-09-2022 17:40:01.005758] 7.8 h estimated remaining runtime at step 5335
[02-09-2022 17:55:01.005924] 6.9 h estimated remaining runtime at step 558562
[02-09-2022 18:10:01.001261] 6.7 h estimated remaining runtime at step 1114102
[02-09-2022 18:25:01.001517] 6.4 h estimated remaining runtime at step 1669682
[02-09-2022 18:40:01.001333] 6.2 h estimated remaining runtime at step 2224877
[02-09-2022 18:55:01.007679] 6.0 h estimated remaining runtime at step 2780252
[02-09-2022 19:10:01.005359] 5.7 h estimated remaining runtime at step 3335537
[02-09-2022 19:25:01.005475] 5.5 h estimated remaining runtime at step 3890770
[02-09-2022 19:40:01.003334] 5.2 h estimated remaining runtime at step 4445661
[02-09-2022 19:55:01.001450] 5.0 h estimated remaining runtime at step 5000838
[02-09-2022 20:10:01.002815] 4.7 h estimated remaining runtime at step 5555644
[02-09-2022 20:25:01.001231] 4.5 h estimated remaining runtime at step 6110343
[02-09-2022 20:40:01.005733] 4.2 h estimated remaining runtime at step 6665063
[02-09-2022 20:55:01.005646] 4.0 h estimated remaining runtime at step 7219913
[02-09-2022 21:10:01.005715] 3.7 h estimated remaining runtime at step 7774535
[02-09-2022 21:16:06.560392] finished simulation run
[02-09-2022 21:16:06.677690] wavevector: construct dense grid of wavevectors
[02-09-2022 21:16:06.677732] wavevector: maximum wavenumber: 12.5978
[02-09-2022 21:16:06.677746] wavevector: apply filter on wavevectors: 1 0 0
[02-09-2022 21:16:06.744546] starting simulation run over 8000000 integration steps
[02-09-2022 21:25:01.140491] 5.3 h estimated remaining runtime at step 8219501
[02-09-2022 21:40:01.238867] 5.0 h estimated remaining runtime at step 8590001
[02-09-2022 21:55:01.006006] 4.7 h estimated remaining runtime at step 8959829
[02-09-2022 22:10:01.005438] 4.5 h estimated remaining runtime at step 9328210
[02-09-2022 22:25:01.097854] 4.3 h estimated remaining runtime at step 9698501
[02-09-2022 22:40:01.005504] 4.0 h estimated remaining runtime at step 10069162
[02-09-2022 22:55:01.371951] 3.8 h estimated remaining runtime at step 10439001
[02-09-2022 23:10:01.277697] 3.6 h estimated remaining runtime at step 10804501
[02-09-2022 23:25:01.005247] 3.3 h estimated remaining runtime at step 11171818
[02-09-2022 23:40:01.005592] 3.0 h estimated remaining runtime at step 11538446
[02-09-2022 23:55:01.006701] 2.8 h estimated remaining runtime at step 11904564
[03-09-2022 00:10:01.005801] 2.5 h estimated remaining runtime at step 12271747
[03-09-2022 00:25:01.006090] 2.3 h estimated remaining runtime at step 12637224
[03-09-2022 00:40:01.119399] 2.0 h estimated remaining runtime at step 13003501
[03-09-2022 00:55:01.001711] 1.8 h estimated remaining runtime at step 13369851
[03-09-2022 01:10:01.002184] 1.5 h estimated remaining runtime at step 13736368
[03-09-2022 01:25:01.001455] 1.3 h estimated remaining runtime at step 14102410
[03-09-2022 01:40:01.399902] 1.1 h estimated remaining runtime at step 14468501
[03-09-2022 01:55:01.493962] 1.0 h estimated remaining runtime at step 14775001
[03-09-2022 02:10:01.227276] 41.7 min estimated remaining runtime at step 15131001
[03-09-2022 02:25:01.137876] 22.3 min estimated remaining runtime at step 15457501
[03-09-2022 02:40:01.001703] 9.5 min estimated remaining runtime at step 15805887
[03-09-2022 02:49:18.179160] finished simulation run
[03-09-2022 02:49:18.242581] [  0.0%] finishing simulation: 293 ns (117 ns, 2 calls)
[03-09-2022 02:49:18.243460] [  0.0%] start-up of simulation: 765 ns (23 ns, 2 calls)
[03-09-2022 02:49:18.243489] [  0.0%] compute kinetic-energy: 34.520 µs (0.055 µs, 16000 calls)
[03-09-2022 02:49:18.243510] [  0.0%] compute kinetic-energy: 34.546 µs (0.054 µs, 16000 calls)
[03-09-2022 02:49:18.243529] [  0.0%] compute kinetic-energy: 34.649 µs (0.052 µs, 16000 calls)
[03-09-2022 02:49:18.243546] [  0.0%] compute kinetic-energy: 34.657 µs (0.053 µs, 16000 calls)
[03-09-2022 02:49:18.243561] [  0.0%] compute kinetic-energy: 34.660 µs (0.054 µs, 16000 calls)
[03-09-2022 02:49:18.243579] [  0.0%] compute kinetic-energy: 34.663 µs (0.053 µs, 16000 calls)
[03-09-2022 02:49:18.243596] [  0.0%] compute kinetic-energy: 34.677 µs (0.052 µs, 16000 calls)
[03-09-2022 02:49:18.243612] [  0.0%] compute kinetic-energy: 34.685 µs (0.055 µs, 16000 calls)
[03-09-2022 02:49:18.243629] [  0.0%] compute kinetic-energy: 34.688 µs (0.053 µs, 16000 calls)
[03-09-2022 02:49:18.243646] [  0.0%] compute kinetic-energy: 34.697 µs (0.054 µs, 16000 calls)
[03-09-2022 02:49:18.243663] [  0.0%] compute kinetic-energy: 34.715 µs (0.054 µs, 16000 calls)
[03-09-2022 02:49:18.243679] [  0.0%] compute kinetic-energy: 34.775 µs (0.057 µs, 16000 calls)
[03-09-2022 02:49:18.243693] [  0.0%] compute kinetic-energy: 34.802 µs (0.054 µs, 16000 calls)
[03-09-2022 02:49:18.243712] [  0.0%] compute kinetic-energy: 34.806 µs (0.053 µs, 16000 calls)
[03-09-2022 02:49:18.243727] [  0.0%] compute kinetic-energy: 34.841 µs (0.053 µs, 16000 calls)
[03-09-2022 02:49:18.243742] [  0.0%] compute kinetic-energy: 34.890 µs (0.052 µs, 16000 calls)
[03-09-2022 02:49:18.243758] [  0.0%] compute kinetic-energy: 34.890 µs (0.053 µs, 16000 calls)
[03-09-2022 02:49:18.243781] [  0.0%] compute kinetic-energy: 34.91 µs (0.26 µs, 16000 calls)
[03-09-2022 02:49:18.243802] [  0.0%] compute kinetic-energy: 34.916 µs (0.053 µs, 16000 calls)
[03-09-2022 02:49:18.243819] [  0.0%] compute kinetic-energy: 34.927 µs (0.053 µs, 16000 calls)
[03-09-2022 02:49:18.243835] [  0.0%] compute kinetic-energy: 34.946 µs (0.053 µs, 16000 calls)
[03-09-2022 02:49:18.243851] [  0.0%] compute kinetic-energy: 34.947 µs (0.053 µs, 16000 calls)
[03-09-2022 02:49:18.243866] [  0.0%] compute kinetic-energy: 34.977 µs (0.052 µs, 16000 calls)
[03-09-2022 02:49:18.243882] [  0.0%] compute kinetic-energy: 34.985 µs (0.053 µs, 16000 calls)
[03-09-2022 02:49:18.243899] [  0.0%] compute kinetic-energy: 34.997 µs (0.053 µs, 16000 calls)
[03-09-2022 02:49:18.243916] [  0.0%] compute kinetic-energy: 35.018 µs (0.055 µs, 16000 calls)
[03-09-2022 02:49:18.243933] [  0.0%] compute kinetic-energy: 35.019 µs (0.053 µs, 16000 calls)
[03-09-2022 02:49:18.243949] [  0.0%] compute kinetic-energy: 35.021 µs (0.053 µs, 16000 calls)
[03-09-2022 02:49:18.243967] [  0.0%] compute kinetic-energy: 35.023 µs (0.053 µs, 16000 calls)
[03-09-2022 02:49:18.243983] [  0.0%] compute kinetic-energy: 35.029 µs (0.055 µs, 16000 calls)
[03-09-2022 02:49:18.243998] [  0.0%] compute kinetic-energy: 35.035 µs (0.054 µs, 16000 calls)
[03-09-2022 02:49:18.244016] [  0.0%] compute kinetic-energy: 35.051 µs (0.055 µs, 16000 calls)
[03-09-2022 02:49:18.244033] [  0.0%] compute kinetic-energy: 35.080 µs (0.054 µs, 16000 calls)
[03-09-2022 02:49:18.244049] [  0.0%] compute kinetic-energy: 35.083 µs (0.054 µs, 16000 calls)
[03-09-2022 02:49:18.244064] [  0.0%] compute kinetic-energy: 35.085 µs (0.055 µs, 16000 calls)
[03-09-2022 02:49:18.244080] [  0.0%] compute kinetic-energy: 35.106 µs (0.053 µs, 16000 calls)
[03-09-2022 02:49:18.244098] [  0.0%] compute kinetic-energy: 35.152 µs (0.053 µs, 16000 calls)
[03-09-2022 02:49:18.244115] [  0.0%] compute kinetic-energy: 35.154 µs (0.055 µs, 16000 calls)
[03-09-2022 02:49:18.244131] [  0.0%] compute kinetic-energy: 35.159 µs (0.056 µs, 16000 calls)
[03-09-2022 02:49:18.244146] [  0.0%] compute kinetic-energy: 35.165 µs (0.053 µs, 16000 calls)
[03-09-2022 02:49:18.244162] [  0.0%] compute kinetic-energy: 35.174 µs (0.055 µs, 16000 calls)
[03-09-2022 02:49:18.244178] [  0.0%] compute kinetic-energy: 35.192 µs (0.054 µs, 16000 calls)
[03-09-2022 02:49:18.244194] [  0.0%] compute kinetic-energy: 35.203 µs (0.065 µs, 16000 calls)
[03-09-2022 02:49:18.244210] [  0.0%] compute kinetic-energy: 35.338 µs (0.054 µs, 16000 calls)
[03-09-2022 02:49:18.244225] [  0.0%] compute kinetic-energy: 35.362 µs (0.056 µs, 16000 calls)
[03-09-2022 02:49:18.244240] [  0.0%] compute kinetic-energy: 35.382 µs (0.054 µs, 16000 calls)
[03-09-2022 02:49:18.244256] [  0.0%] compute kinetic-energy: 35.412 µs (0.054 µs, 16000 calls)
[03-09-2022 02:49:18.244271] [  0.0%] compute kinetic-energy: 35.427 µs (0.054 µs, 16000 calls)
[03-09-2022 02:49:18.244286] [  0.0%] compute kinetic-energy: 35.429 µs (0.055 µs, 16000 calls)
[03-09-2022 02:49:18.244302] [  0.0%] compute kinetic-energy: 35.487 µs (0.055 µs, 16000 calls)
[03-09-2022 02:49:18.244317] [  0.0%] compute kinetic-energy: 35.529 µs (0.053 µs, 16000 calls)
[03-09-2022 02:49:18.244334] [  0.0%] compute kinetic-energy: 35.541 µs (0.054 µs, 16000 calls)
[03-09-2022 02:49:18.244350] [  0.0%] compute kinetic-energy: 35.556 µs (0.053 µs, 16000 calls)
[03-09-2022 02:49:18.244366] [  0.0%] compute kinetic-energy: 35.570 µs (0.054 µs, 16000 calls)
[03-09-2022 02:49:18.244383] [  0.0%] compute kinetic-energy: 35.592 µs (0.053 µs, 16000 calls)
[03-09-2022 02:49:18.244400] [  0.0%] compute kinetic-energy: 35.636 µs (0.053 µs, 16000 calls)
[03-09-2022 02:49:18.244417] [  0.0%] compute kinetic-energy: 35.649 µs (0.056 µs, 16000 calls)
[03-09-2022 02:49:18.244431] [  0.0%] compute kinetic-energy: 35.649 µs (0.055 µs, 16000 calls)
[03-09-2022 02:49:18.244447] [  0.0%] compute kinetic-energy: 35.679 µs (0.054 µs, 16000 calls)
[03-09-2022 02:49:18.244467] [  0.0%] compute kinetic-energy: 35.722 µs (0.055 µs, 16000 calls)
[03-09-2022 02:49:18.244485] [  0.0%] compute kinetic-energy: 35.732 µs (0.053 µs, 16000 calls)
[03-09-2022 02:49:18.244502] [  0.0%] compute kinetic-energy: 35.733 µs (0.053 µs, 16000 calls)
[03-09-2022 02:49:18.244520] [  0.0%] compute kinetic-energy: 35.736 µs (0.053 µs, 16000 calls)
[03-09-2022 02:49:18.244537] [  0.0%] compute kinetic-energy: 35.739 µs (0.053 µs, 16000 calls)
[03-09-2022 02:49:18.244553] [  0.0%] compute kinetic-energy: 35.751 µs (0.054 µs, 16000 calls)
[03-09-2022 02:49:18.244569] [  0.0%] compute kinetic-energy: 35.797 µs (0.062 µs, 16000 calls)
[03-09-2022 02:49:18.244585] [  0.0%] compute kinetic-energy: 35.804 µs (0.055 µs, 16000 calls)
[03-09-2022 02:49:18.244601] [  0.0%] compute kinetic-energy: 35.83 µs (0.26 µs, 16000 calls)
[03-09-2022 02:49:18.244616] [  0.0%] compute kinetic-energy: 35.836 µs (0.055 µs, 16000 calls)
[03-09-2022 02:49:18.244632] [  0.0%] compute kinetic-energy: 35.857 µs (0.055 µs, 16000 calls)
[03-09-2022 02:49:18.244647] [  0.0%] compute kinetic-energy: 35.88 µs (0.26 µs, 16000 calls)
[03-09-2022 02:49:18.244663] [  0.0%] compute kinetic-energy: 35.926 µs (0.054 µs, 16000 calls)
[03-09-2022 02:49:18.244678] [  0.0%] compute kinetic-energy: 35.932 µs (0.054 µs, 16000 calls)
[03-09-2022 02:49:18.244695] [  0.0%] compute kinetic-energy: 35.991 µs (0.053 µs, 16000 calls)
[03-09-2022 02:49:18.244711] [  0.0%] compute kinetic-energy: 35.999 µs (0.054 µs, 16000 calls)
[03-09-2022 02:49:18.244728] [  0.0%] compute kinetic-energy: 36.004 µs (0.058 µs, 16000 calls)
[03-09-2022 02:49:18.244744] [  0.0%] compute kinetic-energy: 36.009 µs (0.053 µs, 16000 calls)
[03-09-2022 02:49:18.244760] [  0.0%] compute kinetic-energy: 36.116 µs (0.054 µs, 16000 calls)
[03-09-2022 02:49:18.244776] [  0.0%] compute kinetic-energy: 36.122 µs (0.054 µs, 16000 calls)
[03-09-2022 02:49:18.244792] [  0.0%] compute virial: 36.697 µs (0.036 µs, 16000 calls)
[03-09-2022 02:49:18.244809] [  0.0%] compute virial: 36.723 µs (0.036 µs, 16000 calls)
[03-09-2022 02:49:18.244825] [  0.0%] compute virial: 36.732 µs (0.036 µs, 16000 calls)
[03-09-2022 02:49:18.244841] [  0.0%] compute virial: 36.734 µs (0.04 µs, 16000 calls)
[03-09-2022 02:49:18.244859] [  0.0%] compute virial: 36.736 µs (0.039 µs, 16000 calls)
[03-09-2022 02:49:18.244877] [  0.0%] compute virial: 36.741 µs (0.036 µs, 16000 calls)
[03-09-2022 02:49:18.244892] [  0.0%] compute virial: 36.741 µs (0.036 µs, 16000 calls)
[03-09-2022 02:49:18.244906] [  0.0%] compute virial: 36.744 µs (0.036 µs, 16000 calls)
[03-09-2022 02:49:18.244920] [  0.0%] compute virial: 36.745 µs (0.039 µs, 16000 calls)
[03-09-2022 02:49:18.244934] [  0.0%] compute virial: 36.749 µs (0.04 µs, 16000 calls)
[03-09-2022 02:49:18.244949] [  0.0%] compute virial: 36.751 µs (0.036 µs, 16000 calls)
[03-09-2022 02:49:18.244964] [  0.0%] compute virial: 36.753 µs (0.037 µs, 16000 calls)
[03-09-2022 02:49:18.244979] [  0.0%] compute virial: 36.760 µs (0.039 µs, 16000 calls)
[03-09-2022 02:49:18.244994] [  0.0%] compute virial: 36.762 µs (0.039 µs, 16000 calls)
[03-09-2022 02:49:18.245010] [  0.0%] compute virial: 36.771 µs (0.037 µs, 16000 calls)
[03-09-2022 02:49:18.245026] [  0.0%] compute virial: 36.773 µs (0.042 µs, 16000 calls)
[03-09-2022 02:49:18.245044] [  0.0%] compute virial: 36.775 µs (0.046 µs, 16000 calls)
[03-09-2022 02:49:18.245060] [  0.0%] compute virial: 36.779 µs (0.037 µs, 16000 calls)
[03-09-2022 02:49:18.245076] [  0.0%] compute virial: 36.780 µs (0.042 µs, 16000 calls)
[03-09-2022 02:49:18.245092] [  0.0%] compute virial: 36.784 µs (0.038 µs, 16000 calls)
[03-09-2022 02:49:18.245108] [  0.0%] compute virial: 36.788 µs (0.035 µs, 16000 calls)
[03-09-2022 02:49:18.245123] [  0.0%] compute virial: 36.790 µs (0.041 µs, 16000 calls)
[03-09-2022 02:49:18.245139] [  0.0%] compute virial: 36.794 µs (0.041 µs, 16000 calls)
[03-09-2022 02:49:18.245158] [  0.0%] compute virial: 36.796 µs (0.044 µs, 16000 calls)
[03-09-2022 02:49:18.245178] [  0.0%] compute virial: 36.799 µs (0.036 µs, 16000 calls)
[03-09-2022 02:49:18.245196] [  0.0%] compute virial: 36.809 µs (0.037 µs, 16000 calls)
[03-09-2022 02:49:18.245212] [  0.0%] compute virial: 36.811 µs (0.037 µs, 16000 calls)
[03-09-2022 02:49:18.245238] [  0.0%] compute virial: 36.812 µs (0.036 µs, 16000 calls)
[03-09-2022 02:49:18.245256] [  0.0%] compute virial: 36.814 µs (0.036 µs, 16000 calls)
[03-09-2022 02:49:18.245272] [  0.0%] compute virial: 36.815 µs (0.037 µs, 16000 calls)
[03-09-2022 02:49:18.245288] [  0.0%] compute virial: 36.816 µs (0.055 µs, 16000 calls)
[03-09-2022 02:49:18.245303] [  0.0%] compute virial: 36.830 µs (0.044 µs, 16000 calls)
[03-09-2022 02:49:18.245318] [  0.0%] compute virial: 36.832 µs (0.036 µs, 16000 calls)
[03-09-2022 02:49:18.245333] [  0.0%] compute virial: 36.836 µs (0.035 µs, 16000 calls)
[03-09-2022 02:49:18.245348] [  0.0%] compute virial: 36.845 µs (0.035 µs, 16000 calls)
[03-09-2022 02:49:18.245363] [  0.0%] compute virial: 36.856 µs (0.035 µs, 16000 calls)
[03-09-2022 02:49:18.245379] [  0.0%] compute virial: 36.860 µs (0.035 µs, 16000 calls)
[03-09-2022 02:49:18.245396] [  0.0%] compute virial: 36.861 µs (0.067 µs, 16000 calls)
[03-09-2022 02:49:18.245412] [  0.0%] compute virial: 36.873 µs (0.036 µs, 16000 calls)
[03-09-2022 02:49:18.245428] [  0.0%] compute virial: 36.877 µs (0.037 µs, 16000 calls)
[03-09-2022 02:49:18.245444] [  0.0%] compute virial: 36.887 µs (0.035 µs, 16000 calls)
[03-09-2022 02:49:18.245460] [  0.0%] compute virial: 36.895 µs (0.036 µs, 16000 calls)
[03-09-2022 02:49:18.245478] [  0.0%] compute virial: 36.896 µs (0.037 µs, 16000 calls)
[03-09-2022 02:49:18.245494] [  0.0%] compute virial: 36.905 µs (0.036 µs, 16000 calls)
[03-09-2022 02:49:18.245509] [  0.0%] compute virial: 36.907 µs (0.041 µs, 16000 calls)
[03-09-2022 02:49:18.245525] [  0.0%] compute virial: 36.910 µs (0.036 µs, 16000 calls)
[03-09-2022 02:49:18.245542] [  0.0%] compute virial: 36.916 µs (0.035 µs, 16000 calls)
[03-09-2022 02:49:18.245558] [  0.0%] compute virial: 36.918 µs (0.044 µs, 16000 calls)
[03-09-2022 02:49:18.245572] [  0.0%] compute virial: 36.918 µs (0.043 µs, 16000 calls)
[03-09-2022 02:49:18.245587] [  0.0%] compute virial: 36.924 µs (0.035 µs, 16000 calls)
[03-09-2022 02:49:18.245602] [  0.0%] compute virial: 36.927 µs (0.049 µs, 16000 calls)
[03-09-2022 02:49:18.245617] [  0.0%] compute virial: 36.929 µs (0.047 µs, 16000 calls)
[03-09-2022 02:49:18.245632] [  0.0%] compute virial: 36.929 µs (0.049 µs, 16000 calls)
[03-09-2022 02:49:18.245648] [  0.0%] compute virial: 36.931 µs (0.036 µs, 16000 calls)
[03-09-2022 02:49:18.245663] [  0.0%] compute virial: 36.931 µs (0.036 µs, 16000 calls)
[03-09-2022 02:49:18.245677] [  0.0%] compute virial: 36.934 µs (0.043 µs, 16000 calls)
[03-09-2022 02:49:18.245692] [  0.0%] compute virial: 36.934 µs (0.046 µs, 16000 calls)
[03-09-2022 02:49:18.245708] [  0.0%] compute virial: 36.937 µs (0.037 µs, 16000 calls)
[03-09-2022 02:49:18.245724] [  0.0%] compute virial: 36.942 µs (0.042 µs, 16000 calls)
[03-09-2022 02:49:18.245740] [  0.0%] compute virial: 36.945 µs (0.039 µs, 16000 calls)
[03-09-2022 02:49:18.245755] [  0.0%] compute virial: 36.948 µs (0.038 µs, 16000 calls)
[03-09-2022 02:49:18.245771] [  0.0%] compute virial: 36.951 µs (0.046 µs, 16000 calls)
[03-09-2022 02:49:18.245788] [  0.0%] compute virial: 36.960 µs (0.043 µs, 16000 calls)
[03-09-2022 02:49:18.245803] [  0.0%] compute virial: 36.961 µs (0.042 µs, 16000 calls)
[03-09-2022 02:49:18.245820] [  0.0%] compute virial: 36.965 µs (0.04 µs, 16000 calls)
[03-09-2022 02:49:18.245836] [  0.0%] compute virial: 36.974 µs (0.038 µs, 16000 calls)
[03-09-2022 02:49:18.245852] [  0.0%] compute virial: 36.974 µs (0.043 µs, 16000 calls)
[03-09-2022 02:49:18.245867] [  0.0%] compute virial: 36.997 µs (0.051 µs, 16000 calls)
[03-09-2022 02:49:18.245882] [  0.0%] compute virial: 36.999 µs (0.042 µs, 16000 calls)
[03-09-2022 02:49:18.245901] [  0.0%] compute virial: 37.001 µs (0.048 µs, 16000 calls)
[03-09-2022 02:49:18.245920] [  0.0%] compute virial: 37.029 µs (0.036 µs, 16000 calls)
[03-09-2022 02:49:18.245937] [  0.0%] compute virial: 37.064 µs (0.043 µs, 16000 calls)
[03-09-2022 02:49:18.245954] [  0.0%] compute virial: 37.149 µs (0.038 µs, 16000 calls)
[03-09-2022 02:49:18.245970] [  0.0%] compute virial: 37.16 µs (0.25 µs, 16000 calls)
[03-09-2022 02:49:18.245987] [  0.0%] compute virial: 37.173 µs (0.039 µs, 16000 calls)
[03-09-2022 02:49:18.246002] [  0.0%] compute virial: 37.17 µs (0.26 µs, 16000 calls)
[03-09-2022 02:49:18.246018] [  0.0%] compute virial: 37.18 µs (0.35 µs, 16000 calls)
[03-09-2022 02:49:18.246033] [  0.0%] compute virial: 37.321 µs (0.043 µs, 16000 calls)
[03-09-2022 02:49:18.246049] [  0.0%] compute virial: 37.35 µs (0.26 µs, 16000 calls)
[03-09-2022 02:49:18.246064] [  0.0%] compute kinetic-energy: 40.375 µs (0.056 µs, 16000 calls)
[03-09-2022 02:49:18.246081] [  0.0%] compute virial: 40.545 µs (0.043 µs, 16000 calls)
[03-09-2022 02:49:18.246096] [  0.0%] compute centre-of-mass velocity: 43.533 µs (0.037 µs, 16000 calls)
[03-09-2022 02:49:18.246112] [  0.0%] compute centre-of-mass velocity: 43.535 µs (0.036 µs, 16000 calls)
[03-09-2022 02:49:18.246128] [  0.0%] compute centre-of-mass velocity: 43.539 µs (0.037 µs, 16000 calls)
[03-09-2022 02:49:18.246145] [  0.0%] compute centre-of-mass velocity: 43.542 µs (0.039 µs, 16000 calls)
[03-09-2022 02:49:18.246161] [  0.0%] compute centre-of-mass velocity: 43.545 µs (0.037 µs, 16000 calls)
[03-09-2022 02:49:18.246177] [  0.0%] compute centre-of-mass velocity: 43.549 µs (0.037 µs, 16000 calls)
[03-09-2022 02:49:18.246192] [  0.0%] compute centre-of-mass velocity: 43.552 µs (0.037 µs, 16000 calls)
[03-09-2022 02:49:18.246207] [  0.0%] compute centre-of-mass velocity: 43.552 µs (0.037 µs, 16000 calls)
[03-09-2022 02:49:18.246223] [  0.0%] compute centre-of-mass velocity: 43.553 µs (0.037 µs, 16000 calls)
[03-09-2022 02:49:18.246240] [  0.0%] compute centre-of-mass velocity: 43.554 µs (0.037 µs, 16000 calls)
[03-09-2022 02:49:18.246255] [  0.0%] compute centre-of-mass velocity: 43.555 µs (0.037 µs, 16000 calls)
[03-09-2022 02:49:18.246271] [  0.0%] compute centre-of-mass velocity: 43.559 µs (0.037 µs, 16000 calls)
[03-09-2022 02:49:18.246288] [  0.0%] compute centre-of-mass velocity: 43.559 µs (0.04 µs, 16000 calls)
[03-09-2022 02:49:18.246305] [  0.0%] compute centre-of-mass velocity: 43.560 µs (0.036 µs, 16000 calls)
[03-09-2022 02:49:18.246320] [  0.0%] compute centre-of-mass velocity: 43.561 µs (0.041 µs, 16000 calls)
[03-09-2022 02:49:18.246335] [  0.0%] compute centre-of-mass velocity: 43.561 µs (0.037 µs, 16000 calls)
[03-09-2022 02:49:18.246350] [  0.0%] compute centre-of-mass velocity: 43.562 µs (0.04 µs, 16000 calls)
[03-09-2022 02:49:18.246364] [  0.0%] compute centre-of-mass velocity: 43.563 µs (0.038 µs, 16000 calls)
[03-09-2022 02:49:18.246380] [  0.0%] compute centre-of-mass velocity: 43.564 µs (0.037 µs, 16000 calls)
[03-09-2022 02:49:18.246395] [  0.0%] compute centre-of-mass velocity: 43.565 µs (0.037 µs, 16000 calls)
[03-09-2022 02:49:18.246410] [  0.0%] compute centre-of-mass velocity: 43.565 µs (0.038 µs, 16000 calls)
[03-09-2022 02:49:18.246427] [  0.0%] compute centre-of-mass velocity: 43.566 µs (0.037 µs, 16000 calls)
[03-09-2022 02:49:18.246443] [  0.0%] compute centre-of-mass velocity: 43.566 µs (0.037 µs, 16000 calls)
[03-09-2022 02:49:18.246460] [  0.0%] compute centre-of-mass velocity: 43.568 µs (0.037 µs, 16000 calls)
[03-09-2022 02:49:18.246475] [  0.0%] compute centre-of-mass velocity: 43.572 µs (0.037 µs, 16000 calls)
[03-09-2022 02:49:18.246491] [  0.0%] compute centre-of-mass velocity: 43.575 µs (0.037 µs, 16000 calls)
[03-09-2022 02:49:18.246507] [  0.0%] compute centre-of-mass velocity: 43.575 µs (0.037 µs, 16000 calls)
[03-09-2022 02:49:18.246523] [  0.0%] compute centre-of-mass velocity: 43.576 µs (0.04 µs, 16000 calls)
[03-09-2022 02:49:18.246543] [  0.0%] compute centre-of-mass velocity: 43.579 µs (0.036 µs, 16000 calls)
[03-09-2022 02:49:18.246561] [  0.0%] compute centre-of-mass velocity: 43.580 µs (0.036 µs, 16000 calls)
[03-09-2022 02:49:18.246578] [  0.0%] compute centre-of-mass velocity: 43.580 µs (0.036 µs, 16000 calls)
[03-09-2022 02:49:18.246596] [  0.0%] compute centre-of-mass velocity: 43.586 µs (0.036 µs, 16000 calls)
[03-09-2022 02:49:18.246613] [  0.0%] compute centre-of-mass velocity: 43.589 µs (0.04 µs, 16000 calls)
[03-09-2022 02:49:18.246629] [  0.0%] compute centre-of-mass velocity: 43.591 µs (0.036 µs, 16000 calls)
[03-09-2022 02:49:18.246644] [  0.0%] compute centre-of-mass velocity: 43.593 µs (0.037 µs, 16000 calls)
[03-09-2022 02:49:18.246660] [  0.0%] compute centre-of-mass velocity: 43.593 µs (0.039 µs, 16000 calls)
[03-09-2022 02:49:18.246675] [  0.0%] compute centre-of-mass velocity: 43.594 µs (0.038 µs, 16000 calls)
[03-09-2022 02:49:18.246691] [  0.0%] compute centre-of-mass velocity: 43.595 µs (0.037 µs, 16000 calls)
[03-09-2022 02:49:18.246706] [  0.0%] compute centre-of-mass velocity: 43.595 µs (0.038 µs, 16000 calls)
[03-09-2022 02:49:18.246723] [  0.0%] compute centre-of-mass velocity: 43.597 µs (0.037 µs, 16000 calls)
[03-09-2022 02:49:18.246740] [  0.0%] compute centre-of-mass velocity: 43.597 µs (0.037 µs, 16000 calls)
[03-09-2022 02:49:18.246755] [  0.0%] compute centre-of-mass velocity: 43.599 µs (0.04 µs, 16000 calls)
[03-09-2022 02:49:18.246771] [  0.0%] compute centre-of-mass velocity: 43.600 µs (0.037 µs, 16000 calls)
[03-09-2022 02:49:18.246789] [  0.0%] compute centre-of-mass velocity: 43.600 µs (0.037 µs, 16000 calls)
[03-09-2022 02:49:18.246805] [  0.0%] compute centre-of-mass velocity: 43.602 µs (0.036 µs, 16000 calls)
[03-09-2022 02:49:18.246821] [  0.0%] compute centre-of-mass velocity: 43.604 µs (0.038 µs, 16000 calls)
[03-09-2022 02:49:18.246837] [  0.0%] compute centre-of-mass velocity: 43.604 µs (0.037 µs, 16000 calls)
[03-09-2022 02:49:18.246853] [  0.0%] compute centre-of-mass velocity: 43.604 µs (0.037 µs, 16000 calls)
[03-09-2022 02:49:18.246869] [  0.0%] compute centre-of-mass velocity: 43.605 µs (0.037 µs, 16000 calls)
[03-09-2022 02:49:18.246885] [  0.0%] compute centre-of-mass velocity: 43.609 µs (0.041 µs, 16000 calls)
[03-09-2022 02:49:18.246901] [  0.0%] compute centre-of-mass velocity: 43.610 µs (0.04 µs, 16000 calls)
[03-09-2022 02:49:18.246917] [  0.0%] compute centre-of-mass velocity: 43.611 µs (0.037 µs, 16000 calls)
[03-09-2022 02:49:18.246931] [  0.0%] compute centre-of-mass velocity: 43.612 µs (0.036 µs, 16000 calls)
[03-09-2022 02:49:18.246946] [  0.0%] compute centre-of-mass velocity: 43.613 µs (0.037 µs, 16000 calls)
[03-09-2022 02:49:18.246961] [  0.0%] compute centre-of-mass velocity: 43.614 µs (0.039 µs, 16000 calls)
[03-09-2022 02:49:18.246977] [  0.0%] compute centre-of-mass velocity: 43.618 µs (0.039 µs, 16000 calls)
[03-09-2022 02:49:18.246992] [  0.0%] compute centre-of-mass velocity: 43.619 µs (0.039 µs, 16000 calls)
[03-09-2022 02:49:18.247009] [  0.0%] compute centre-of-mass velocity: 43.620 µs (0.037 µs, 16000 calls)
[03-09-2022 02:49:18.247025] [  0.0%] compute centre-of-mass velocity: 43.622 µs (0.038 µs, 16000 calls)
[03-09-2022 02:49:18.247040] [  0.0%] compute centre-of-mass velocity: 43.623 µs (0.037 µs, 16000 calls)
[03-09-2022 02:49:18.247055] [  0.0%] compute centre-of-mass velocity: 43.623 µs (0.037 µs, 16000 calls)
[03-09-2022 02:49:18.247071] [  0.0%] compute centre-of-mass velocity: 43.629 µs (0.04 µs, 16000 calls)
[03-09-2022 02:49:18.247087] [  0.0%] compute centre-of-mass velocity: 43.630 µs (0.041 µs, 16000 calls)
[03-09-2022 02:49:18.247105] [  0.0%] compute centre-of-mass velocity: 43.640 µs (0.038 µs, 16000 calls)
[03-09-2022 02:49:18.247120] [  0.0%] compute centre-of-mass velocity: 43.645 µs (0.039 µs, 16000 calls)
[03-09-2022 02:49:18.247136] [  0.0%] compute centre-of-mass velocity: 43.656 µs (0.037 µs, 16000 calls)
[03-09-2022 02:49:18.247156] [  0.0%] compute centre-of-mass velocity: 43.658 µs (0.037 µs, 16000 calls)
[03-09-2022 02:49:18.247174] [  0.0%] compute centre-of-mass velocity: 43.660 µs (0.038 µs, 16000 calls)
[03-09-2022 02:49:18.247190] [  0.0%] compute centre-of-mass velocity: 43.759 µs (0.039 µs, 16000 calls)
[03-09-2022 02:49:18.247207] [  0.0%] compute centre-of-mass velocity: 43.765 µs (0.04 µs, 16000 calls)
[03-09-2022 02:49:18.247222] [  0.0%] compute centre-of-mass velocity: 43.775 µs (0.038 µs, 16000 calls)
[03-09-2022 02:49:18.247238] [  0.0%] compute centre-of-mass velocity: 43.81 µs (0.26 µs, 16000 calls)
[03-09-2022 02:49:18.247253] [  0.0%] compute centre-of-mass velocity: 43.85 µs (0.26 µs, 16000 calls)
[03-09-2022 02:49:18.247269] [  0.0%] compute centre-of-mass velocity: 43.87 µs (0.25 µs, 16000 calls)
[03-09-2022 02:49:18.247285] [  0.0%] compute centre-of-mass velocity: 43.896 µs (0.038 µs, 16000 calls)
[03-09-2022 02:49:18.247304] [  0.0%] compute centre-of-mass velocity: 43.921 µs (0.04 µs, 16000 calls)
[03-09-2022 02:49:18.247321] [  0.0%] compute centre-of-mass velocity: 44.093 µs (0.052 µs, 16000 calls)
[03-09-2022 02:49:18.247338] [  0.0%] compute centre-of-mass velocity: 44.103 µs (0.04 µs, 16000 calls)
[03-09-2022 02:49:18.247354] [  0.0%] compute centre-of-mass velocity: 44.244 µs (0.039 µs, 16000 calls)
[03-09-2022 02:49:18.247369] [  0.0%] update selection of a group of particles in a region: 45.669 µs (0.045 µs, 16000 calls)
[03-09-2022 02:49:18.247384] [  0.0%] update selection of a group of particles in a region: 45.672 µs (0.045 µs, 16000 calls)
[03-09-2022 02:49:18.247400] [  0.0%] update selection of a group of particles in a region: 45.674 µs (0.045 µs, 16000 calls)
[03-09-2022 02:49:18.247417] [  0.0%] update selection of a group of particles in a region: 45.676 µs (0.045 µs, 16000 calls)
[03-09-2022 02:49:18.247432] [  0.0%] update selection of a group of particles in a region: 45.685 µs (0.045 µs, 16000 calls)
[03-09-2022 02:49:18.247447] [  0.0%] update selection of a group of particles in a region: 45.686 µs (0.045 µs, 16000 calls)
[03-09-2022 02:49:18.247463] [  0.0%] update selection of a group of particles in a region: 45.687 µs (0.045 µs, 16000 calls)
[03-09-2022 02:49:18.247479] [  0.0%] update selection of a group of particles in a region: 45.692 µs (0.045 µs, 16000 calls)
[03-09-2022 02:49:18.247495] [  0.0%] update selection of a group of particles in a region: 45.693 µs (0.045 µs, 16000 calls)
[03-09-2022 02:49:18.247511] [  0.0%] update selection of a group of particles in a region: 45.694 µs (0.045 µs, 16000 calls)
[03-09-2022 02:49:18.247526] [  0.0%] update selection of a group of particles in a region: 45.696 µs (0.045 µs, 16000 calls)
[03-09-2022 02:49:18.247543] [  0.0%] update selection of a group of particles in a region: 45.698 µs (0.045 µs, 16000 calls)
[03-09-2022 02:49:18.247558] [  0.0%] update selection of a group of particles in a region: 45.703 µs (0.047 µs, 16000 calls)
[03-09-2022 02:49:18.247572] [  0.0%] update selection of a group of particles in a region: 45.704 µs (0.045 µs, 16000 calls)
[03-09-2022 02:49:18.247587] [  0.0%] update selection of a group of particles in a region: 45.708 µs (0.045 µs, 16000 calls)
[03-09-2022 02:49:18.247601] [  0.0%] update selection of a group of particles in a region: 45.710 µs (0.045 µs, 16000 calls)
[03-09-2022 02:49:18.247616] [  0.0%] update selection of a group of particles in a region: 45.712 µs (0.045 µs, 16000 calls)
[03-09-2022 02:49:18.247632] [  0.0%] update selection of a group of particles in a region: 45.713 µs (0.047 µs, 16000 calls)
[03-09-2022 02:49:18.247648] [  0.0%] update selection of a group of particles in a region: 45.714 µs (0.047 µs, 16000 calls)
[03-09-2022 02:49:18.247663] [  0.0%] update selection of a group of particles in a region: 45.717 µs (0.045 µs, 16000 calls)
[03-09-2022 02:49:18.247678] [  0.0%] update selection of a group of particles in a region: 45.719 µs (0.046 µs, 16000 calls)
[03-09-2022 02:49:18.247694] [  0.0%] update selection of a group of particles in a region: 45.720 µs (0.045 µs, 16000 calls)
[03-09-2022 02:49:18.247714] [  0.0%] update selection of a group of particles in a region: 45.726 µs (0.046 µs, 16000 calls)
[03-09-2022 02:49:18.247733] [  0.0%] update selection of a group of particles in a region: 45.727 µs (0.046 µs, 16000 calls)
[03-09-2022 02:49:18.247750] [  0.0%] update selection of a group of particles in a region: 45.727 µs (0.046 µs, 16000 calls)
[03-09-2022 02:49:18.247766] [  0.0%] update selection of a group of particles in a region: 45.729 µs (0.045 µs, 16000 calls)
[03-09-2022 02:49:18.247782] [  0.0%] update selection of a group of particles in a region: 45.729 µs (0.045 µs, 16000 calls)
[03-09-2022 02:49:18.247797] [  0.0%] update selection of a group of particles in a region: 45.729 µs (0.046 µs, 16000 calls)
[03-09-2022 02:49:18.247810] [  0.0%] update selection of a group of particles in a region: 45.730 µs (0.046 µs, 16000 calls)
[03-09-2022 02:49:18.247825] [  0.0%] update selection of a group of particles in a region: 45.731 µs (0.045 µs, 16000 calls)
[03-09-2022 02:49:18.247841] [  0.0%] update selection of a group of particles in a region: 45.731 µs (0.046 µs, 16000 calls)
[03-09-2022 02:49:18.247856] [  0.0%] update selection of a group of particles in a region: 45.731 µs (0.047 µs, 16000 calls)
[03-09-2022 02:49:18.247870] [  0.0%] update selection of a group of particles in a region: 45.732 µs (0.046 µs, 16000 calls)
[03-09-2022 02:49:18.247885] [  0.0%] update selection of a group of particles in a region: 45.732 µs (0.045 µs, 16000 calls)
[03-09-2022 02:49:18.247900] [  0.0%] update selection of a group of particles in a region: 45.732 µs (0.045 µs, 16000 calls)
[03-09-2022 02:49:18.247915] [  0.0%] update selection of a group of particles in a region: 45.732 µs (0.046 µs, 16000 calls)
[03-09-2022 02:49:18.247931] [  0.0%] update selection of a group of particles in a region: 45.736 µs (0.049 µs, 16000 calls)
[03-09-2022 02:49:18.247946] [  0.0%] update selection of a group of particles in a region: 45.741 µs (0.046 µs, 16000 calls)
[03-09-2022 02:49:18.247962] [  0.0%] update selection of a group of particles in a region: 45.741 µs (0.049 µs, 16000 calls)
[03-09-2022 02:49:18.247977] [  0.0%] update selection of a group of particles in a region: 45.743 µs (0.047 µs, 16000 calls)
[03-09-2022 02:49:18.247993] [  0.0%] update selection of a group of particles in a region: 45.749 µs (0.048 µs, 16000 calls)
[03-09-2022 02:49:18.248011] [  0.0%] update selection of a group of particles in a region: 45.749 µs (0.046 µs, 16000 calls)
[03-09-2022 02:49:18.248027] [  0.0%] update selection of a group of particles in a region: 45.750 µs (0.046 µs, 16000 calls)
[03-09-2022 02:49:18.248042] [  0.0%] update selection of a group of particles in a region: 45.750 µs (0.047 µs, 16000 calls)
[03-09-2022 02:49:18.248057] [  0.0%] update selection of a group of particles in a region: 45.750 µs (0.045 µs, 16000 calls)
[03-09-2022 02:49:18.248073] [  0.0%] update selection of a group of particles in a region: 45.753 µs (0.045 µs, 16000 calls)
[03-09-2022 02:49:18.248090] [  0.0%] update selection of a group of particles in a region: 45.753 µs (0.05 µs, 16000 calls)
[03-09-2022 02:49:18.248106] [  0.0%] update selection of a group of particles in a region: 45.756 µs (0.046 µs, 16000 calls)
[03-09-2022 02:49:18.248120] [  0.0%] update selection of a group of particles in a region: 45.759 µs (0.051 µs, 16000 calls)
[03-09-2022 02:49:18.248135] [  0.0%] update selection of a group of particles in a region: 45.762 µs (0.049 µs, 16000 calls)
[03-09-2022 02:49:18.248149] [  0.0%] update selection of a group of particles in a region: 45.765 µs (0.047 µs, 16000 calls)
[03-09-2022 02:49:18.248165] [  0.0%] update selection of a group of particles in a region: 45.766 µs (0.048 µs, 16000 calls)
[03-09-2022 02:49:18.248181] [  0.0%] update selection of a group of particles in a region: 45.774 µs (0.045 µs, 16000 calls)
[03-09-2022 02:49:18.248197] [  0.0%] update selection of a group of particles in a region: 45.795 µs (0.046 µs, 16000 calls)
[03-09-2022 02:49:18.248216] [  0.0%] update selection of a group of particles in a region: 45.812 µs (0.048 µs, 16000 calls)
[03-09-2022 02:49:18.248235] [  0.0%] update selection of a group of particles in a region: 45.824 µs (0.046 µs, 16000 calls)
[03-09-2022 02:49:18.248250] [  0.0%] update selection of a group of particles in a region: 45.857 µs (0.046 µs, 16000 calls)
[03-09-2022 02:49:18.248266] [  0.0%] update selection of a group of particles in a region: 45.863 µs (0.046 µs, 16000 calls)
[03-09-2022 02:49:18.248282] [  0.0%] update selection of a group of particles in a region: 45.865 µs (0.047 µs, 16000 calls)
[03-09-2022 02:49:18.248298] [  0.0%] update selection of a group of particles in a region: 45.873 µs (0.046 µs, 16000 calls)
[03-09-2022 02:49:18.248314] [  0.0%] update selection of a group of particles in a region: 45.874 µs (0.056 µs, 16000 calls)
[03-09-2022 02:49:18.248329] [  0.0%] update selection of a group of particles in a region: 45.889 µs (0.048 µs, 16000 calls)
[03-09-2022 02:49:18.248345] [  0.0%] update selection of a group of particles in a region: 45.894 µs (0.048 µs, 16000 calls)
[03-09-2022 02:49:18.248360] [  0.0%] update selection of a group of particles in a region: 45.898 µs (0.049 µs, 16000 calls)
[03-09-2022 02:49:18.248376] [  0.0%] update selection of a group of particles in a region: 45.91 µs (0.26 µs, 16000 calls)
[03-09-2022 02:49:18.248392] [  0.0%] update selection of a group of particles in a region: 45.913 µs (0.047 µs, 16000 calls)
[03-09-2022 02:49:18.248408] [  0.0%] update selection of a group of particles in a region: 45.916 µs (0.046 µs, 16000 calls)
[03-09-2022 02:49:18.248424] [  0.0%] update selection of a group of particles in a region: 45.932 µs (0.048 µs, 16000 calls)
[03-09-2022 02:49:18.248440] [  0.0%] update selection of a group of particles in a region: 45.946 µs (0.047 µs, 16000 calls)
[03-09-2022 02:49:18.248456] [  0.0%] update selection of a group of particles in a region: 45.956 µs (0.047 µs, 16000 calls)
[03-09-2022 02:49:18.248471] [  0.0%] update selection of a group of particles in a region: 45.98 µs (0.26 µs, 16000 calls)
[03-09-2022 02:49:18.248487] [  0.0%] update selection of a group of particles in a region: 45.98 µs (0.26 µs, 16000 calls)
[03-09-2022 02:49:18.248504] [  0.0%] update selection of a group of particles in a region: 45.985 µs (0.046 µs, 16000 calls)
[03-09-2022 02:49:18.248520] [  0.0%] update selection of a group of particles in a region: 46.00 µs (0.26 µs, 16000 calls)
[03-09-2022 02:49:18.248538] [  0.0%] update selection of a group of particles in a region: 46.02 µs (0.26 µs, 16000 calls)
[03-09-2022 02:49:18.248554] [  0.0%] update selection of a group of particles in a region: 46.097 µs (0.06 µs, 16000 calls)
[03-09-2022 02:49:18.248569] [  0.0%] update selection of a group of particles in a region: 46.186 µs (0.049 µs, 16000 calls)
[03-09-2022 02:49:18.248585] [  0.0%] compute centre-of-mass velocity: 46.251 µs (0.042 µs, 16000 calls)
[03-09-2022 02:49:18.248601] [  0.0%] update selection of a group of particles in a region: 46.402 µs (0.048 µs, 16000 calls)
[03-09-2022 02:49:18.248616] [  0.0%] compute heat_flux: 46.833 µs (0.06 µs, 16000 calls)
[03-09-2022 02:49:18.248633] [  0.0%] compute heat_flux: 46.845 µs (0.06 µs, 16000 calls)
[03-09-2022 02:49:18.248648] [  0.0%] compute heat_flux: 46.859 µs (0.057 µs, 16000 calls)
[03-09-2022 02:49:18.248662] [  0.0%] compute heat_flux: 46.865 µs (0.059 µs, 16000 calls)
[03-09-2022 02:49:18.248674] [  0.0%] compute heat_flux: 46.868 µs (0.058 µs, 16000 calls)
[03-09-2022 02:49:18.248689] [  0.0%] compute heat_flux: 46.871 µs (0.065 µs, 16000 calls)
[03-09-2022 02:49:18.248705] [  0.0%] compute heat_flux: 46.874 µs (0.061 µs, 16000 calls)
[03-09-2022 02:49:18.248723] [  0.0%] compute heat_flux: 46.875 µs (0.061 µs, 16000 calls)
[03-09-2022 02:49:18.248739] [  0.0%] compute heat_flux: 46.876 µs (0.065 µs, 16000 calls)
[03-09-2022 02:49:18.248759] [  0.0%] compute heat_flux: 46.879 µs (0.057 µs, 16000 calls)
[03-09-2022 02:49:18.248778] [  0.0%] compute heat_flux: 46.885 µs (0.061 µs, 16000 calls)
[03-09-2022 02:49:18.248795] [  0.0%] compute heat_flux: 46.893 µs (0.058 µs, 16000 calls)
[03-09-2022 02:49:18.248812] [  0.0%] compute heat_flux: 46.894 µs (0.058 µs, 16000 calls)
[03-09-2022 02:49:18.248828] [  0.0%] compute heat_flux: 46.894 µs (0.061 µs, 16000 calls)
[03-09-2022 02:49:18.248845] [  0.0%] compute heat_flux: 46.897 µs (0.059 µs, 16000 calls)
[03-09-2022 02:49:18.248861] [  0.0%] compute heat_flux: 46.898 µs (0.058 µs, 16000 calls)
[03-09-2022 02:49:18.248877] [  0.0%] compute heat_flux: 46.904 µs (0.057 µs, 16000 calls)
[03-09-2022 02:49:18.248892] [  0.0%] compute heat_flux: 46.912 µs (0.058 µs, 16000 calls)
[03-09-2022 02:49:18.248908] [  0.0%] compute heat_flux: 46.914 µs (0.063 µs, 16000 calls)
[03-09-2022 02:49:18.248926] [  0.0%] compute heat_flux: 46.920 µs (0.062 µs, 16000 calls)
[03-09-2022 02:49:18.248942] [  0.0%] compute heat_flux: 46.929 µs (0.057 µs, 16000 calls)
[03-09-2022 02:49:18.248957] [  0.0%] compute heat_flux: 46.932 µs (0.057 µs, 16000 calls)
[03-09-2022 02:49:18.248974] [  0.0%] compute heat_flux: 46.935 µs (0.059 µs, 16000 calls)
[03-09-2022 02:49:18.248991] [  0.0%] compute heat_flux: 46.936 µs (0.069 µs, 16000 calls)
[03-09-2022 02:49:18.249005] [  0.0%] compute heat_flux: 46.939 µs (0.06 µs, 16000 calls)
[03-09-2022 02:49:18.249020] [  0.0%] compute heat_flux: 46.942 µs (0.06 µs, 16000 calls)
[03-09-2022 02:49:18.249035] [  0.0%] compute heat_flux: 46.942 µs (0.062 µs, 16000 calls)
[03-09-2022 02:49:18.249051] [  0.0%] compute heat_flux: 46.943 µs (0.059 µs, 16000 calls)
[03-09-2022 02:49:18.249066] [  0.0%] compute heat_flux: 46.946 µs (0.057 µs, 16000 calls)
[03-09-2022 02:49:18.249082] [  0.0%] compute heat_flux: 46.947 µs (0.057 µs, 16000 calls)
[03-09-2022 02:49:18.249098] [  0.0%] compute heat_flux: 46.951 µs (0.058 µs, 16000 calls)
[03-09-2022 02:49:18.249113] [  0.0%] compute heat_flux: 46.953 µs (0.057 µs, 16000 calls)
[03-09-2022 02:49:18.249130] [  0.0%] compute heat_flux: 46.953 µs (0.069 µs, 16000 calls)
[03-09-2022 02:49:18.249145] [  0.0%] compute heat_flux: 46.957 µs (0.061 µs, 16000 calls)
[03-09-2022 02:49:18.249161] [  0.0%] compute heat_flux: 46.958 µs (0.058 µs, 16000 calls)
[03-09-2022 02:49:18.249177] [  0.0%] compute heat_flux: 46.959 µs (0.06 µs, 16000 calls)
[03-09-2022 02:49:18.249195] [  0.0%] compute heat_flux: 46.960 µs (0.06 µs, 16000 calls)
[03-09-2022 02:49:18.249213] [  0.0%] compute heat_flux: 46.963 µs (0.069 µs, 16000 calls)
[03-09-2022 02:49:18.249237] [  0.0%] compute heat_flux: 46.969 µs (0.059 µs, 16000 calls)
[03-09-2022 02:49:18.249254] [  0.0%] compute heat_flux: 46.974 µs (0.059 µs, 16000 calls)
[03-09-2022 02:49:18.249270] [  0.0%] compute heat_flux: 46.975 µs (0.066 µs, 16000 calls)
[03-09-2022 02:49:18.249285] [  0.0%] compute heat_flux: 46.975 µs (0.062 µs, 16000 calls)
[03-09-2022 02:49:18.249303] [  0.0%] compute heat_flux: 46.979 µs (0.064 µs, 16000 calls)
[03-09-2022 02:49:18.249319] [  0.0%] compute heat_flux: 46.983 µs (0.057 µs, 16000 calls)
[03-09-2022 02:49:18.249334] [  0.0%] compute heat_flux: 46.984 µs (0.06 µs, 16000 calls)
[03-09-2022 02:49:18.249352] [  0.0%] compute heat_flux: 46.986 µs (0.058 µs, 16000 calls)
[03-09-2022 02:49:18.249370] [  0.0%] compute heat_flux: 46.990 µs (0.058 µs, 16000 calls)
[03-09-2022 02:49:18.249386] [  0.0%] compute heat_flux: 46.996 µs (0.064 µs, 16000 calls)
[03-09-2022 02:49:18.249403] [  0.0%] compute heat_flux: 47.000 µs (0.062 µs, 16000 calls)
[03-09-2022 02:49:18.249419] [  0.0%] compute heat_flux: 47.002 µs (0.07 µs, 16000 calls)
[03-09-2022 02:49:18.249436] [  0.0%] compute heat_flux: 47.004 µs (0.062 µs, 16000 calls)
[03-09-2022 02:49:18.249453] [  0.0%] compute heat_flux: 47.011 µs (0.059 µs, 16000 calls)
[03-09-2022 02:49:18.249470] [  0.0%] compute heat_flux: 47.020 µs (0.058 µs, 16000 calls)
[03-09-2022 02:49:18.249490] [  0.0%] compute heat_flux: 47.022 µs (0.065 µs, 16000 calls)
[03-09-2022 02:49:18.249508] [  0.0%] compute heat_flux: 47.024 µs (0.059 µs, 16000 calls)
[03-09-2022 02:49:18.249526] [  0.0%] compute heat_flux: 47.025 µs (0.058 µs, 16000 calls)
[03-09-2022 02:49:18.249543] [  0.0%] compute heat_flux: 47.026 µs (0.061 µs, 16000 calls)
[03-09-2022 02:49:18.249562] [  0.0%] compute heat_flux: 47.035 µs (0.068 µs, 16000 calls)
[03-09-2022 02:49:18.249579] [  0.0%] compute heat_flux: 47.037 µs (0.065 µs, 16000 calls)
[03-09-2022 02:49:18.249595] [  0.0%] compute heat_flux: 47.039 µs (0.058 µs, 16000 calls)
[03-09-2022 02:49:18.249612] [  0.0%] compute heat_flux: 47.043 µs (0.063 µs, 16000 calls)
[03-09-2022 02:49:18.249628] [  0.0%] compute heat_flux: 47.046 µs (0.063 µs, 16000 calls)
[03-09-2022 02:49:18.249645] [  0.0%] compute heat_flux: 47.048 µs (0.066 µs, 16000 calls)
[03-09-2022 02:49:18.249663] [  0.0%] compute heat_flux: 47.048 µs (0.06 µs, 16000 calls)
[03-09-2022 02:49:18.249681] [  0.0%] compute heat_flux: 47.069 µs (0.066 µs, 16000 calls)
[03-09-2022 02:49:18.249697] [  0.0%] compute heat_flux: 47.09 µs (0.15 µs, 16000 calls)
[03-09-2022 02:49:18.249713] [  0.0%] compute heat_flux: 47.093 µs (0.068 µs, 16000 calls)
[03-09-2022 02:49:18.249727] [  0.0%] compute heat_flux: 47.093 µs (0.063 µs, 16000 calls)
[03-09-2022 02:49:18.249740] [  0.0%] compute heat_flux: 47.093 µs (0.068 µs, 16000 calls)
[03-09-2022 02:49:18.249753] [  0.0%] compute heat_flux: 47.131 µs (0.064 µs, 16000 calls)
[03-09-2022 02:49:18.249766] [  0.0%] compute heat_flux: 47.14 µs (0.26 µs, 16000 calls)
[03-09-2022 02:49:18.249779] [  0.0%] compute heat_flux: 47.174 µs (0.06 µs, 16000 calls)
[03-09-2022 02:49:18.249794] [  0.0%] compute heat_flux: 47.234 µs (0.06 µs, 16000 calls)
[03-09-2022 02:49:18.249812] [  0.0%] compute heat_flux: 47.24 µs (0.37 µs, 16000 calls)
[03-09-2022 02:49:18.249830] [  0.0%] compute heat_flux: 47.27 µs (0.26 µs, 16000 calls)
[03-09-2022 02:49:18.249846] [  0.0%] compute heat_flux: 47.312 µs (0.064 µs, 16000 calls)
[03-09-2022 02:49:18.249862] [  0.0%] compute heat_flux: 47.355 µs (0.063 µs, 16000 calls)
[03-09-2022 02:49:18.249880] [  0.0%] update selection of a group of particles in a region: 47.369 µs (0.046 µs, 16000 calls)
[03-09-2022 02:49:18.249897] [  0.0%] compute heat_flux: 47.659 µs (0.062 µs, 16000 calls)
[03-09-2022 02:49:18.249913] [  0.0%] compute heat_flux: 47.772 µs (0.067 µs, 16000 calls)
[03-09-2022 02:49:18.249929] [  0.0%] compute heat_flux: 49.886 µs (0.067 µs, 16000 calls)
[03-09-2022 02:49:18.249945] [  0.0%] update selection of a group of particles in a region: 78.09 µs (0.36 µs, 16000 calls)
[03-09-2022 02:49:18.249963] [  0.0%] compute virial: 41.378 µs (0.034 µs, 32000 calls)
[03-09-2022 02:49:18.249980] [  0.0%] compute centre-of-mass velocity: 41.887 µs (0.032 µs, 32000 calls)
[03-09-2022 02:49:18.249997] [  0.0%] compute kinetic-energy: 44.322 µs (0.039 µs, 32000 calls)
[03-09-2022 02:49:18.250013] [  0.0%] on_append_integrate: 111.374 ns (0.014 ns, 16000000 calls)
[03-09-2022 02:49:18.250032] [  0.0%] on_append_finalize: 125.982 ns (0.015 ns, 16000000 calls)
[03-09-2022 02:49:18.250049] [  0.0%] map particles to Hilbert curve (all): 10.5655 µs (0.0025 µs, 759759 calls)
[03-09-2022 02:49:18.250068] [  0.0%] zero maximum displacement (all): 5.7039 µs (0.0034 µs, 1519518 calls)
[03-09-2022 02:49:18.250085] [  0.0%] preparation for integration step: 948.34 ns (0.7 ns, 16000000 calls)
[03-09-2022 02:49:18.250101] [  0.1%] Boltzmann distribution: 90.405 µs (0.018 µs, 253968 calls)
[03-09-2022 02:49:18.250117] [  0.1%] computation of smooth_r4 Lennard-Jones potential and auxiliary variables: 1.10301 ms (0.00024 ms, 32001 calls)
[03-09-2022 02:49:18.250133] [  0.1%] on_prepend_integrate: 2.54118 µs (0.00085 µs, 16000000 calls)
[03-09-2022 02:49:18.250149] [  0.2%] computation of density modes for allfluid particles: 3.86925 ms (0.00017 ms, 16000 calls)
[03-09-2022 02:49:18.250164] [  0.5%] computation of density modes for allfluid particles: 10.2497 ms (0.0042 ms, 16000 calls)
[03-09-2022 02:49:18.250188] [  0.5%] computation of kinetic energy density modes for allfluid particles: 10.2972 ms (0.0043 ms, 16000 calls)
[03-09-2022 02:49:18.250207] [  0.6%] second half-step of velocity-Verlet: 13.1964 µs (0.0012 µs, 15746032 calls)
[03-09-2022 02:49:18.250225] [  0.7%] first half-step of velocity-Verlet: 14.5973 µs (0.0012 µs, 16000000 calls)
[03-09-2022 02:49:18.250242] [  1.6%] cell lists update (all): 693.22 µs (0.13 µs, 759759 calls)
[03-09-2022 02:49:18.250259] [  1.6%] second half-step of velocity-Verlet: 33.0036 µs (0.0015 µs, 16000000 calls)
[03-09-2022 02:49:18.250278] [  1.7%] compute maximum displacement (all): 34.5808 µs (0.0013 µs, 16000000 calls)
[03-09-2022 02:49:18.250296] [  2.2%] update selection of a group of particles in a region: 46.1122 µs (0.0022 µs, 16000001 calls)
[03-09-2022 02:49:18.250313] [  2.4%] update selection of a group of particles in a region: 48.4671 µs (0.0027 µs, 16000001 calls)
[03-09-2022 02:49:18.250330] [  2.5%] on_finalize: 51.0012 µs (0.0036 µs, 16000000 calls)
[03-09-2022 02:49:18.250346] [  2.7%] first half-step of velocity-Verlet: 54.9465 µs (0.0019 µs, 16000000 calls)
[03-09-2022 02:49:18.250364] [  3.5%] on_integrate: 71.5388 µs (0.0025 µs, 16000000 calls)
[03-09-2022 02:49:18.250380] [  3.6%] rearrange particles by permutation (all): 1.58068 ms (0.00027 ms, 759759 calls)
[03-09-2022 02:49:18.250396] [  5.7%] order particles along Hilbert curve (all): 2.45594 ms (0.0004 ms, 759759 calls)
[03-09-2022 02:49:18.250413] [  8.3%] update of neighbour lists (all ← all): 3.597608 ms (6.2e-05 ms, 759759 calls)
[03-09-2022 02:49:18.250429] [ 21.4%] evaluation of observables: 441.5 µs (3.6 µs, 16000000 calls)
[03-09-2022 02:49:18.250445] [ 49.5%] computation of smooth_r4 Lennard-Jones potential: 1.0213586 ms (8.6e-06 ms, 15968000 calls)
[03-09-2022 02:49:18.250460] [ 72.4%] on_prepend_finalize: 1.49190 ms (0.00036 ms, 16000000 calls)
[03-09-2022 02:49:18.250475] [ 78.5%] MD integration step: 1.61770 ms (0.00036 ms, 16000000 calls)
[03-09-2022 02:49:18.250491] [100.0%] total simulation runtime: 4.58 h (0.97 h, 2 calls)
[03-09-2022 02:49:18.345757] HALMD exit
