[02-09-2022 17:34:15.058321] HALMD (HAL’s MD package) 1.0-alpha6-patch193 [AdResS-branch commit 36e879ed8]
[02-09-2022 17:34:15.059864] variant: +GPU +GPU_SINGLE_PRECISION +GPU_DOUBLE_SINGLE_PRECISION +FORCE_DSFUN
[02-09-2022 17:34:15.059911] built with GNU 8.3.0 and NVCC 9.2 for Lua 5.1.4
[02-09-2022 17:34:15.059933] command line: halmd second_step.lua -v --input pore_result_1580.h5
[02-09-2022 17:34:15.059954] host name: bountiful.imp.fu-berlin.de
[02-09-2022 17:34:15.063294] profiler timer resolution: 1 ns
[02-09-2022 17:34:15.067764] read from H5MD file: /group/ag_compstatphys/data/tbottinelli/big_box/pore_result_1580.h5
[02-09-2022 17:34:15.089786] reading /particles/all/position at step 2000
[02-09-2022 17:34:15.120258] reading /particles/all/velocity at step 2000
[02-09-2022 17:34:15.141854] reading /particles/all/species at step 2000
[02-09-2022 17:34:15.144411] reading /particles/all/mass at step 2000
[02-09-2022 17:34:15.151999] reading box specification from /particles/all
[02-09-2022 17:34:15.152466] edge lengths of simulation domain: 200 30 30
[02-09-2022 17:34:15.157890] number of particles: 200592
[02-09-2022 17:34:15.157921] number of particle species: 2
[02-09-2022 17:34:15.224290] lennard_jones: potential well depths: ε = [2,2]((1,1),(1,0))
[02-09-2022 17:34:15.224372] lennard_jones: potential core width: σ = [2,2]((1,0.95),(0.95,0.9))
[02-09-2022 17:34:15.229847] potential cutoff length: r_c = [2,2]((2.5,2.5),(2.5,2.5))
[02-09-2022 17:34:15.229911] potential cutoff energy: U = [2,2]((-0.0163169,-0.0163169),(-0.0163169,-0))
[02-09-2022 17:34:15.254720] binning (all): initial cell occupancy: 0.5
[02-09-2022 17:34:15.254784] binning (all): neighbour list skin: 0.5
[02-09-2022 17:34:15.254813] binning (all): number of cells per dimension: 66 10 10
[02-09-2022 17:34:15.254833] binning (all): edge lengths of cells: 3.0303 3 3
[02-09-2022 17:34:15.254855] binning (all): number of placeholders per cell: 64
[02-09-2022 17:34:15.254873] binning (all): average cell occupancy: 0.474886
[02-09-2022 17:34:15.257118] neighbour (all ← all): neighbour list skin: 0.5
[02-09-2022 17:34:15.257174] neighbour (all ← all): number of placeholders per neighbour list: 316
[02-09-2022 17:34:15.257292] Hilbert sort (all): vertex recursion depth: 8
[02-09-2022 17:34:15.258054] Closing H5MD file pore_result_1580.h5
[02-09-2022 17:34:15.264093] integration time step: 0.002
[02-09-2022 17:34:15.264266] random (GPU): random number generator type: rand48
[02-09-2022 17:34:15.264292] random (GPU): set RNG seed: 4102816154
[02-09-2022 17:34:15.264751] verlet_nvt_boltzmann: temperature of Boltzmann distribution: 1
[02-09-2022 17:34:15.264804] verlet_nvt_boltzmann: coupling interval: 63 steps
[02-09-2022 17:34:15.264824] verlet_nvt_boltzmann: coupling rate: 7.93651 per unit time
[02-09-2022 17:34:15.267121] integration time step: 0.002
[02-09-2022 17:34:15.275508] write to H5MD file: /group/ag_compstatphys/data/tbottinelli/big_box/result_out_20220902_173415
[02-09-2022 17:34:15.283825] starting simulation run over 8000000 integration steps
[02-09-2022 17:34:25.005460] 9.3 h estimated remaining runtime at step 4648
[02-09-2022 17:49:25.005641] 11.9 h estimated remaining runtime at step 357268
[02-09-2022 18:04:25.005239] 11.7 h estimated remaining runtime at step 685549
[02-09-2022 18:19:25.006983] 11.4 h estimated remaining runtime at step 1013719
[02-09-2022 18:34:25.007953] 11.2 h estimated remaining runtime at step 1341757
[02-09-2022 18:49:25.001552] 10.9 h estimated remaining runtime at step 1669631
[02-09-2022 19:04:25.002595] 10.7 h estimated remaining runtime at step 1997250
[02-09-2022 19:19:25.002678] 10.4 h estimated remaining runtime at step 2324855
[02-09-2022 19:34:25.003045] 10.2 h estimated remaining runtime at step 2652444
[02-09-2022 19:49:25.002986] 9.9 h estimated remaining runtime at step 2979773
[02-09-2022 20:04:25.009016] 9.7 h estimated remaining runtime at step 3306834
[02-09-2022 20:19:25.002548] 9.4 h estimated remaining runtime at step 3634109
[02-09-2022 20:34:25.007767] 9.2 h estimated remaining runtime at step 3961689
[02-09-2022 20:49:25.005239] 8.9 h estimated remaining runtime at step 4289153
[02-09-2022 21:04:25.006262] 8.7 h estimated remaining runtime at step 4616184
[02-09-2022 21:19:25.005903] 8.4 h estimated remaining runtime at step 4943719
[02-09-2022 21:34:25.005767] 8.2 h estimated remaining runtime at step 5271180
[02-09-2022 21:49:25.006165] 8.0 h estimated remaining runtime at step 5598222
[02-09-2022 22:04:25.018280] 7.7 h estimated remaining runtime at step 5925531
[02-09-2022 22:19:25.006040] 7.5 h estimated remaining runtime at step 6252412
[02-09-2022 22:34:25.005908] 7.2 h estimated remaining runtime at step 6579302
[02-09-2022 22:49:25.014003] 7.0 h estimated remaining runtime at step 6906161
[02-09-2022 23:04:25.006524] 6.7 h estimated remaining runtime at step 7233306
[02-09-2022 23:19:25.005533] 6.4 h estimated remaining runtime at step 7560355
[02-09-2022 23:34:25.006197] 6.2 h estimated remaining runtime at step 7887430
[02-09-2022 23:39:34.694056] finished simulation run
[02-09-2022 23:39:34.827664] wavevector: construct dense grid of wavevectors
[02-09-2022 23:39:34.827707] wavevector: maximum wavenumber: 12.5978
[02-09-2022 23:39:34.827727] wavevector: apply filter on wavevectors: 1 0 0
[02-09-2022 23:39:34.867021] starting simulation run over 8000000 integration steps
[02-09-2022 23:49:25.008606] 7.7 h estimated remaining runtime at step 8168137
[03-09-2022 00:04:25.006818] 7.4 h estimated remaining runtime at step 8424554
[03-09-2022 00:19:25.017796] 7.1 h estimated remaining runtime at step 8680917
[03-09-2022 00:34:25.006890] 6.9 h estimated remaining runtime at step 8937221
[03-09-2022 00:49:25.010296] 6.7 h estimated remaining runtime at step 9193592
[03-09-2022 01:04:25.005518] 6.4 h estimated remaining runtime at step 9449989
[03-09-2022 01:19:25.338869] 6.2 h estimated remaining runtime at step 9706001
[03-09-2022 01:34:25.006597] 5.9 h estimated remaining runtime at step 9962164
[03-09-2022 01:49:25.411342] 6.4 h estimated remaining runtime at step 10199001
[03-09-2022 02:04:25.001791] 5.4 h estimated remaining runtime at step 10438837
[03-09-2022 02:19:25.002228] 6.0 h estimated remaining runtime at step 10673392
[03-09-2022 02:34:25.003220] 4.9 h estimated remaining runtime at step 10925475
[03-09-2022 02:49:25.002575] 5.2 h estimated remaining runtime at step 11153776
[03-09-2022 03:04:25.001779] 4.5 h estimated remaining runtime at step 11409819
[03-09-2022 03:19:25.009539] 4.5 h estimated remaining runtime at step 11650977
[03-09-2022 03:34:25.015837] 3.9 h estimated remaining runtime at step 11904434
[03-09-2022 03:49:25.371627] 4.4 h estimated remaining runtime at step 12143001
[03-09-2022 04:04:25.006856] 3.5 h estimated remaining runtime at step 12393378
[03-09-2022 04:19:25.289836] 3.7 h estimated remaining runtime at step 12634501
[03-09-2022 04:34:25.048536] 3.0 h estimated remaining runtime at step 12881501
[03-09-2022 04:49:25.005325] 3.1 h estimated remaining runtime at step 13128461
[03-09-2022 05:04:25.357487] 2.5 h estimated remaining runtime at step 13377501
[03-09-2022 05:19:25.007113] 2.5 h estimated remaining runtime at step 13626798
[03-09-2022 05:34:25.377603] 2.1 h estimated remaining runtime at step 13870501
[03-09-2022 05:49:25.412323] 1.9 h estimated remaining runtime at step 14125501
[03-09-2022 06:04:25.006989] 1.6 h estimated remaining runtime at step 14363422
[03-09-2022 06:19:25.008608] 1.4 h estimated remaining runtime at step 14619079
[03-09-2022 06:34:25.006318] 1.1 h estimated remaining runtime at step 14850239
[03-09-2022 06:49:25.006944] 52.4 min estimated remaining runtime at step 15105694
[03-09-2022 07:04:25.005311] 37.0 min estimated remaining runtime at step 15362279
[03-09-2022 07:19:25.014661] 21.9 min estimated remaining runtime at step 15621224
[03-09-2022 07:34:25.001688] 6.8 min estimated remaining runtime at step 15880749
[03-09-2022 07:41:18.720021] finished simulation run
[03-09-2022 07:41:18.751343] [  0.0%] finishing simulation: 284 ns (10 ns, 2 calls)
[03-09-2022 07:41:18.751394] [  0.0%] start-up of simulation: 959 ns (177 ns, 2 calls)
[03-09-2022 07:41:18.751408] [  0.0%] compute kinetic-energy: 36.116 µs (0.065 µs, 16000 calls)
[03-09-2022 07:41:18.751418] [  0.0%] compute kinetic-energy: 36.128 µs (0.068 µs, 16000 calls)
[03-09-2022 07:41:18.751427] [  0.0%] compute kinetic-energy: 36.145 µs (0.066 µs, 16000 calls)
[03-09-2022 07:41:18.751434] [  0.0%] compute kinetic-energy: 36.158 µs (0.068 µs, 16000 calls)
[03-09-2022 07:41:18.751442] [  0.0%] compute kinetic-energy: 36.160 µs (0.065 µs, 16000 calls)
[03-09-2022 07:41:18.751450] [  0.0%] compute kinetic-energy: 36.168 µs (0.066 µs, 16000 calls)
[03-09-2022 07:41:18.751457] [  0.0%] compute kinetic-energy: 36.173 µs (0.067 µs, 16000 calls)
[03-09-2022 07:41:18.751465] [  0.0%] compute kinetic-energy: 36.182 µs (0.065 µs, 16000 calls)
[03-09-2022 07:41:18.751473] [  0.0%] compute kinetic-energy: 36.189 µs (0.066 µs, 16000 calls)
[03-09-2022 07:41:18.751480] [  0.0%] compute kinetic-energy: 36.191 µs (0.066 µs, 16000 calls)
[03-09-2022 07:41:18.751488] [  0.0%] compute kinetic-energy: 36.196 µs (0.065 µs, 16000 calls)
[03-09-2022 07:41:18.751495] [  0.0%] compute kinetic-energy: 36.198 µs (0.066 µs, 16000 calls)
[03-09-2022 07:41:18.751503] [  0.0%] compute kinetic-energy: 36.205 µs (0.065 µs, 16000 calls)
[03-09-2022 07:41:18.751511] [  0.0%] compute kinetic-energy: 36.211 µs (0.065 µs, 16000 calls)
[03-09-2022 07:41:18.751518] [  0.0%] compute kinetic-energy: 36.217 µs (0.067 µs, 16000 calls)
[03-09-2022 07:41:18.751526] [  0.0%] compute kinetic-energy: 36.222 µs (0.066 µs, 16000 calls)
[03-09-2022 07:41:18.751533] [  0.0%] compute kinetic-energy: 36.227 µs (0.065 µs, 16000 calls)
[03-09-2022 07:41:18.751541] [  0.0%] compute kinetic-energy: 36.230 µs (0.066 µs, 16000 calls)
[03-09-2022 07:41:18.751549] [  0.0%] compute kinetic-energy: 36.249 µs (0.069 µs, 16000 calls)
[03-09-2022 07:41:18.751556] [  0.0%] compute kinetic-energy: 36.253 µs (0.066 µs, 16000 calls)
[03-09-2022 07:41:18.751564] [  0.0%] compute kinetic-energy: 36.254 µs (0.066 µs, 16000 calls)
[03-09-2022 07:41:18.751571] [  0.0%] compute kinetic-energy: 36.255 µs (0.065 µs, 16000 calls)
[03-09-2022 07:41:18.751579] [  0.0%] compute kinetic-energy: 36.264 µs (0.066 µs, 16000 calls)
[03-09-2022 07:41:18.751587] [  0.0%] compute kinetic-energy: 36.278 µs (0.067 µs, 16000 calls)
[03-09-2022 07:41:18.751594] [  0.0%] compute kinetic-energy: 36.284 µs (0.086 µs, 16000 calls)
[03-09-2022 07:41:18.751602] [  0.0%] compute kinetic-energy: 36.285 µs (0.082 µs, 16000 calls)
[03-09-2022 07:41:18.751610] [  0.0%] compute kinetic-energy: 36.290 µs (0.067 µs, 16000 calls)
[03-09-2022 07:41:18.751618] [  0.0%] compute kinetic-energy: 36.292 µs (0.066 µs, 16000 calls)
[03-09-2022 07:41:18.751625] [  0.0%] compute kinetic-energy: 36.301 µs (0.066 µs, 16000 calls)
[03-09-2022 07:41:18.751633] [  0.0%] compute kinetic-energy: 36.302 µs (0.066 µs, 16000 calls)
[03-09-2022 07:41:18.751640] [  0.0%] compute kinetic-energy: 36.47 µs (0.26 µs, 16000 calls)
[03-09-2022 07:41:18.751648] [  0.0%] compute kinetic-energy: 36.53 µs (0.26 µs, 16000 calls)
[03-09-2022 07:41:18.751656] [  0.0%] compute kinetic-energy: 36.617 µs (0.064 µs, 16000 calls)
[03-09-2022 07:41:18.751663] [  0.0%] compute kinetic-energy: 36.753 µs (0.065 µs, 16000 calls)
[03-09-2022 07:41:18.751671] [  0.0%] compute kinetic-energy: 36.779 µs (0.064 µs, 16000 calls)
[03-09-2022 07:41:18.751679] [  0.0%] compute kinetic-energy: 36.780 µs (0.064 µs, 16000 calls)
[03-09-2022 07:41:18.751686] [  0.0%] compute kinetic-energy: 36.801 µs (0.067 µs, 16000 calls)
[03-09-2022 07:41:18.751694] [  0.0%] compute kinetic-energy: 36.847 µs (0.064 µs, 16000 calls)
[03-09-2022 07:41:18.751701] [  0.0%] compute kinetic-energy: 36.868 µs (0.064 µs, 16000 calls)
[03-09-2022 07:41:18.751709] [  0.0%] compute kinetic-energy: 36.898 µs (0.068 µs, 16000 calls)
[03-09-2022 07:41:18.751717] [  0.0%] compute kinetic-energy: 36.93 µs (0.26 µs, 16000 calls)
[03-09-2022 07:41:18.751724] [  0.0%] compute kinetic-energy: 36.940 µs (0.064 µs, 16000 calls)
[03-09-2022 07:41:18.751733] [  0.0%] compute kinetic-energy: 37.08 µs (0.26 µs, 16000 calls)
[03-09-2022 07:41:18.751741] [  0.0%] compute kinetic-energy: 37.157 µs (0.064 µs, 16000 calls)
[03-09-2022 07:41:18.751749] [  0.0%] compute kinetic-energy: 37.159 µs (0.064 µs, 16000 calls)
[03-09-2022 07:41:18.751757] [  0.0%] compute kinetic-energy: 37.201 µs (0.065 µs, 16000 calls)
[03-09-2022 07:41:18.751764] [  0.0%] compute kinetic-energy: 37.269 µs (0.064 µs, 16000 calls)
[03-09-2022 07:41:18.751772] [  0.0%] compute kinetic-energy: 37.381 µs (0.064 µs, 16000 calls)
[03-09-2022 07:41:18.751779] [  0.0%] compute kinetic-energy: 37.471 µs (0.064 µs, 16000 calls)
[03-09-2022 07:41:18.751787] [  0.0%] compute kinetic-energy: 37.567 µs (0.064 µs, 16000 calls)
[03-09-2022 07:41:18.751794] [  0.0%] compute kinetic-energy: 37.71 µs (0.26 µs, 16000 calls)
[03-09-2022 07:41:18.751802] [  0.0%] compute kinetic-energy: 37.81 µs (0.26 µs, 16000 calls)
[03-09-2022 07:41:18.751809] [  0.0%] compute kinetic-energy: 38.078 µs (0.065 µs, 16000 calls)
[03-09-2022 07:41:18.751817] [  0.0%] compute virial: 38.960 µs (0.044 µs, 16000 calls)
[03-09-2022 07:41:18.751824] [  0.0%] compute virial: 38.965 µs (0.043 µs, 16000 calls)
[03-09-2022 07:41:18.751831] [  0.0%] compute virial: 38.973 µs (0.044 µs, 16000 calls)
[03-09-2022 07:41:18.751838] [  0.0%] compute virial: 38.978 µs (0.048 µs, 16000 calls)
[03-09-2022 07:41:18.751846] [  0.0%] compute virial: 38.985 µs (0.043 µs, 16000 calls)
[03-09-2022 07:41:18.751853] [  0.0%] compute virial: 38.991 µs (0.043 µs, 16000 calls)
[03-09-2022 07:41:18.751860] [  0.0%] compute virial: 38.991 µs (0.045 µs, 16000 calls)
[03-09-2022 07:41:18.751868] [  0.0%] compute virial: 38.992 µs (0.044 µs, 16000 calls)
[03-09-2022 07:41:18.751876] [  0.0%] compute virial: 38.994 µs (0.045 µs, 16000 calls)
[03-09-2022 07:41:18.751884] [  0.0%] compute virial: 38.996 µs (0.044 µs, 16000 calls)
[03-09-2022 07:41:18.751891] [  0.0%] compute virial: 38.997 µs (0.044 µs, 16000 calls)
[03-09-2022 07:41:18.751899] [  0.0%] compute virial: 38.998 µs (0.044 µs, 16000 calls)
[03-09-2022 07:41:18.751906] [  0.0%] compute virial: 38.999 µs (0.044 µs, 16000 calls)
[03-09-2022 07:41:18.751914] [  0.0%] compute virial: 39.000 µs (0.043 µs, 16000 calls)
[03-09-2022 07:41:18.751921] [  0.0%] compute virial: 39.003 µs (0.045 µs, 16000 calls)
[03-09-2022 07:41:18.751929] [  0.0%] compute virial: 39.005 µs (0.045 µs, 16000 calls)
[03-09-2022 07:41:18.751936] [  0.0%] compute virial: 39.005 µs (0.044 µs, 16000 calls)
[03-09-2022 07:41:18.751943] [  0.0%] compute virial: 39.005 µs (0.044 µs, 16000 calls)
[03-09-2022 07:41:18.751951] [  0.0%] compute virial: 39.006 µs (0.047 µs, 16000 calls)
[03-09-2022 07:41:18.751959] [  0.0%] compute virial: 39.008 µs (0.044 µs, 16000 calls)
[03-09-2022 07:41:18.751966] [  0.0%] compute virial: 39.013 µs (0.045 µs, 16000 calls)
[03-09-2022 07:41:18.751974] [  0.0%] compute virial: 39.016 µs (0.053 µs, 16000 calls)
[03-09-2022 07:41:18.751981] [  0.0%] compute virial: 39.016 µs (0.048 µs, 16000 calls)
[03-09-2022 07:41:18.751989] [  0.0%] compute virial: 39.018 µs (0.044 µs, 16000 calls)
[03-09-2022 07:41:18.751996] [  0.0%] compute virial: 39.029 µs (0.047 µs, 16000 calls)
[03-09-2022 07:41:18.752004] [  0.0%] compute virial: 39.032 µs (0.049 µs, 16000 calls)
[03-09-2022 07:41:18.752011] [  0.0%] compute virial: 39.033 µs (0.05 µs, 16000 calls)
[03-09-2022 07:41:18.752019] [  0.0%] compute virial: 39.037 µs (0.054 µs, 16000 calls)
[03-09-2022 07:41:18.752027] [  0.0%] compute virial: 39.044 µs (0.051 µs, 16000 calls)
[03-09-2022 07:41:18.752034] [  0.0%] compute virial: 39.047 µs (0.058 µs, 16000 calls)
[03-09-2022 07:41:18.752042] [  0.0%] compute kinetic-energy: 39.048 µs (0.06 µs, 16000 calls)
[03-09-2022 07:41:18.752049] [  0.0%] compute virial: 39.055 µs (0.061 µs, 16000 calls)
[03-09-2022 07:41:18.752057] [  0.0%] compute virial: 39.078 µs (0.061 µs, 16000 calls)
[03-09-2022 07:41:18.752065] [  0.0%] compute virial: 39.078 µs (0.044 µs, 16000 calls)
[03-09-2022 07:41:18.752074] [  0.0%] compute virial: 39.085 µs (0.043 µs, 16000 calls)
[03-09-2022 07:41:18.752082] [  0.0%] compute virial: 39.104 µs (0.067 µs, 16000 calls)
[03-09-2022 07:41:18.752089] [  0.0%] compute virial: 39.124 µs (0.044 µs, 16000 calls)
[03-09-2022 07:41:18.752097] [  0.0%] compute virial: 39.130 µs (0.045 µs, 16000 calls)
[03-09-2022 07:41:18.752104] [  0.0%] compute virial: 39.134 µs (0.043 µs, 16000 calls)
[03-09-2022 07:41:18.752112] [  0.0%] compute virial: 39.139 µs (0.044 µs, 16000 calls)
[03-09-2022 07:41:18.752119] [  0.0%] compute virial: 39.152 µs (0.051 µs, 16000 calls)
[03-09-2022 07:41:18.752126] [  0.0%] compute virial: 39.153 µs (0.044 µs, 16000 calls)
[03-09-2022 07:41:18.752134] [  0.0%] compute virial: 39.154 µs (0.045 µs, 16000 calls)
[03-09-2022 07:41:18.752142] [  0.0%] compute virial: 39.163 µs (0.046 µs, 16000 calls)
[03-09-2022 07:41:18.752149] [  0.0%] compute virial: 39.167 µs (0.045 µs, 16000 calls)
[03-09-2022 07:41:18.752157] [  0.0%] compute virial: 39.178 µs (0.046 µs, 16000 calls)
[03-09-2022 07:41:18.752164] [  0.0%] compute virial: 39.181 µs (0.051 µs, 16000 calls)
[03-09-2022 07:41:18.752172] [  0.0%] compute virial: 39.184 µs (0.049 µs, 16000 calls)
[03-09-2022 07:41:18.752179] [  0.0%] compute virial: 39.184 µs (0.054 µs, 16000 calls)
[03-09-2022 07:41:18.752187] [  0.0%] compute kinetic-energy: 39.185 µs (0.061 µs, 16000 calls)
[03-09-2022 07:41:18.752195] [  0.0%] compute virial: 39.192 µs (0.043 µs, 16000 calls)
[03-09-2022 07:41:18.752202] [  0.0%] compute virial: 39.192 µs (0.058 µs, 16000 calls)
[03-09-2022 07:41:18.752210] [  0.0%] compute virial: 39.195 µs (0.045 µs, 16000 calls)
[03-09-2022 07:41:18.752217] [  0.0%] compute virial: 39.200 µs (0.044 µs, 16000 calls)
[03-09-2022 07:41:18.752225] [  0.0%] compute virial: 39.202 µs (0.044 µs, 16000 calls)
[03-09-2022 07:41:18.752232] [  0.0%] compute kinetic-energy: 39.210 µs (0.064 µs, 16000 calls)
[03-09-2022 07:41:18.752240] [  0.0%] compute virial: 39.211 µs (0.054 µs, 16000 calls)
[03-09-2022 07:41:18.752247] [  0.0%] compute virial: 39.213 µs (0.053 µs, 16000 calls)
[03-09-2022 07:41:18.752255] [  0.0%] compute virial: 39.214 µs (0.044 µs, 16000 calls)
[03-09-2022 07:41:18.752262] [  0.0%] compute virial: 39.218 µs (0.07 µs, 16000 calls)
[03-09-2022 07:41:18.752270] [  0.0%] compute virial: 39.224 µs (0.058 µs, 16000 calls)
[03-09-2022 07:41:18.752277] [  0.0%] compute virial: 39.228 µs (0.05 µs, 16000 calls)
[03-09-2022 07:41:18.752285] [  0.0%] compute virial: 39.230 µs (0.066 µs, 16000 calls)
[03-09-2022 07:41:18.752292] [  0.0%] compute virial: 39.230 µs (0.051 µs, 16000 calls)
[03-09-2022 07:41:18.752300] [  0.0%] compute virial: 39.233 µs (0.056 µs, 16000 calls)
[03-09-2022 07:41:18.752308] [  0.0%] compute virial: 39.234 µs (0.047 µs, 16000 calls)
[03-09-2022 07:41:18.752315] [  0.0%] compute virial: 39.250 µs (0.051 µs, 16000 calls)
[03-09-2022 07:41:18.752322] [  0.0%] compute virial: 39.252 µs (0.049 µs, 16000 calls)
[03-09-2022 07:41:18.752330] [  0.0%] compute virial: 39.270 µs (0.069 µs, 16000 calls)
[03-09-2022 07:41:18.752337] [  0.0%] compute virial: 39.271 µs (0.049 µs, 16000 calls)
[03-09-2022 07:41:18.752345] [  0.0%] compute virial: 39.276 µs (0.046 µs, 16000 calls)
[03-09-2022 07:41:18.752353] [  0.0%] compute virial: 39.281 µs (0.048 µs, 16000 calls)
[03-09-2022 07:41:18.752360] [  0.0%] compute virial: 39.289 µs (0.07 µs, 16000 calls)
[03-09-2022 07:41:18.752368] [  0.0%] compute virial: 39.296 µs (0.044 µs, 16000 calls)
[03-09-2022 07:41:18.752375] [  0.0%] compute kinetic-energy: 39.299 µs (0.061 µs, 16000 calls)
[03-09-2022 07:41:18.752383] [  0.0%] compute virial: 39.316 µs (0.046 µs, 16000 calls)
[03-09-2022 07:41:18.752391] [  0.0%] compute kinetic-energy: 39.347 µs (0.064 µs, 16000 calls)
[03-09-2022 07:41:18.752398] [  0.0%] compute virial: 39.349 µs (0.061 µs, 16000 calls)
[03-09-2022 07:41:18.752406] [  0.0%] compute virial: 39.372 µs (0.046 µs, 16000 calls)
[03-09-2022 07:41:18.752415] [  0.0%] compute virial: 39.423 µs (0.045 µs, 16000 calls)
[03-09-2022 07:41:18.752423] [  0.0%] compute virial: 39.441 µs (0.049 µs, 16000 calls)
[03-09-2022 07:41:18.752431] [  0.0%] compute virial: 39.498 µs (0.065 µs, 16000 calls)
[03-09-2022 07:41:18.752438] [  0.0%] compute virial: 39.534 µs (0.054 µs, 16000 calls)
[03-09-2022 07:41:18.752446] [  0.0%] compute virial: 39.63 µs (0.26 µs, 16000 calls)
[03-09-2022 07:41:18.752453] [  0.0%] compute kinetic-energy: 40.107 µs (0.059 µs, 16000 calls)
[03-09-2022 07:41:18.752461] [  0.0%] compute kinetic-energy: 40.252 µs (0.058 µs, 16000 calls)
[03-09-2022 07:41:18.752469] [  0.0%] compute kinetic-energy: 40.403 µs (0.056 µs, 16000 calls)
[03-09-2022 07:41:18.752476] [  0.0%] compute kinetic-energy: 40.491 µs (0.057 µs, 16000 calls)
[03-09-2022 07:41:18.752484] [  0.0%] compute kinetic-energy: 40.635 µs (0.055 µs, 16000 calls)
[03-09-2022 07:41:18.752492] [  0.0%] compute kinetic-energy: 40.733 µs (0.055 µs, 16000 calls)
[03-09-2022 07:41:18.752500] [  0.0%] compute kinetic-energy: 40.743 µs (0.057 µs, 16000 calls)
[03-09-2022 07:41:18.752507] [  0.0%] compute kinetic-energy: 40.841 µs (0.055 µs, 16000 calls)
[03-09-2022 07:41:18.752515] [  0.0%] compute kinetic-energy: 40.923 µs (0.055 µs, 16000 calls)
[03-09-2022 07:41:18.752523] [  0.0%] compute kinetic-energy: 41.010 µs (0.055 µs, 16000 calls)
[03-09-2022 07:41:18.752530] [  0.0%] compute kinetic-energy: 41.17 µs (0.26 µs, 16000 calls)
[03-09-2022 07:41:18.752538] [  0.0%] compute kinetic-energy: 41.375 µs (0.053 µs, 16000 calls)
[03-09-2022 07:41:18.752545] [  0.0%] compute kinetic-energy: 41.434 µs (0.056 µs, 16000 calls)
[03-09-2022 07:41:18.752553] [  0.0%] compute kinetic-energy: 41.505 µs (0.051 µs, 16000 calls)
[03-09-2022 07:41:18.752561] [  0.0%] compute kinetic-energy: 41.511 µs (0.055 µs, 16000 calls)
[03-09-2022 07:41:18.752568] [  0.0%] compute kinetic-energy: 41.530 µs (0.052 µs, 16000 calls)
[03-09-2022 07:41:18.752576] [  0.0%] compute kinetic-energy: 41.530 µs (0.053 µs, 16000 calls)
[03-09-2022 07:41:18.752584] [  0.0%] compute kinetic-energy: 41.563 µs (0.058 µs, 16000 calls)
[03-09-2022 07:41:18.752591] [  0.0%] compute kinetic-energy: 41.582 µs (0.051 µs, 16000 calls)
[03-09-2022 07:41:18.752599] [  0.0%] compute kinetic-energy: 41.589 µs (0.053 µs, 16000 calls)
[03-09-2022 07:41:18.752606] [  0.0%] compute kinetic-energy: 41.75 µs (0.26 µs, 16000 calls)
[03-09-2022 07:41:18.752614] [  0.0%] compute virial: 42.300 µs (0.043 µs, 16000 calls)
[03-09-2022 07:41:18.752622] [  0.0%] compute kinetic-energy: 43.894 µs (0.065 µs, 16000 calls)
[03-09-2022 07:41:18.752629] [  0.0%] compute centre-of-mass velocity: 45.289 µs (0.045 µs, 16000 calls)
[03-09-2022 07:41:18.752637] [  0.0%] compute centre-of-mass velocity: 45.290 µs (0.046 µs, 16000 calls)
[03-09-2022 07:41:18.752645] [  0.0%] compute centre-of-mass velocity: 45.371 µs (0.045 µs, 16000 calls)
[03-09-2022 07:41:18.752653] [  0.0%] compute centre-of-mass velocity: 45.376 µs (0.045 µs, 16000 calls)
[03-09-2022 07:41:18.752660] [  0.0%] compute centre-of-mass velocity: 45.393 µs (0.045 µs, 16000 calls)
[03-09-2022 07:41:18.752668] [  0.0%] compute centre-of-mass velocity: 45.404 µs (0.047 µs, 16000 calls)
[03-09-2022 07:41:18.752676] [  0.0%] compute centre-of-mass velocity: 45.411 µs (0.05 µs, 16000 calls)
[03-09-2022 07:41:18.752683] [  0.0%] compute centre-of-mass velocity: 45.478 µs (0.044 µs, 16000 calls)
[03-09-2022 07:41:18.752691] [  0.0%] compute centre-of-mass velocity: 45.495 µs (0.044 µs, 16000 calls)
[03-09-2022 07:41:18.752698] [  0.0%] compute centre-of-mass velocity: 45.501 µs (0.048 µs, 16000 calls)
[03-09-2022 07:41:18.752706] [  0.0%] compute centre-of-mass velocity: 45.503 µs (0.045 µs, 16000 calls)
[03-09-2022 07:41:18.752714] [  0.0%] compute centre-of-mass velocity: 45.506 µs (0.044 µs, 16000 calls)
[03-09-2022 07:41:18.752721] [  0.0%] compute centre-of-mass velocity: 45.507 µs (0.044 µs, 16000 calls)
[03-09-2022 07:41:18.752730] [  0.0%] compute centre-of-mass velocity: 45.509 µs (0.046 µs, 16000 calls)
[03-09-2022 07:41:18.752738] [  0.0%] compute centre-of-mass velocity: 45.510 µs (0.045 µs, 16000 calls)
[03-09-2022 07:41:18.752746] [  0.0%] compute centre-of-mass velocity: 45.512 µs (0.044 µs, 16000 calls)
[03-09-2022 07:41:18.752753] [  0.0%] compute centre-of-mass velocity: 45.524 µs (0.045 µs, 16000 calls)
[03-09-2022 07:41:18.752761] [  0.0%] compute centre-of-mass velocity: 45.528 µs (0.044 µs, 16000 calls)
[03-09-2022 07:41:18.752768] [  0.0%] compute centre-of-mass velocity: 45.532 µs (0.06 µs, 16000 calls)
[03-09-2022 07:41:18.752776] [  0.0%] compute centre-of-mass velocity: 45.537 µs (0.049 µs, 16000 calls)
[03-09-2022 07:41:18.752784] [  0.0%] compute centre-of-mass velocity: 45.538 µs (0.047 µs, 16000 calls)
[03-09-2022 07:41:18.752792] [  0.0%] compute centre-of-mass velocity: 45.538 µs (0.067 µs, 16000 calls)
[03-09-2022 07:41:18.752799] [  0.0%] compute centre-of-mass velocity: 45.542 µs (0.044 µs, 16000 calls)
[03-09-2022 07:41:18.752807] [  0.0%] compute centre-of-mass velocity: 45.551 µs (0.047 µs, 16000 calls)
[03-09-2022 07:41:18.752814] [  0.0%] compute centre-of-mass velocity: 45.552 µs (0.046 µs, 16000 calls)
[03-09-2022 07:41:18.752822] [  0.0%] compute centre-of-mass velocity: 45.556 µs (0.046 µs, 16000 calls)
[03-09-2022 07:41:18.752829] [  0.0%] compute centre-of-mass velocity: 45.557 µs (0.044 µs, 16000 calls)
[03-09-2022 07:41:18.752837] [  0.0%] compute centre-of-mass velocity: 45.560 µs (0.045 µs, 16000 calls)
[03-09-2022 07:41:18.752844] [  0.0%] compute centre-of-mass velocity: 45.590 µs (0.044 µs, 16000 calls)
[03-09-2022 07:41:18.752852] [  0.0%] compute centre-of-mass velocity: 45.591 µs (0.047 µs, 16000 calls)
[03-09-2022 07:41:18.752860] [  0.0%] compute centre-of-mass velocity: 45.605 µs (0.07 µs, 16000 calls)
[03-09-2022 07:41:18.752867] [  0.0%] compute centre-of-mass velocity: 45.611 µs (0.043 µs, 16000 calls)
[03-09-2022 07:41:18.752875] [  0.0%] compute centre-of-mass velocity: 45.615 µs (0.046 µs, 16000 calls)
[03-09-2022 07:41:18.752882] [  0.0%] compute centre-of-mass velocity: 45.616 µs (0.044 µs, 16000 calls)
[03-09-2022 07:41:18.752890] [  0.0%] compute centre-of-mass velocity: 45.617 µs (0.045 µs, 16000 calls)
[03-09-2022 07:41:18.752897] [  0.0%] compute centre-of-mass velocity: 45.620 µs (0.045 µs, 16000 calls)
[03-09-2022 07:41:18.752905] [  0.0%] compute centre-of-mass velocity: 45.626 µs (0.044 µs, 16000 calls)
[03-09-2022 07:41:18.752913] [  0.0%] compute centre-of-mass velocity: 45.635 µs (0.045 µs, 16000 calls)
[03-09-2022 07:41:18.752920] [  0.0%] compute centre-of-mass velocity: 45.637 µs (0.044 µs, 16000 calls)
[03-09-2022 07:41:18.752928] [  0.0%] compute centre-of-mass velocity: 45.646 µs (0.045 µs, 16000 calls)
[03-09-2022 07:41:18.752935] [  0.0%] compute centre-of-mass velocity: 45.647 µs (0.067 µs, 16000 calls)
[03-09-2022 07:41:18.752942] [  0.0%] compute centre-of-mass velocity: 45.649 µs (0.044 µs, 16000 calls)
[03-09-2022 07:41:18.752950] [  0.0%] compute centre-of-mass velocity: 45.649 µs (0.043 µs, 16000 calls)
[03-09-2022 07:41:18.752958] [  0.0%] compute centre-of-mass velocity: 45.653 µs (0.05 µs, 16000 calls)
[03-09-2022 07:41:18.752965] [  0.0%] compute centre-of-mass velocity: 45.654 µs (0.044 µs, 16000 calls)
[03-09-2022 07:41:18.752973] [  0.0%] compute centre-of-mass velocity: 45.658 µs (0.044 µs, 16000 calls)
[03-09-2022 07:41:18.752981] [  0.0%] compute centre-of-mass velocity: 45.666 µs (0.044 µs, 16000 calls)
[03-09-2022 07:41:18.752988] [  0.0%] compute centre-of-mass velocity: 45.666 µs (0.043 µs, 16000 calls)
[03-09-2022 07:41:18.752996] [  0.0%] compute centre-of-mass velocity: 45.669 µs (0.043 µs, 16000 calls)
[03-09-2022 07:41:18.753003] [  0.0%] compute centre-of-mass velocity: 45.670 µs (0.048 µs, 16000 calls)
[03-09-2022 07:41:18.753011] [  0.0%] compute centre-of-mass velocity: 45.671 µs (0.046 µs, 16000 calls)
[03-09-2022 07:41:18.753020] [  0.0%] compute centre-of-mass velocity: 45.677 µs (0.047 µs, 16000 calls)
[03-09-2022 07:41:18.753029] [  0.0%] compute centre-of-mass velocity: 45.680 µs (0.043 µs, 16000 calls)
[03-09-2022 07:41:18.753037] [  0.0%] compute centre-of-mass velocity: 45.680 µs (0.049 µs, 16000 calls)
[03-09-2022 07:41:18.753045] [  0.0%] compute centre-of-mass velocity: 45.682 µs (0.054 µs, 16000 calls)
[03-09-2022 07:41:18.753052] [  0.0%] compute centre-of-mass velocity: 45.684 µs (0.047 µs, 16000 calls)
[03-09-2022 07:41:18.753060] [  0.0%] compute centre-of-mass velocity: 45.692 µs (0.046 µs, 16000 calls)
[03-09-2022 07:41:18.753068] [  0.0%] compute centre-of-mass velocity: 45.695 µs (0.066 µs, 16000 calls)
[03-09-2022 07:41:18.753075] [  0.0%] compute centre-of-mass velocity: 45.698 µs (0.044 µs, 16000 calls)
[03-09-2022 07:41:18.753083] [  0.0%] compute centre-of-mass velocity: 45.727 µs (0.068 µs, 16000 calls)
[03-09-2022 07:41:18.753090] [  0.0%] compute centre-of-mass velocity: 45.731 µs (0.047 µs, 16000 calls)
[03-09-2022 07:41:18.753098] [  0.0%] compute centre-of-mass velocity: 45.737 µs (0.079 µs, 16000 calls)
[03-09-2022 07:41:18.753106] [  0.0%] compute centre-of-mass velocity: 45.741 µs (0.046 µs, 16000 calls)
[03-09-2022 07:41:18.753113] [  0.0%] compute centre-of-mass velocity: 45.75 µs (0.26 µs, 16000 calls)
[03-09-2022 07:41:18.753121] [  0.0%] compute centre-of-mass velocity: 45.756 µs (0.044 µs, 16000 calls)
[03-09-2022 07:41:18.753129] [  0.0%] compute centre-of-mass velocity: 45.765 µs (0.043 µs, 16000 calls)
[03-09-2022 07:41:18.753136] [  0.0%] compute centre-of-mass velocity: 45.771 µs (0.069 µs, 16000 calls)
[03-09-2022 07:41:18.753144] [  0.0%] compute centre-of-mass velocity: 45.796 µs (0.066 µs, 16000 calls)
[03-09-2022 07:41:18.753152] [  0.0%] compute centre-of-mass velocity: 45.818 µs (0.046 µs, 16000 calls)
[03-09-2022 07:41:18.753159] [  0.0%] compute centre-of-mass velocity: 45.83 µs (0.26 µs, 16000 calls)
[03-09-2022 07:41:18.753167] [  0.0%] compute centre-of-mass velocity: 45.842 µs (0.046 µs, 16000 calls)
[03-09-2022 07:41:18.753174] [  0.0%] compute centre-of-mass velocity: 45.860 µs (0.067 µs, 16000 calls)
[03-09-2022 07:41:18.753182] [  0.0%] compute centre-of-mass velocity: 45.90 µs (0.26 µs, 16000 calls)
[03-09-2022 07:41:18.753190] [  0.0%] compute centre-of-mass velocity: 45.906 µs (0.043 µs, 16000 calls)
[03-09-2022 07:41:18.753197] [  0.0%] compute centre-of-mass velocity: 45.92 µs (0.24 µs, 16000 calls)
[03-09-2022 07:41:18.753205] [  0.0%] compute centre-of-mass velocity: 45.993 µs (0.045 µs, 16000 calls)
[03-09-2022 07:41:18.753213] [  0.0%] compute centre-of-mass velocity: 46.018 µs (0.069 µs, 16000 calls)
[03-09-2022 07:41:18.753227] [  0.0%] compute centre-of-mass velocity: 46.117 µs (0.047 µs, 16000 calls)
[03-09-2022 07:41:18.753235] [  0.0%] compute centre-of-mass velocity: 46.184 µs (0.07 µs, 16000 calls)
[03-09-2022 07:41:18.753243] [  0.0%] compute heat_flux: 47.752 µs (0.049 µs, 16000 calls)
[03-09-2022 07:41:18.753251] [  0.0%] compute heat_flux: 47.758 µs (0.051 µs, 16000 calls)
[03-09-2022 07:41:18.753258] [  0.0%] compute heat_flux: 47.760 µs (0.05 µs, 16000 calls)
[03-09-2022 07:41:18.753266] [  0.0%] compute heat_flux: 47.765 µs (0.051 µs, 16000 calls)
[03-09-2022 07:41:18.753274] [  0.0%] compute heat_flux: 47.778 µs (0.05 µs, 16000 calls)
[03-09-2022 07:41:18.753282] [  0.0%] compute heat_flux: 47.785 µs (0.049 µs, 16000 calls)
[03-09-2022 07:41:18.753289] [  0.0%] compute heat_flux: 47.799 µs (0.052 µs, 16000 calls)
[03-09-2022 07:41:18.753297] [  0.0%] compute heat_flux: 47.871 µs (0.055 µs, 16000 calls)
[03-09-2022 07:41:18.753304] [  0.0%] compute heat_flux: 47.873 µs (0.052 µs, 16000 calls)
[03-09-2022 07:41:18.753312] [  0.0%] compute heat_flux: 47.881 µs (0.051 µs, 16000 calls)
[03-09-2022 07:41:18.753319] [  0.0%] compute heat_flux: 47.900 µs (0.064 µs, 16000 calls)
[03-09-2022 07:41:18.753327] [  0.0%] compute heat_flux: 47.909 µs (0.071 µs, 16000 calls)
[03-09-2022 07:41:18.753336] [  0.0%] compute heat_flux: 47.910 µs (0.053 µs, 16000 calls)
[03-09-2022 07:41:18.753344] [  0.0%] compute heat_flux: 47.982 µs (0.052 µs, 16000 calls)
[03-09-2022 07:41:18.753352] [  0.0%] compute heat_flux: 48.00 µs (0.26 µs, 16000 calls)
[03-09-2022 07:41:18.753359] [  0.0%] compute heat_flux: 48.036 µs (0.074 µs, 16000 calls)
[03-09-2022 07:41:18.753367] [  0.0%] compute heat_flux: 48.041 µs (0.053 µs, 16000 calls)
[03-09-2022 07:41:18.753374] [  0.0%] compute centre-of-mass velocity: 48.063 µs (0.043 µs, 16000 calls)
[03-09-2022 07:41:18.753382] [  0.0%] compute heat_flux: 48.066 µs (0.054 µs, 16000 calls)
[03-09-2022 07:41:18.753390] [  0.0%] compute heat_flux: 48.095 µs (0.056 µs, 16000 calls)
[03-09-2022 07:41:18.753397] [  0.0%] compute heat_flux: 48.095 µs (0.077 µs, 16000 calls)
[03-09-2022 07:41:18.753405] [  0.0%] compute heat_flux: 48.107 µs (0.056 µs, 16000 calls)
[03-09-2022 07:41:18.753412] [  0.0%] compute heat_flux: 48.131 µs (0.062 µs, 16000 calls)
[03-09-2022 07:41:18.753420] [  0.0%] compute heat_flux: 48.138 µs (0.056 µs, 16000 calls)
[03-09-2022 07:41:18.753438] [  0.0%] compute heat_flux: 48.14 µs (0.26 µs, 16000 calls)
[03-09-2022 07:41:18.753450] [  0.0%] compute heat_flux: 48.164 µs (0.057 µs, 16000 calls)
[03-09-2022 07:41:18.753461] [  0.0%] compute heat_flux: 48.173 µs (0.055 µs, 16000 calls)
[03-09-2022 07:41:18.753473] [  0.0%] compute heat_flux: 48.23 µs (0.26 µs, 16000 calls)
[03-09-2022 07:41:18.753484] [  0.0%] compute heat_flux: 48.231 µs (0.074 µs, 16000 calls)
[03-09-2022 07:41:18.753495] [  0.0%] compute heat_flux: 48.420 µs (0.061 µs, 16000 calls)
[03-09-2022 07:41:18.753506] [  0.0%] compute heat_flux: 48.539 µs (0.084 µs, 16000 calls)
[03-09-2022 07:41:18.753518] [  0.0%] compute heat_flux: 48.563 µs (0.063 µs, 16000 calls)
[03-09-2022 07:41:18.753529] [  0.0%] compute heat_flux: 48.65 µs (0.26 µs, 16000 calls)
[03-09-2022 07:41:18.753540] [  0.0%] update selection of a group of particles in a region: 48.751 µs (0.063 µs, 16000 calls)
[03-09-2022 07:41:18.753551] [  0.0%] update selection of a group of particles in a region: 48.764 µs (0.064 µs, 16000 calls)
[03-09-2022 07:41:18.753563] [  0.0%] update selection of a group of particles in a region: 48.764 µs (0.064 µs, 16000 calls)
[03-09-2022 07:41:18.753574] [  0.0%] update selection of a group of particles in a region: 48.766 µs (0.063 µs, 16000 calls)
[03-09-2022 07:41:18.753586] [  0.0%] update selection of a group of particles in a region: 48.776 µs (0.064 µs, 16000 calls)
[03-09-2022 07:41:18.753597] [  0.0%] update selection of a group of particles in a region: 48.778 µs (0.064 µs, 16000 calls)
[03-09-2022 07:41:18.753608] [  0.0%] update selection of a group of particles in a region: 48.779 µs (0.063 µs, 16000 calls)
[03-09-2022 07:41:18.753620] [  0.0%] update selection of a group of particles in a region: 48.780 µs (0.064 µs, 16000 calls)
[03-09-2022 07:41:18.753631] [  0.0%] update selection of a group of particles in a region: 48.781 µs (0.064 µs, 16000 calls)
[03-09-2022 07:41:18.753643] [  0.0%] update selection of a group of particles in a region: 48.784 µs (0.065 µs, 16000 calls)
[03-09-2022 07:41:18.753654] [  0.0%] update selection of a group of particles in a region: 48.784 µs (0.064 µs, 16000 calls)
[03-09-2022 07:41:18.753665] [  0.0%] update selection of a group of particles in a region: 48.786 µs (0.064 µs, 16000 calls)
[03-09-2022 07:41:18.753677] [  0.0%] update selection of a group of particles in a region: 48.791 µs (0.065 µs, 16000 calls)
[03-09-2022 07:41:18.753688] [  0.0%] update selection of a group of particles in a region: 48.792 µs (0.064 µs, 16000 calls)
[03-09-2022 07:41:18.753699] [  0.0%] update selection of a group of particles in a region: 48.793 µs (0.064 µs, 16000 calls)
[03-09-2022 07:41:18.753711] [  0.0%] update selection of a group of particles in a region: 48.794 µs (0.064 µs, 16000 calls)
[03-09-2022 07:41:18.753722] [  0.0%] update selection of a group of particles in a region: 48.798 µs (0.065 µs, 16000 calls)
[03-09-2022 07:41:18.753736] [  0.0%] update selection of a group of particles in a region: 48.800 µs (0.064 µs, 16000 calls)
[03-09-2022 07:41:18.753748] [  0.0%] update selection of a group of particles in a region: 48.800 µs (0.065 µs, 16000 calls)
[03-09-2022 07:41:18.753759] [  0.0%] update selection of a group of particles in a region: 48.806 µs (0.063 µs, 16000 calls)
[03-09-2022 07:41:18.753771] [  0.0%] update selection of a group of particles in a region: 48.811 µs (0.065 µs, 16000 calls)
[03-09-2022 07:41:18.753782] [  0.0%] update selection of a group of particles in a region: 48.812 µs (0.064 µs, 16000 calls)
[03-09-2022 07:41:18.753793] [  0.0%] update selection of a group of particles in a region: 48.812 µs (0.065 µs, 16000 calls)
[03-09-2022 07:41:18.753805] [  0.0%] update selection of a group of particles in a region: 48.815 µs (0.064 µs, 16000 calls)
[03-09-2022 07:41:18.753816] [  0.0%] update selection of a group of particles in a region: 48.819 µs (0.066 µs, 16000 calls)
[03-09-2022 07:41:18.753828] [  0.0%] update selection of a group of particles in a region: 48.822 µs (0.064 µs, 16000 calls)
[03-09-2022 07:41:18.753839] [  0.0%] update selection of a group of particles in a region: 48.824 µs (0.064 µs, 16000 calls)
[03-09-2022 07:41:18.753850] [  0.0%] update selection of a group of particles in a region: 48.828 µs (0.066 µs, 16000 calls)
[03-09-2022 07:41:18.753862] [  0.0%] update selection of a group of particles in a region: 48.837 µs (0.066 µs, 16000 calls)
[03-09-2022 07:41:18.753873] [  0.0%] update selection of a group of particles in a region: 48.839 µs (0.065 µs, 16000 calls)
[03-09-2022 07:41:18.753884] [  0.0%] update selection of a group of particles in a region: 48.840 µs (0.064 µs, 16000 calls)
[03-09-2022 07:41:18.753895] [  0.0%] update selection of a group of particles in a region: 48.846 µs (0.064 µs, 16000 calls)
[03-09-2022 07:41:18.753907] [  0.0%] update selection of a group of particles in a region: 48.847 µs (0.065 µs, 16000 calls)
[03-09-2022 07:41:18.753918] [  0.0%] update selection of a group of particles in a region: 48.849 µs (0.063 µs, 16000 calls)
[03-09-2022 07:41:18.753929] [  0.0%] update selection of a group of particles in a region: 48.852 µs (0.065 µs, 16000 calls)
[03-09-2022 07:41:18.753941] [  0.0%] update selection of a group of particles in a region: 48.853 µs (0.064 µs, 16000 calls)
[03-09-2022 07:41:18.753952] [  0.0%] update selection of a group of particles in a region: 48.855 µs (0.063 µs, 16000 calls)
[03-09-2022 07:41:18.753979] [  0.0%] update selection of a group of particles in a region: 48.855 µs (0.066 µs, 16000 calls)
[03-09-2022 07:41:18.753991] [  0.0%] update selection of a group of particles in a region: 48.856 µs (0.064 µs, 16000 calls)
[03-09-2022 07:41:18.754002] [  0.0%] update selection of a group of particles in a region: 48.862 µs (0.066 µs, 16000 calls)
[03-09-2022 07:41:18.754014] [  0.0%] update selection of a group of particles in a region: 48.863 µs (0.081 µs, 16000 calls)
[03-09-2022 07:41:18.754025] [  0.0%] update selection of a group of particles in a region: 48.868 µs (0.067 µs, 16000 calls)
[03-09-2022 07:41:18.754036] [  0.0%] update selection of a group of particles in a region: 48.876 µs (0.067 µs, 16000 calls)
[03-09-2022 07:41:18.754048] [  0.0%] update selection of a group of particles in a region: 48.886 µs (0.066 µs, 16000 calls)
[03-09-2022 07:41:18.754059] [  0.0%] update selection of a group of particles in a region: 48.891 µs (0.065 µs, 16000 calls)
[03-09-2022 07:41:18.754071] [  0.0%] update selection of a group of particles in a region: 48.894 µs (0.064 µs, 16000 calls)
[03-09-2022 07:41:18.754082] [  0.0%] update selection of a group of particles in a region: 48.899 µs (0.086 µs, 16000 calls)
[03-09-2022 07:41:18.754094] [  0.0%] update selection of a group of particles in a region: 48.900 µs (0.067 µs, 16000 calls)
[03-09-2022 07:41:18.754105] [  0.0%] update selection of a group of particles in a region: 48.904 µs (0.066 µs, 16000 calls)
[03-09-2022 07:41:18.754119] [  0.0%] update selection of a group of particles in a region: 48.908 µs (0.064 µs, 16000 calls)
[03-09-2022 07:41:18.754131] [  0.0%] update selection of a group of particles in a region: 48.913 µs (0.065 µs, 16000 calls)
[03-09-2022 07:41:18.754142] [  0.0%] update selection of a group of particles in a region: 48.914 µs (0.064 µs, 16000 calls)
[03-09-2022 07:41:18.754154] [  0.0%] update selection of a group of particles in a region: 48.930 µs (0.065 µs, 16000 calls)
[03-09-2022 07:41:18.754165] [  0.0%] update selection of a group of particles in a region: 48.935 µs (0.066 µs, 16000 calls)
[03-09-2022 07:41:18.754177] [  0.0%] update selection of a group of particles in a region: 48.938 µs (0.066 µs, 16000 calls)
[03-09-2022 07:41:18.754188] [  0.0%] update selection of a group of particles in a region: 48.963 µs (0.065 µs, 16000 calls)
[03-09-2022 07:41:18.754199] [  0.0%] update selection of a group of particles in a region: 48.970 µs (0.064 µs, 16000 calls)
[03-09-2022 07:41:18.754211] [  0.0%] update selection of a group of particles in a region: 49.006 µs (0.066 µs, 16000 calls)
[03-09-2022 07:41:18.754223] [  0.0%] update selection of a group of particles in a region: 49.007 µs (0.066 µs, 16000 calls)
[03-09-2022 07:41:18.754234] [  0.0%] update selection of a group of particles in a region: 49.007 µs (0.074 µs, 16000 calls)
[03-09-2022 07:41:18.754245] [  0.0%] update selection of a group of particles in a region: 49.011 µs (0.085 µs, 16000 calls)
[03-09-2022 07:41:18.754257] [  0.0%] update selection of a group of particles in a region: 49.013 µs (0.066 µs, 16000 calls)
[03-09-2022 07:41:18.754268] [  0.0%] update selection of a group of particles in a region: 49.014 µs (0.065 µs, 16000 calls)
[03-09-2022 07:41:18.754279] [  0.0%] update selection of a group of particles in a region: 49.024 µs (0.081 µs, 16000 calls)
[03-09-2022 07:41:18.754291] [  0.0%] update selection of a group of particles in a region: 49.026 µs (0.066 µs, 16000 calls)
[03-09-2022 07:41:18.754302] [  0.0%] update selection of a group of particles in a region: 49.037 µs (0.064 µs, 16000 calls)
[03-09-2022 07:41:18.754314] [  0.0%] update selection of a group of particles in a region: 49.042 µs (0.064 µs, 16000 calls)
[03-09-2022 07:41:18.754325] [  0.0%] update selection of a group of particles in a region: 49.042 µs (0.072 µs, 16000 calls)
[03-09-2022 07:41:18.754337] [  0.0%] update selection of a group of particles in a region: 49.053 µs (0.067 µs, 16000 calls)
[03-09-2022 07:41:18.754348] [  0.0%] update selection of a group of particles in a region: 49.090 µs (0.066 µs, 16000 calls)
[03-09-2022 07:41:18.754360] [  0.0%] update selection of a group of particles in a region: 49.091 µs (0.065 µs, 16000 calls)
[03-09-2022 07:41:18.754371] [  0.0%] update selection of a group of particles in a region: 49.092 µs (0.084 µs, 16000 calls)
[03-09-2022 07:41:18.754383] [  0.0%] update selection of a group of particles in a region: 49.10 µs (0.26 µs, 16000 calls)
[03-09-2022 07:41:18.754394] [  0.0%] update selection of a group of particles in a region: 49.105 µs (0.066 µs, 16000 calls)
[03-09-2022 07:41:18.754405] [  0.0%] update selection of a group of particles in a region: 49.110 µs (0.066 µs, 16000 calls)
[03-09-2022 07:41:18.754417] [  0.0%] compute heat_flux: 49.157 µs (0.075 µs, 16000 calls)
[03-09-2022 07:41:18.754428] [  0.0%] compute heat_flux: 49.201 µs (0.072 µs, 16000 calls)
[03-09-2022 07:41:18.754439] [  0.0%] compute heat_flux: 49.211 µs (0.071 µs, 16000 calls)
[03-09-2022 07:41:18.754451] [  0.0%] compute heat_flux: 49.213 µs (0.088 µs, 16000 calls)
[03-09-2022 07:41:18.754462] [  0.0%] compute heat_flux: 49.216 µs (0.075 µs, 16000 calls)
[03-09-2022 07:41:18.754473] [  0.0%] compute heat_flux: 49.218 µs (0.077 µs, 16000 calls)
[03-09-2022 07:41:18.754484] [  0.0%] compute heat_flux: 49.219 µs (0.073 µs, 16000 calls)
[03-09-2022 07:41:18.754496] [  0.0%] compute heat_flux: 49.227 µs (0.071 µs, 16000 calls)
[03-09-2022 07:41:18.754509] [  0.0%] compute heat_flux: 49.227 µs (0.073 µs, 16000 calls)
[03-09-2022 07:41:18.754521] [  0.0%] compute heat_flux: 49.229 µs (0.073 µs, 16000 calls)
[03-09-2022 07:41:18.754532] [  0.0%] compute heat_flux: 49.232 µs (0.073 µs, 16000 calls)
[03-09-2022 07:41:18.754544] [  0.0%] compute heat_flux: 49.233 µs (0.074 µs, 16000 calls)
[03-09-2022 07:41:18.754555] [  0.0%] compute heat_flux: 49.235 µs (0.072 µs, 16000 calls)
[03-09-2022 07:41:18.754566] [  0.0%] compute heat_flux: 49.243 µs (0.081 µs, 16000 calls)
[03-09-2022 07:41:18.754577] [  0.0%] compute heat_flux: 49.252 µs (0.073 µs, 16000 calls)
[03-09-2022 07:41:18.754588] [  0.0%] compute heat_flux: 49.255 µs (0.073 µs, 16000 calls)
[03-09-2022 07:41:18.754600] [  0.0%] compute heat_flux: 49.260 µs (0.077 µs, 16000 calls)
[03-09-2022 07:41:18.754611] [  0.0%] compute heat_flux: 49.262 µs (0.073 µs, 16000 calls)
[03-09-2022 07:41:18.754622] [  0.0%] compute heat_flux: 49.262 µs (0.073 µs, 16000 calls)
[03-09-2022 07:41:18.754633] [  0.0%] compute heat_flux: 49.264 µs (0.071 µs, 16000 calls)
[03-09-2022 07:41:18.754644] [  0.0%] compute heat_flux: 49.267 µs (0.072 µs, 16000 calls)
[03-09-2022 07:41:18.754655] [  0.0%] compute heat_flux: 49.272 µs (0.073 µs, 16000 calls)
[03-09-2022 07:41:18.754667] [  0.0%] compute heat_flux: 49.275 µs (0.075 µs, 16000 calls)
[03-09-2022 07:41:18.754678] [  0.0%] compute heat_flux: 49.277 µs (0.074 µs, 16000 calls)
[03-09-2022 07:41:18.754689] [  0.0%] compute heat_flux: 49.288 µs (0.078 µs, 16000 calls)
[03-09-2022 07:41:18.754700] [  0.0%] compute heat_flux: 49.292 µs (0.076 µs, 16000 calls)
[03-09-2022 07:41:18.754711] [  0.0%] compute heat_flux: 49.296 µs (0.075 µs, 16000 calls)
[03-09-2022 07:41:18.754722] [  0.0%] compute heat_flux: 49.297 µs (0.072 µs, 16000 calls)
[03-09-2022 07:41:18.754734] [  0.0%] compute heat_flux: 49.299 µs (0.073 µs, 16000 calls)
[03-09-2022 07:41:18.754745] [  0.0%] compute heat_flux: 49.309 µs (0.072 µs, 16000 calls)
[03-09-2022 07:41:18.754756] [  0.0%] compute heat_flux: 49.311 µs (0.079 µs, 16000 calls)
[03-09-2022 07:41:18.754767] [  0.0%] compute heat_flux: 49.313 µs (0.073 µs, 16000 calls)
[03-09-2022 07:41:18.754779] [  0.0%] compute heat_flux: 49.320 µs (0.076 µs, 16000 calls)
[03-09-2022 07:41:18.754790] [  0.0%] compute heat_flux: 49.323 µs (0.073 µs, 16000 calls)
[03-09-2022 07:41:18.754801] [  0.0%] compute heat_flux: 49.352 µs (0.079 µs, 16000 calls)
[03-09-2022 07:41:18.754812] [  0.0%] compute heat_flux: 49.352 µs (0.073 µs, 16000 calls)
[03-09-2022 07:41:18.754823] [  0.0%] compute heat_flux: 49.365 µs (0.078 µs, 16000 calls)
[03-09-2022 07:41:18.754835] [  0.0%] update selection of a group of particles in a region: 49.370 µs (0.065 µs, 16000 calls)
[03-09-2022 07:41:18.754846] [  0.0%] compute heat_flux: 49.391 µs (0.073 µs, 16000 calls)
[03-09-2022 07:41:18.754857] [  0.0%] compute heat_flux: 49.42 µs (0.11 µs, 16000 calls)
[03-09-2022 07:41:18.754869] [  0.0%] compute heat_flux: 49.437 µs (0.078 µs, 16000 calls)
[03-09-2022 07:41:18.754880] [  0.0%] compute heat_flux: 49.442 µs (0.073 µs, 16000 calls)
[03-09-2022 07:41:18.754891] [  0.0%] compute heat_flux: 49.45 µs (0.27 µs, 16000 calls)
[03-09-2022 07:41:18.754902] [  0.0%] compute heat_flux: 49.47 µs (0.2 µs, 16000 calls)
[03-09-2022 07:41:18.754913] [  0.0%] compute heat_flux: 49.514 µs (0.072 µs, 16000 calls)
[03-09-2022 07:41:18.754925] [  0.0%] compute heat_flux: 49.555 µs (0.08 µs, 16000 calls)
[03-09-2022 07:41:18.754936] [  0.0%] update selection of a group of particles in a region: 49.556 µs (0.066 µs, 16000 calls)
[03-09-2022 07:41:18.754948] [  0.0%] update selection of a group of particles in a region: 49.596 µs (0.064 µs, 16000 calls)
[03-09-2022 07:41:18.754959] [  0.0%] compute heat_flux: 49.73 µs (0.27 µs, 16000 calls)
[03-09-2022 07:41:18.754970] [  0.0%] compute heat_flux: 49.870 µs (0.078 µs, 16000 calls)
[03-09-2022 07:41:18.754982] [  0.0%] update selection of a group of particles in a region: 50.791 µs (0.084 µs, 16000 calls)
[03-09-2022 07:41:18.754995] [  0.0%] compute heat_flux: 51.78 µs (0.23 µs, 16000 calls)
[03-09-2022 07:41:18.755008] [  0.0%] compute virial: 40.435 µs (0.042 µs, 32000 calls)
[03-09-2022 07:41:18.755019] [  0.0%] compute centre-of-mass velocity: 44.76 µs (0.13 µs, 32000 calls)
[03-09-2022 07:41:18.755030] [  0.0%] compute kinetic-energy: 46.946 µs (0.041 µs, 32000 calls)
[03-09-2022 07:41:18.755042] [  0.0%] update selection of a group of particles in a region: 97.10 µs (0.69 µs, 16000 calls)
[03-09-2022 07:41:18.755053] [  0.0%] on_append_integrate: 110.726 ns (0.035 ns, 16000000 calls)
[03-09-2022 07:41:18.755065] [  0.0%] on_append_finalize: 116.159 ns (0.037 ns, 16000000 calls)
[03-09-2022 07:41:18.755076] [  0.0%] map particles to Hilbert curve (all): 12.8595 µs (0.0043 µs, 1158891 calls)
[03-09-2022 07:41:18.755088] [  0.0%] zero maximum displacement (all): 6.5697 µs (0.0035 µs, 2317782 calls)
[03-09-2022 07:41:18.755099] [  0.0%] preparation for integration step: 1.2603 µs (0.001 µs, 16000000 calls)
[03-09-2022 07:41:18.755111] [  0.1%] Boltzmann distribution: 123.704 µs (0.01 µs, 253968 calls)
[03-09-2022 07:41:18.755122] [  0.1%] on_prepend_integrate: 2.6491 µs (0.0013 µs, 16000000 calls)
[03-09-2022 07:41:18.755133] [  0.1%] computation of smooth_r4 Lennard-Jones potential and auxiliary variables: 1.78550 ms (0.00043 ms, 32001 calls)
[03-09-2022 07:41:18.755145] [  0.1%] computation of density modes for allfluid particles: 3.58025 ms (0.00039 ms, 16000 calls)
[03-09-2022 07:41:18.755156] [  0.2%] computation of density modes for allfluid particles: 6.26084 ms (0.00099 ms, 16000 calls)
[03-09-2022 07:41:18.755168] [  0.2%] computation of kinetic energy density modes for allfluid particles: 6.32045 ms (0.00096 ms, 16000 calls)
[03-09-2022 07:41:18.755179] [  0.4%] second half-step of velocity-Verlet: 14.2614 µs (0.0012 µs, 15746032 calls)
[03-09-2022 07:41:18.755191] [  0.5%] first half-step of velocity-Verlet: 15.6610 µs (0.001 µs, 16000000 calls)
[03-09-2022 07:41:18.755202] [  0.8%] second half-step of velocity-Verlet: 26.2452 µs (0.0016 µs, 16000000 calls)
[03-09-2022 07:41:18.755213] [  1.1%] compute maximum displacement (all): 36.2445 µs (0.0019 µs, 16000000 calls)
[03-09-2022 07:41:18.755225] [  1.4%] first half-step of velocity-Verlet: 44.4310 µs (0.0019 µs, 16000000 calls)
[03-09-2022 07:41:18.755237] [  1.4%] on_finalize: 45.8896 µs (0.0046 µs, 16000000 calls)
[03-09-2022 07:41:18.755248] [  1.5%] update selection of a group of particles in a region: 49.0960 µs (0.003 µs, 16000001 calls)
[03-09-2022 07:41:18.755260] [  1.8%] update selection of a group of particles in a region: 55.9581 µs (0.0033 µs, 16000001 calls)
[03-09-2022 07:41:18.755271] [  2.0%] on_integrate: 62.1629 µs (0.0025 µs, 16000000 calls)
[03-09-2022 07:41:18.755283] [  2.3%] cell lists update (all): 994.47 µs (0.15 µs, 1158891 calls)
[03-09-2022 07:41:18.755294] [  4.1%] rearrange particles by permutation (all): 1.80485 ms (0.00031 ms, 1158891 calls)
[03-09-2022 07:41:18.755305] [  7.0%] order particles along Hilbert curve (all): 3.09130 ms (0.00056 ms, 1158891 calls)
[03-09-2022 07:41:18.755316] [ 13.4%] evaluation of observables: 426.4 µs (3.4 µs, 16000000 calls)
[03-09-2022 07:41:18.755328] [ 17.1%] update of neighbour lists (all ← all): 7.491593 ms (7.6e-05 ms, 1158891 calls)
[03-09-2022 07:41:18.755340] [ 51.3%] computation of smooth_r4 Lennard-Jones potential: 1.633089 ms (1.3e-05 ms, 15968000 calls)
[03-09-2022 07:41:18.755352] [ 83.0%] on_prepend_finalize: 2.63700 ms (0.00076 ms, 16000000 calls)
[03-09-2022 07:41:18.755363] [ 86.5%] MD integration step: 2.74842 ms (0.00076 ms, 16000000 calls)
[03-09-2022 07:41:18.755375] [100.0%] total simulation runtime: 7.06 h (0.97 h, 2 calls)
[03-09-2022 07:41:18.833949] HALMD exit
