[26-08-2022 15:50:59.396303] HALMD (HAL’s MD package) 1.0-alpha6-patch193 [AdResS-branch commit 36e879ed8]
[26-08-2022 15:50:59.397338] variant: +GPU +GPU_SINGLE_PRECISION +GPU_DOUBLE_SINGLE_PRECISION +FORCE_DSFUN
[26-08-2022 15:50:59.397365] built with GNU 8.3.0 and NVCC 9.2 for Lua 5.1.4
[26-08-2022 15:50:59.397373] command line: halmd second_step.lua -v --input pore_result_2580.h5
[26-08-2022 15:50:59.397381] host name: merciful.imp.fu-berlin.de
[26-08-2022 15:50:59.399998] profiler timer resolution: 1 ns
[26-08-2022 15:50:59.403800] read from H5MD file: /group/ag_compstatphys/data/tbottinelli/test_obstacle/big_box/pore_result_2580.h5
[26-08-2022 15:50:59.425651] reading /particles/all/position at step 2000
[26-08-2022 15:50:59.447597] reading /particles/all/velocity at step 2000
[26-08-2022 15:50:59.467093] reading /particles/all/species at step 2000
[26-08-2022 15:50:59.468929] reading /particles/all/mass at step 2000
[26-08-2022 15:50:59.474125] reading box specification from /particles/all
[26-08-2022 15:50:59.474434] edge lengths of simulation domain: 200 30 30
[26-08-2022 15:50:59.480265] number of particles: 135056
[26-08-2022 15:50:59.480289] number of particle species: 2
[26-08-2022 15:50:59.532295] lennard_jones: potential well depths: ε = [2,2]((1,0),(0,0))
[26-08-2022 15:50:59.532362] lennard_jones: potential core width: σ = [2,2]((1,0.95),(0.95,0.9))
[26-08-2022 15:50:59.536713] potential cutoff length: r_c = [2,2]((2.5,2.5),(2.5,2.5))
[26-08-2022 15:50:59.536753] potential cutoff energy: U = [2,2]((-0.0163169,-0),(-0,-0))
[26-08-2022 15:50:59.554395] binning (all): initial cell occupancy: 0.5
[26-08-2022 15:50:59.554427] binning (all): neighbour list skin: 0.5
[26-08-2022 15:50:59.554439] binning (all): number of cells per dimension: 66 10 10
[26-08-2022 15:50:59.554448] binning (all): edge lengths of cells: 3.0303 3 3
[26-08-2022 15:50:59.554459] binning (all): number of placeholders per cell: 64
[26-08-2022 15:50:59.554468] binning (all): average cell occupancy: 0.319735
[26-08-2022 15:50:59.555530] neighbour (all ← all): neighbour list skin: 0.5
[26-08-2022 15:50:59.555553] neighbour (all ← all): number of placeholders per neighbour list: 213
[26-08-2022 15:50:59.555596] Hilbert sort (all): vertex recursion depth: 8
[26-08-2022 15:50:59.555964] Closing H5MD file pore_result_2580.h5
[26-08-2022 15:50:59.560520] integration time step: 0.002
[26-08-2022 15:50:59.560608] random (GPU): random number generator type: rand48
[26-08-2022 15:50:59.560624] random (GPU): set RNG seed: 2568776877
[26-08-2022 15:50:59.561183] verlet_nvt_boltzmann: temperature of Boltzmann distribution: 1
[26-08-2022 15:50:59.561218] verlet_nvt_boltzmann: coupling interval: 63 steps
[26-08-2022 15:50:59.561231] verlet_nvt_boltzmann: coupling rate: 7.93651 per unit time
[26-08-2022 15:50:59.563167] integration time step: 0.002
[26-08-2022 15:50:59.568699] write to H5MD file: /group/ag_compstatphys/data/tbottinelli/test_obstacle/big_box/result_out_20220826_155059
[26-08-2022 15:50:59.574436] starting simulation run over 250000 integration steps
[26-08-2022 15:51:01.221120] neighbour (all ← all): overcrowded placeholders in neighbour lists update, reducing occupancy
[26-08-2022 15:51:01.223992] neighbour (all ← all): neighbour list skin: 0.5
[26-08-2022 15:51:01.224012] neighbour (all ← all): number of placeholders per neighbour list: 425
[26-08-2022 15:51:01.544437] binning (all): overcrowded placeholders in cell list update, increase cell size
[26-08-2022 15:51:01.544485] binning (all): number of placeholders per cell: 128
[26-08-2022 15:51:01.544494] binning (all): average cell occupancy: 0.159867
[26-08-2022 15:51:09.003248] 22.9 min estimated remaining runtime at step 3402
[26-08-2022 16:04:11.955468] finished simulation run
[26-08-2022 16:04:12.057216] wavevector: construct dense grid of wavevectors
[26-08-2022 16:04:12.057264] wavevector: maximum wavenumber: 12.5978
[26-08-2022 16:04:12.057277] wavevector: apply filter on wavevectors: 1 0 0
[26-08-2022 16:04:12.070023] starting simulation run over 250000 integration steps
[26-08-2022 16:06:09.288551] 14.1 min estimated remaining runtime at step 280501
[26-08-2022 16:21:09.007591] 9.8 s estimated remaining runtime at step 497658
[26-08-2022 16:21:18.922403] finished simulation run
[26-08-2022 16:21:18.922729] [  0.0%] finishing simulation: 298 ns (55 ns, 2 calls)
[26-08-2022 16:21:18.922752] [  0.0%] start-up of simulation: 506 ns (55 ns, 2 calls)
[26-08-2022 16:21:18.922775] [  0.0%] compute virial: 44.43 µs (0.12 µs, 500 calls)
[26-08-2022 16:21:18.922783] [  0.0%] compute virial: 44.44 µs (0.1 µs, 500 calls)
[26-08-2022 16:21:18.922792] [  0.0%] compute virial: 44.48 µs (0.14 µs, 500 calls)
[26-08-2022 16:21:18.922799] [  0.0%] compute virial: 44.53 µs (0.15 µs, 500 calls)
[26-08-2022 16:21:18.922806] [  0.0%] compute virial: 44.53 µs (0.16 µs, 500 calls)
[26-08-2022 16:21:18.922813] [  0.0%] compute virial: 44.54 µs (0.15 µs, 500 calls)
[26-08-2022 16:21:18.922820] [  0.0%] compute virial: 44.60 µs (0.16 µs, 500 calls)
[26-08-2022 16:21:18.922827] [  0.0%] compute virial: 44.60 µs (0.17 µs, 500 calls)
[26-08-2022 16:21:18.922834] [  0.0%] compute virial: 44.65 µs (0.15 µs, 500 calls)
[26-08-2022 16:21:18.922842] [  0.0%] compute virial: 44.66 µs (0.16 µs, 500 calls)
[26-08-2022 16:21:18.922850] [  0.0%] compute virial: 44.71 µs (0.17 µs, 500 calls)
[26-08-2022 16:21:18.922857] [  0.0%] compute virial: 44.71 µs (0.2 µs, 500 calls)
[26-08-2022 16:21:18.922863] [  0.0%] compute virial: 44.73 µs (0.17 µs, 500 calls)
[26-08-2022 16:21:18.922870] [  0.0%] compute virial: 44.73 µs (0.17 µs, 500 calls)
[26-08-2022 16:21:18.922877] [  0.0%] compute virial: 44.74 µs (0.17 µs, 500 calls)
[26-08-2022 16:21:18.922884] [  0.0%] compute virial: 44.76 µs (0.17 µs, 500 calls)
[26-08-2022 16:21:18.922890] [  0.0%] compute virial: 44.77 µs (0.15 µs, 500 calls)
[26-08-2022 16:21:18.922897] [  0.0%] compute virial: 44.77 µs (0.15 µs, 500 calls)
[26-08-2022 16:21:18.922905] [  0.0%] compute virial: 44.77 µs (0.16 µs, 500 calls)
[26-08-2022 16:21:18.922912] [  0.0%] compute virial: 44.78 µs (0.2 µs, 500 calls)
[26-08-2022 16:21:18.922919] [  0.0%] compute virial: 44.78 µs (0.28 µs, 500 calls)
[26-08-2022 16:21:18.922926] [  0.0%] compute virial: 44.78 µs (0.16 µs, 500 calls)
[26-08-2022 16:21:18.922932] [  0.0%] compute virial: 44.79 µs (0.19 µs, 500 calls)
[26-08-2022 16:21:18.922939] [  0.0%] compute virial: 44.79 µs (0.16 µs, 500 calls)
[26-08-2022 16:21:18.922945] [  0.0%] compute virial: 44.79 µs (0.18 µs, 500 calls)
[26-08-2022 16:21:18.922952] [  0.0%] compute virial: 44.80 µs (0.19 µs, 500 calls)
[26-08-2022 16:21:18.922959] [  0.0%] compute virial: 44.81 µs (0.16 µs, 500 calls)
[26-08-2022 16:21:18.922967] [  0.0%] compute virial: 44.81 µs (0.19 µs, 500 calls)
[26-08-2022 16:21:18.922975] [  0.0%] compute virial: 44.81 µs (0.32 µs, 500 calls)
[26-08-2022 16:21:18.922982] [  0.0%] compute virial: 44.83 µs (0.19 µs, 500 calls)
[26-08-2022 16:21:18.922988] [  0.0%] compute virial: 44.83 µs (0.18 µs, 500 calls)
[26-08-2022 16:21:18.922995] [  0.0%] compute virial: 44.84 µs (0.19 µs, 500 calls)
[26-08-2022 16:21:18.923002] [  0.0%] compute virial: 44.84 µs (0.18 µs, 500 calls)
[26-08-2022 16:21:18.923033] [  0.0%] compute virial: 44.85 µs (0.18 µs, 500 calls)
[26-08-2022 16:21:18.923041] [  0.0%] compute virial: 44.85 µs (0.17 µs, 500 calls)
[26-08-2022 16:21:18.923049] [  0.0%] compute virial: 44.86 µs (0.18 µs, 500 calls)
[26-08-2022 16:21:18.923070] [  0.0%] compute virial: 44.87 µs (0.22 µs, 500 calls)
[26-08-2022 16:21:18.923076] [  0.0%] compute virial: 44.89 µs (0.2 µs, 500 calls)
[26-08-2022 16:21:18.923097] [  0.0%] compute virial: 44.89 µs (0.21 µs, 500 calls)
[26-08-2022 16:21:18.923117] [  0.0%] compute virial: 44.89 µs (0.18 µs, 500 calls)
[26-08-2022 16:21:18.923138] [  0.0%] compute virial: 44.90 µs (0.2 µs, 500 calls)
[26-08-2022 16:21:18.923145] [  0.0%] compute virial: 44.93 µs (0.19 µs, 500 calls)
[26-08-2022 16:21:18.923164] [  0.0%] compute virial: 44.96 µs (0.24 µs, 500 calls)
[26-08-2022 16:21:18.923186] [  0.0%] compute virial: 44.98 µs (0.2 µs, 500 calls)
[26-08-2022 16:21:18.923197] [  0.0%] compute virial: 44.98 µs (0.21 µs, 500 calls)
[26-08-2022 16:21:18.923217] [  0.0%] compute virial: 44.99 µs (0.18 µs, 500 calls)
[26-08-2022 16:21:18.923239] [  0.0%] compute virial: 44.99 µs (0.2 µs, 500 calls)
[26-08-2022 16:21:18.923247] [  0.0%] compute virial: 44.99 µs (0.19 µs, 500 calls)
[26-08-2022 16:21:18.923256] [  0.0%] compute virial: 44.99 µs (0.19 µs, 500 calls)
[26-08-2022 16:21:18.923264] [  0.0%] compute virial: 45.00 µs (0.2 µs, 500 calls)
[26-08-2022 16:21:18.923272] [  0.0%] compute virial: 45.05 µs (0.22 µs, 500 calls)
[26-08-2022 16:21:18.923281] [  0.0%] compute virial: 45.05 µs (0.19 µs, 500 calls)
[26-08-2022 16:21:18.923289] [  0.0%] compute virial: 45.05 µs (0.21 µs, 500 calls)
[26-08-2022 16:21:18.923298] [  0.0%] compute virial: 45.06 µs (0.46 µs, 500 calls)
[26-08-2022 16:21:18.923306] [  0.0%] compute virial: 45.07 µs (0.22 µs, 500 calls)
[26-08-2022 16:21:18.923314] [  0.0%] compute virial: 45.07 µs (0.31 µs, 500 calls)
[26-08-2022 16:21:18.923322] [  0.0%] compute virial: 45.09 µs (0.24 µs, 500 calls)
[26-08-2022 16:21:18.923331] [  0.0%] compute virial: 45.09 µs (0.21 µs, 500 calls)
[26-08-2022 16:21:18.923339] [  0.0%] compute virial: 45.09 µs (0.23 µs, 500 calls)
[26-08-2022 16:21:18.923348] [  0.0%] compute virial: 45.10 µs (0.24 µs, 500 calls)
[26-08-2022 16:21:18.923356] [  0.0%] compute virial: 45.16 µs (0.28 µs, 500 calls)
[26-08-2022 16:21:18.923365] [  0.0%] compute virial: 45.16 µs (0.29 µs, 500 calls)
[26-08-2022 16:21:18.923373] [  0.0%] compute virial: 45.18 µs (0.24 µs, 500 calls)
[26-08-2022 16:21:18.923382] [  0.0%] compute virial: 45.22 µs (0.25 µs, 500 calls)
[26-08-2022 16:21:18.923390] [  0.0%] compute virial: 45.22 µs (0.25 µs, 500 calls)
[26-08-2022 16:21:18.923398] [  0.0%] compute virial: 45.23 µs (0.26 µs, 500 calls)
[26-08-2022 16:21:18.923406] [  0.0%] compute virial: 45.23 µs (0.27 µs, 500 calls)
[26-08-2022 16:21:18.923415] [  0.0%] compute virial: 45.24 µs (0.36 µs, 500 calls)
[26-08-2022 16:21:18.923423] [  0.0%] compute virial: 45.25 µs (0.32 µs, 500 calls)
[26-08-2022 16:21:18.923432] [  0.0%] compute virial: 45.27 µs (0.24 µs, 500 calls)
[26-08-2022 16:21:18.923439] [  0.0%] compute virial: 45.31 µs (0.32 µs, 500 calls)
[26-08-2022 16:21:18.923448] [  0.0%] compute virial: 45.32 µs (0.38 µs, 500 calls)
[26-08-2022 16:21:18.923456] [  0.0%] compute virial: 45.39 µs (0.5 µs, 500 calls)
[26-08-2022 16:21:18.923465] [  0.0%] compute virial: 45.40 µs (0.23 µs, 500 calls)
[26-08-2022 16:21:18.923473] [  0.0%] compute virial: 45.47 µs (0.2 µs, 500 calls)
[26-08-2022 16:21:18.923481] [  0.0%] compute virial: 45.50 µs (0.42 µs, 500 calls)
[26-08-2022 16:21:18.923490] [  0.0%] compute virial: 45.50 µs (0.4 µs, 500 calls)
[26-08-2022 16:21:18.923498] [  0.0%] compute virial: 45.66 µs (0.44 µs, 500 calls)
[26-08-2022 16:21:18.923507] [  0.0%] compute virial: 45.83 µs (1 µs, 500 calls)
[26-08-2022 16:21:18.923515] [  0.0%] compute kinetic-energy: 46.92 µs (0.12 µs, 500 calls)
[26-08-2022 16:21:18.923524] [  0.0%] compute kinetic-energy: 47.01 µs (0.16 µs, 500 calls)
[26-08-2022 16:21:18.923531] [  0.0%] compute kinetic-energy: 47.03 µs (0.15 µs, 500 calls)
[26-08-2022 16:21:18.923540] [  0.0%] compute kinetic-energy: 47.06 µs (0.14 µs, 500 calls)
[26-08-2022 16:21:18.923549] [  0.0%] compute kinetic-energy: 47.07 µs (0.14 µs, 500 calls)
[26-08-2022 16:21:18.923556] [  0.0%] compute kinetic-energy: 47.08 µs (0.16 µs, 500 calls)
[26-08-2022 16:21:18.923565] [  0.0%] compute kinetic-energy: 47.10 µs (0.16 µs, 500 calls)
[26-08-2022 16:21:18.923573] [  0.0%] compute kinetic-energy: 47.11 µs (0.16 µs, 500 calls)
[26-08-2022 16:21:18.923582] [  0.0%] compute kinetic-energy: 47.12 µs (0.17 µs, 500 calls)
[26-08-2022 16:21:18.923590] [  0.0%] compute kinetic-energy: 47.14 µs (0.16 µs, 500 calls)
[26-08-2022 16:21:18.923599] [  0.0%] compute kinetic-energy: 47.15 µs (0.15 µs, 500 calls)
[26-08-2022 16:21:18.923608] [  0.0%] compute kinetic-energy: 47.16 µs (0.2 µs, 500 calls)
[26-08-2022 16:21:18.923618] [  0.0%] compute kinetic-energy: 47.19 µs (0.18 µs, 500 calls)
[26-08-2022 16:21:18.923626] [  0.0%] compute kinetic-energy: 47.22 µs (0.16 µs, 500 calls)
[26-08-2022 16:21:18.923634] [  0.0%] compute kinetic-energy: 47.22 µs (0.18 µs, 500 calls)
[26-08-2022 16:21:18.923643] [  0.0%] compute kinetic-energy: 47.22 µs (0.17 µs, 500 calls)
[26-08-2022 16:21:18.923651] [  0.0%] compute kinetic-energy: 47.23 µs (0.17 µs, 500 calls)
[26-08-2022 16:21:18.923660] [  0.0%] compute kinetic-energy: 47.23 µs (0.16 µs, 500 calls)
[26-08-2022 16:21:18.923668] [  0.0%] compute kinetic-energy: 47.25 µs (0.18 µs, 500 calls)
[26-08-2022 16:21:18.923677] [  0.0%] compute kinetic-energy: 47.25 µs (0.19 µs, 500 calls)
[26-08-2022 16:21:18.923685] [  0.0%] compute kinetic-energy: 47.26 µs (0.18 µs, 500 calls)
[26-08-2022 16:21:18.923694] [  0.0%] compute kinetic-energy: 47.28 µs (0.19 µs, 500 calls)
[26-08-2022 16:21:18.923702] [  0.0%] compute kinetic-energy: 47.29 µs (0.18 µs, 500 calls)
[26-08-2022 16:21:18.923711] [  0.0%] compute kinetic-energy: 47.29 µs (0.19 µs, 500 calls)
[26-08-2022 16:21:18.923719] [  0.0%] compute kinetic-energy: 47.30 µs (0.21 µs, 500 calls)
[26-08-2022 16:21:18.923728] [  0.0%] compute kinetic-energy: 47.30 µs (0.19 µs, 500 calls)
[26-08-2022 16:21:18.923736] [  0.0%] compute kinetic-energy: 47.32 µs (0.19 µs, 500 calls)
[26-08-2022 16:21:18.923745] [  0.0%] compute kinetic-energy: 47.33 µs (0.16 µs, 500 calls)
[26-08-2022 16:21:18.923753] [  0.0%] compute kinetic-energy: 47.33 µs (0.17 µs, 500 calls)
[26-08-2022 16:21:18.923761] [  0.0%] compute kinetic-energy: 47.33 µs (0.19 µs, 500 calls)
[26-08-2022 16:21:18.923770] [  0.0%] compute kinetic-energy: 47.33 µs (0.18 µs, 500 calls)
[26-08-2022 16:21:18.923778] [  0.0%] compute kinetic-energy: 47.33 µs (0.19 µs, 500 calls)
[26-08-2022 16:21:18.923786] [  0.0%] compute kinetic-energy: 47.36 µs (0.21 µs, 500 calls)
[26-08-2022 16:21:18.923795] [  0.0%] compute kinetic-energy: 47.36 µs (0.18 µs, 500 calls)
[26-08-2022 16:21:18.923803] [  0.0%] compute kinetic-energy: 47.36 µs (0.18 µs, 500 calls)
[26-08-2022 16:21:18.923812] [  0.0%] compute kinetic-energy: 47.38 µs (0.21 µs, 500 calls)
[26-08-2022 16:21:18.923820] [  0.0%] compute kinetic-energy: 47.40 µs (0.22 µs, 500 calls)
[26-08-2022 16:21:18.923828] [  0.0%] compute kinetic-energy: 47.40 µs (0.2 µs, 500 calls)
[26-08-2022 16:21:18.923836] [  0.0%] compute kinetic-energy: 47.40 µs (0.22 µs, 500 calls)
[26-08-2022 16:21:18.923845] [  0.0%] compute kinetic-energy: 47.41 µs (0.2 µs, 500 calls)
[26-08-2022 16:21:18.923853] [  0.0%] compute kinetic-energy: 47.42 µs (0.2 µs, 500 calls)
[26-08-2022 16:21:18.923862] [  0.0%] compute kinetic-energy: 47.43 µs (0.22 µs, 500 calls)
[26-08-2022 16:21:18.923870] [  0.0%] compute kinetic-energy: 47.43 µs (0.19 µs, 500 calls)
[26-08-2022 16:21:18.923878] [  0.0%] compute kinetic-energy: 47.44 µs (0.21 µs, 500 calls)
[26-08-2022 16:21:18.923887] [  0.0%] compute kinetic-energy: 47.44 µs (0.19 µs, 500 calls)
[26-08-2022 16:21:18.923895] [  0.0%] compute kinetic-energy: 47.44 µs (0.29 µs, 500 calls)
[26-08-2022 16:21:18.923904] [  0.0%] compute kinetic-energy: 47.45 µs (0.17 µs, 500 calls)
[26-08-2022 16:21:18.923912] [  0.0%] compute kinetic-energy: 47.48 µs (0.19 µs, 500 calls)
[26-08-2022 16:21:18.923920] [  0.0%] compute kinetic-energy: 47.48 µs (0.2 µs, 500 calls)
[26-08-2022 16:21:18.923928] [  0.0%] compute kinetic-energy: 47.49 µs (0.21 µs, 500 calls)
[26-08-2022 16:21:18.923937] [  0.0%] compute kinetic-energy: 47.53 µs (0.24 µs, 500 calls)
[26-08-2022 16:21:18.923945] [  0.0%] compute kinetic-energy: 47.54 µs (0.2 µs, 500 calls)
[26-08-2022 16:21:18.923954] [  0.0%] compute kinetic-energy: 47.54 µs (0.21 µs, 500 calls)
[26-08-2022 16:21:18.923962] [  0.0%] compute kinetic-energy: 47.55 µs (0.2 µs, 500 calls)
[26-08-2022 16:21:18.923971] [  0.0%] compute kinetic-energy: 47.57 µs (0.2 µs, 500 calls)
[26-08-2022 16:21:18.923980] [  0.0%] compute kinetic-energy: 47.58 µs (0.2 µs, 500 calls)
[26-08-2022 16:21:18.923989] [  0.0%] compute kinetic-energy: 47.60 µs (0.24 µs, 500 calls)
[26-08-2022 16:21:18.923998] [  0.0%] compute kinetic-energy: 47.60 µs (0.23 µs, 500 calls)
[26-08-2022 16:21:18.924007] [  0.0%] compute kinetic-energy: 47.61 µs (0.21 µs, 500 calls)
[26-08-2022 16:21:18.924015] [  0.0%] compute kinetic-energy: 47.61 µs (0.29 µs, 500 calls)
[26-08-2022 16:21:18.924023] [  0.0%] compute kinetic-energy: 47.61 µs (0.36 µs, 500 calls)
[26-08-2022 16:21:18.924031] [  0.0%] compute kinetic-energy: 47.62 µs (0.25 µs, 500 calls)
[26-08-2022 16:21:18.924040] [  0.0%] compute kinetic-energy: 47.62 µs (0.24 µs, 500 calls)
[26-08-2022 16:21:18.924048] [  0.0%] compute kinetic-energy: 47.62 µs (0.33 µs, 500 calls)
[26-08-2022 16:21:18.924056] [  0.0%] compute kinetic-energy: 47.63 µs (0.22 µs, 500 calls)
[26-08-2022 16:21:18.924065] [  0.0%] compute kinetic-energy: 47.65 µs (0.21 µs, 500 calls)
[26-08-2022 16:21:18.924073] [  0.0%] compute kinetic-energy: 47.66 µs (0.22 µs, 500 calls)
[26-08-2022 16:21:18.924082] [  0.0%] compute kinetic-energy: 47.67 µs (0.25 µs, 500 calls)
[26-08-2022 16:21:18.924090] [  0.0%] compute kinetic-energy: 47.67 µs (0.23 µs, 500 calls)
[26-08-2022 16:21:18.924099] [  0.0%] compute kinetic-energy: 47.68 µs (0.23 µs, 500 calls)
[26-08-2022 16:21:18.924107] [  0.0%] compute kinetic-energy: 47.74 µs (0.25 µs, 500 calls)
[26-08-2022 16:21:18.924116] [  0.0%] compute kinetic-energy: 47.74 µs (0.2 µs, 500 calls)
[26-08-2022 16:21:18.924124] [  0.0%] compute kinetic-energy: 47.75 µs (0.23 µs, 500 calls)
[26-08-2022 16:21:18.924133] [  0.0%] compute kinetic-energy: 47.80 µs (0.59 µs, 500 calls)
[26-08-2022 16:21:18.924141] [  0.0%] compute kinetic-energy: 48.05 µs (0.74 µs, 500 calls)
[26-08-2022 16:21:18.924150] [  0.0%] compute kinetic-energy: 48.16 µs (0.66 µs, 500 calls)
[26-08-2022 16:21:18.924158] [  0.0%] compute kinetic-energy: 48.17 µs (0.23 µs, 500 calls)
[26-08-2022 16:21:18.924167] [  0.0%] compute kinetic-energy: 48.5 µs (1.1 µs, 500 calls)
[26-08-2022 16:21:18.924176] [  0.0%] compute kinetic-energy: 48.66 µs (0.93 µs, 500 calls)
[26-08-2022 16:21:18.924184] [  0.0%] compute centre-of-mass velocity: 49.30 µs (0.14 µs, 500 calls)
[26-08-2022 16:21:18.924192] [  0.0%] compute centre-of-mass velocity: 49.30 µs (0.17 µs, 500 calls)
[26-08-2022 16:21:18.924201] [  0.0%] compute centre-of-mass velocity: 49.36 µs (0.14 µs, 500 calls)
[26-08-2022 16:21:18.924209] [  0.0%] compute centre-of-mass velocity: 49.37 µs (0.17 µs, 500 calls)
[26-08-2022 16:21:18.924217] [  0.0%] compute centre-of-mass velocity: 49.40 µs (0.15 µs, 500 calls)
[26-08-2022 16:21:18.924225] [  0.0%] compute centre-of-mass velocity: 49.40 µs (0.15 µs, 500 calls)
[26-08-2022 16:21:18.924232] [  0.0%] compute centre-of-mass velocity: 49.48 µs (0.16 µs, 500 calls)
[26-08-2022 16:21:18.924240] [  0.0%] compute centre-of-mass velocity: 49.49 µs (0.16 µs, 500 calls)
[26-08-2022 16:21:18.924248] [  0.0%] compute centre-of-mass velocity: 49.50 µs (0.17 µs, 500 calls)
[26-08-2022 16:21:18.924256] [  0.0%] compute centre-of-mass velocity: 49.50 µs (0.17 µs, 500 calls)
[26-08-2022 16:21:18.924263] [  0.0%] compute centre-of-mass velocity: 49.51 µs (0.18 µs, 500 calls)
[26-08-2022 16:21:18.924271] [  0.0%] compute centre-of-mass velocity: 49.51 µs (0.16 µs, 500 calls)
[26-08-2022 16:21:18.924279] [  0.0%] compute centre-of-mass velocity: 49.54 µs (0.16 µs, 500 calls)
[26-08-2022 16:21:18.924287] [  0.0%] compute centre-of-mass velocity: 49.57 µs (0.18 µs, 500 calls)
[26-08-2022 16:21:18.924295] [  0.0%] compute centre-of-mass velocity: 49.57 µs (0.22 µs, 500 calls)
[26-08-2022 16:21:18.924302] [  0.0%] compute centre-of-mass velocity: 49.57 µs (0.18 µs, 500 calls)
[26-08-2022 16:21:18.924310] [  0.0%] compute centre-of-mass velocity: 49.58 µs (0.2 µs, 500 calls)
[26-08-2022 16:21:18.924318] [  0.0%] compute virial: 49.58 µs (0.14 µs, 500 calls)
[26-08-2022 16:21:18.924327] [  0.0%] compute centre-of-mass velocity: 49.59 µs (0.19 µs, 500 calls)
[26-08-2022 16:21:18.924336] [  0.0%] compute centre-of-mass velocity: 49.60 µs (0.18 µs, 500 calls)
[26-08-2022 16:21:18.924345] [  0.0%] compute centre-of-mass velocity: 49.60 µs (0.18 µs, 500 calls)
[26-08-2022 16:21:18.924353] [  0.0%] compute centre-of-mass velocity: 49.60 µs (0.17 µs, 500 calls)
[26-08-2022 16:21:18.924361] [  0.0%] compute centre-of-mass velocity: 49.60 µs (0.18 µs, 500 calls)
[26-08-2022 16:21:18.924368] [  0.0%] compute centre-of-mass velocity: 49.62 µs (0.18 µs, 500 calls)
[26-08-2022 16:21:18.924377] [  0.0%] compute centre-of-mass velocity: 49.65 µs (0.2 µs, 500 calls)
[26-08-2022 16:21:18.924385] [  0.0%] compute centre-of-mass velocity: 49.65 µs (0.18 µs, 500 calls)
[26-08-2022 16:21:18.924393] [  0.0%] compute centre-of-mass velocity: 49.66 µs (0.19 µs, 500 calls)
[26-08-2022 16:21:18.924401] [  0.0%] compute centre-of-mass velocity: 49.68 µs (0.22 µs, 500 calls)
[26-08-2022 16:21:18.924409] [  0.0%] compute centre-of-mass velocity: 49.68 µs (0.21 µs, 500 calls)
[26-08-2022 16:21:18.924417] [  0.0%] compute centre-of-mass velocity: 49.69 µs (0.19 µs, 500 calls)
[26-08-2022 16:21:18.924426] [  0.0%] compute centre-of-mass velocity: 49.69 µs (0.2 µs, 500 calls)
[26-08-2022 16:21:18.924434] [  0.0%] compute centre-of-mass velocity: 49.69 µs (0.17 µs, 500 calls)
[26-08-2022 16:21:18.924442] [  0.0%] compute centre-of-mass velocity: 49.71 µs (0.2 µs, 500 calls)
[26-08-2022 16:21:18.924449] [  0.0%] compute centre-of-mass velocity: 49.71 µs (0.19 µs, 500 calls)
[26-08-2022 16:21:18.924457] [  0.0%] compute centre-of-mass velocity: 49.73 µs (0.18 µs, 500 calls)
[26-08-2022 16:21:18.924466] [  0.0%] compute centre-of-mass velocity: 49.74 µs (0.18 µs, 500 calls)
[26-08-2022 16:21:18.924474] [  0.0%] compute centre-of-mass velocity: 49.75 µs (0.17 µs, 500 calls)
[26-08-2022 16:21:18.924482] [  0.0%] compute centre-of-mass velocity: 49.76 µs (0.22 µs, 500 calls)
[26-08-2022 16:21:18.924490] [  0.0%] compute centre-of-mass velocity: 49.77 µs (0.23 µs, 500 calls)
[26-08-2022 16:21:18.924498] [  0.0%] compute centre-of-mass velocity: 49.77 µs (0.23 µs, 500 calls)
[26-08-2022 16:21:18.924506] [  0.0%] compute centre-of-mass velocity: 49.77 µs (0.21 µs, 500 calls)
[26-08-2022 16:21:18.924514] [  0.0%] compute centre-of-mass velocity: 49.77 µs (0.23 µs, 500 calls)
[26-08-2022 16:21:18.924523] [  0.0%] compute centre-of-mass velocity: 49.78 µs (0.18 µs, 500 calls)
[26-08-2022 16:21:18.924530] [  0.0%] compute centre-of-mass velocity: 49.79 µs (0.2 µs, 500 calls)
[26-08-2022 16:21:18.924538] [  0.0%] compute centre-of-mass velocity: 49.79 µs (0.2 µs, 500 calls)
[26-08-2022 16:21:18.924546] [  0.0%] compute centre-of-mass velocity: 49.79 µs (0.23 µs, 500 calls)
[26-08-2022 16:21:18.924554] [  0.0%] compute centre-of-mass velocity: 49.80 µs (0.2 µs, 500 calls)
[26-08-2022 16:21:18.924562] [  0.0%] compute centre-of-mass velocity: 49.81 µs (0.27 µs, 500 calls)
[26-08-2022 16:21:18.924569] [  0.0%] compute centre-of-mass velocity: 49.83 µs (0.24 µs, 500 calls)
[26-08-2022 16:21:18.924577] [  0.0%] compute centre-of-mass velocity: 49.86 µs (0.2 µs, 500 calls)
[26-08-2022 16:21:18.924585] [  0.0%] compute centre-of-mass velocity: 49.86 µs (0.2 µs, 500 calls)
[26-08-2022 16:21:18.924593] [  0.0%] compute centre-of-mass velocity: 49.87 µs (0.22 µs, 500 calls)
[26-08-2022 16:21:18.924601] [  0.0%] compute centre-of-mass velocity: 49.87 µs (0.22 µs, 500 calls)
[26-08-2022 16:21:18.924609] [  0.0%] compute centre-of-mass velocity: 49.88 µs (0.21 µs, 500 calls)
[26-08-2022 16:21:18.924616] [  0.0%] compute centre-of-mass velocity: 49.89 µs (0.22 µs, 500 calls)
[26-08-2022 16:21:18.924624] [  0.0%] compute centre-of-mass velocity: 49.89 µs (0.23 µs, 500 calls)
[26-08-2022 16:21:18.924632] [  0.0%] compute centre-of-mass velocity: 49.89 µs (0.2 µs, 500 calls)
[26-08-2022 16:21:18.924640] [  0.0%] compute centre-of-mass velocity: 49.90 µs (0.23 µs, 500 calls)
[26-08-2022 16:21:18.924649] [  0.0%] compute centre-of-mass velocity: 49.92 µs (0.22 µs, 500 calls)
[26-08-2022 16:21:18.924657] [  0.0%] compute centre-of-mass velocity: 49.94 µs (0.21 µs, 500 calls)
[26-08-2022 16:21:18.924665] [  0.0%] compute centre-of-mass velocity: 49.95 µs (0.42 µs, 500 calls)
[26-08-2022 16:21:18.924673] [  0.0%] compute centre-of-mass velocity: 49.95 µs (0.22 µs, 500 calls)
[26-08-2022 16:21:18.924681] [  0.0%] compute centre-of-mass velocity: 49.96 µs (0.27 µs, 500 calls)
[26-08-2022 16:21:18.924688] [  0.0%] compute centre-of-mass velocity: 49.96 µs (0.21 µs, 500 calls)
[26-08-2022 16:21:18.924696] [  0.0%] compute centre-of-mass velocity: 49.99 µs (0.25 µs, 500 calls)
[26-08-2022 16:21:18.924704] [  0.0%] compute centre-of-mass velocity: 50.02 µs (0.38 µs, 500 calls)
[26-08-2022 16:21:18.924712] [  0.0%] compute centre-of-mass velocity: 50.05 µs (0.22 µs, 500 calls)
[26-08-2022 16:21:18.924719] [  0.0%] compute centre-of-mass velocity: 50.09 µs (0.25 µs, 500 calls)
[26-08-2022 16:21:18.924727] [  0.0%] compute centre-of-mass velocity: 50.11 µs (0.31 µs, 500 calls)
[26-08-2022 16:21:18.924735] [  0.0%] compute centre-of-mass velocity: 50.18 µs (0.29 µs, 500 calls)
[26-08-2022 16:21:18.924743] [  0.0%] compute centre-of-mass velocity: 50.20 µs (0.26 µs, 500 calls)
[26-08-2022 16:21:18.924750] [  0.0%] compute centre-of-mass velocity: 50.21 µs (0.24 µs, 500 calls)
[26-08-2022 16:21:18.924758] [  0.0%] compute centre-of-mass velocity: 50.23 µs (0.51 µs, 500 calls)
[26-08-2022 16:21:18.924766] [  0.0%] compute centre-of-mass velocity: 50.25 µs (0.24 µs, 500 calls)
[26-08-2022 16:21:18.924774] [  0.0%] compute centre-of-mass velocity: 50.26 µs (0.58 µs, 500 calls)
[26-08-2022 16:21:18.924781] [  0.0%] compute centre-of-mass velocity: 50.36 µs (0.24 µs, 500 calls)
[26-08-2022 16:21:18.924789] [  0.0%] compute centre-of-mass velocity: 50.39 µs (0.29 µs, 500 calls)
[26-08-2022 16:21:18.924797] [  0.0%] compute centre-of-mass velocity: 50.44 µs (0.27 µs, 500 calls)
[26-08-2022 16:21:18.924805] [  0.0%] compute centre-of-mass velocity: 50.49 µs (0.46 µs, 500 calls)
[26-08-2022 16:21:18.924812] [  0.0%] compute centre-of-mass velocity: 50.62 µs (0.21 µs, 500 calls)
[26-08-2022 16:21:18.924820] [  0.0%] compute heat_flux: 51.96 µs (0.15 µs, 500 calls)
[26-08-2022 16:21:18.924828] [  0.0%] compute heat_flux: 51.97 µs (0.17 µs, 500 calls)
[26-08-2022 16:21:18.924837] [  0.0%] compute heat_flux: 51.97 µs (0.17 µs, 500 calls)
[26-08-2022 16:21:18.924845] [  0.0%] compute heat_flux: 51.98 µs (0.15 µs, 500 calls)
[26-08-2022 16:21:18.924854] [  0.0%] compute heat_flux: 52.04 µs (0.17 µs, 500 calls)
[26-08-2022 16:21:18.924862] [  0.0%] compute heat_flux: 52.06 µs (0.18 µs, 500 calls)
[26-08-2022 16:21:18.924870] [  0.0%] compute heat_flux: 52.06 µs (0.17 µs, 500 calls)
[26-08-2022 16:21:18.924878] [  0.0%] compute heat_flux: 52.06 µs (0.19 µs, 500 calls)
[26-08-2022 16:21:18.924886] [  0.0%] compute heat_flux: 52.06 µs (0.17 µs, 500 calls)
[26-08-2022 16:21:18.924895] [  0.0%] compute heat_flux: 52.07 µs (0.16 µs, 500 calls)
[26-08-2022 16:21:18.924903] [  0.0%] compute heat_flux: 52.07 µs (0.18 µs, 500 calls)
[26-08-2022 16:21:18.924912] [  0.0%] compute heat_flux: 52.10 µs (0.19 µs, 500 calls)
[26-08-2022 16:21:18.924920] [  0.0%] compute heat_flux: 52.10 µs (0.17 µs, 500 calls)
[26-08-2022 16:21:18.924928] [  0.0%] compute heat_flux: 52.10 µs (0.15 µs, 500 calls)
[26-08-2022 16:21:18.924937] [  0.0%] compute heat_flux: 52.11 µs (0.17 µs, 500 calls)
[26-08-2022 16:21:18.924945] [  0.0%] compute heat_flux: 52.15 µs (0.17 µs, 500 calls)
[26-08-2022 16:21:18.924953] [  0.0%] compute heat_flux: 52.17 µs (0.2 µs, 500 calls)
[26-08-2022 16:21:18.924961] [  0.0%] compute heat_flux: 52.19 µs (0.18 µs, 500 calls)
[26-08-2022 16:21:18.924970] [  0.0%] compute heat_flux: 52.19 µs (0.19 µs, 500 calls)
[26-08-2022 16:21:18.924978] [  0.0%] compute heat_flux: 52.19 µs (0.17 µs, 500 calls)
[26-08-2022 16:21:18.924986] [  0.0%] compute heat_flux: 52.22 µs (0.2 µs, 500 calls)
[26-08-2022 16:21:18.924995] [  0.0%] compute heat_flux: 52.23 µs (0.2 µs, 500 calls)
[26-08-2022 16:21:18.925004] [  0.0%] compute heat_flux: 52.24 µs (0.21 µs, 500 calls)
[26-08-2022 16:21:18.925013] [  0.0%] compute heat_flux: 52.24 µs (0.18 µs, 500 calls)
[26-08-2022 16:21:18.925021] [  0.0%] compute heat_flux: 52.25 µs (0.21 µs, 500 calls)
[26-08-2022 16:21:18.925029] [  0.0%] compute heat_flux: 52.25 µs (0.18 µs, 500 calls)
[26-08-2022 16:21:18.925037] [  0.0%] compute heat_flux: 52.26 µs (0.22 µs, 500 calls)
[26-08-2022 16:21:18.925045] [  0.0%] compute heat_flux: 52.26 µs (0.18 µs, 500 calls)
[26-08-2022 16:21:18.925054] [  0.0%] compute heat_flux: 52.27 µs (0.24 µs, 500 calls)
[26-08-2022 16:21:18.925062] [  0.0%] compute heat_flux: 52.27 µs (0.2 µs, 500 calls)
[26-08-2022 16:21:18.925070] [  0.0%] compute heat_flux: 52.29 µs (0.2 µs, 500 calls)
[26-08-2022 16:21:18.925079] [  0.0%] compute heat_flux: 52.29 µs (0.19 µs, 500 calls)
[26-08-2022 16:21:18.925087] [  0.0%] compute heat_flux: 52.30 µs (0.24 µs, 500 calls)
[26-08-2022 16:21:18.925095] [  0.0%] compute heat_flux: 52.30 µs (0.18 µs, 500 calls)
[26-08-2022 16:21:18.925103] [  0.0%] compute heat_flux: 52.30 µs (0.19 µs, 500 calls)
[26-08-2022 16:21:18.925111] [  0.0%] compute heat_flux: 52.31 µs (0.19 µs, 500 calls)
[26-08-2022 16:21:18.925120] [  0.0%] compute heat_flux: 52.32 µs (0.2 µs, 500 calls)
[26-08-2022 16:21:18.925127] [  0.0%] compute heat_flux: 52.33 µs (0.25 µs, 500 calls)
[26-08-2022 16:21:18.925136] [  0.0%] compute heat_flux: 52.34 µs (0.21 µs, 500 calls)
[26-08-2022 16:21:18.925144] [  0.0%] compute heat_flux: 52.36 µs (0.22 µs, 500 calls)
[26-08-2022 16:21:18.925153] [  0.0%] compute heat_flux: 52.39 µs (0.28 µs, 500 calls)
[26-08-2022 16:21:18.925161] [  0.0%] compute heat_flux: 52.39 µs (0.23 µs, 500 calls)
[26-08-2022 16:21:18.925169] [  0.0%] compute heat_flux: 52.40 µs (0.21 µs, 500 calls)
[26-08-2022 16:21:18.925177] [  0.0%] compute heat_flux: 52.40 µs (0.2 µs, 500 calls)
[26-08-2022 16:21:18.925186] [  0.0%] compute heat_flux: 52.41 µs (0.38 µs, 500 calls)
[26-08-2022 16:21:18.925193] [  0.0%] compute heat_flux: 52.41 µs (0.21 µs, 500 calls)
[26-08-2022 16:21:18.925202] [  0.0%] compute heat_flux: 52.42 µs (0.19 µs, 500 calls)
[26-08-2022 16:21:18.925210] [  0.0%] compute heat_flux: 52.44 µs (0.2 µs, 500 calls)
[26-08-2022 16:21:18.925218] [  0.0%] compute heat_flux: 52.45 µs (0.23 µs, 500 calls)
[26-08-2022 16:21:18.925226] [  0.0%] compute heat_flux: 52.46 µs (0.28 µs, 500 calls)
[26-08-2022 16:21:18.925235] [  0.0%] compute heat_flux: 52.47 µs (0.21 µs, 500 calls)
[26-08-2022 16:21:18.925242] [  0.0%] compute heat_flux: 52.48 µs (0.23 µs, 500 calls)
[26-08-2022 16:21:18.925251] [  0.0%] compute heat_flux: 52.50 µs (0.24 µs, 500 calls)
[26-08-2022 16:21:18.925259] [  0.0%] compute heat_flux: 52.50 µs (0.22 µs, 500 calls)
[26-08-2022 16:21:18.925268] [  0.0%] compute heat_flux: 52.54 µs (0.24 µs, 500 calls)
[26-08-2022 16:21:18.925276] [  0.0%] compute heat_flux: 52.56 µs (0.23 µs, 500 calls)
[26-08-2022 16:21:18.925284] [  0.0%] compute heat_flux: 52.58 µs (0.38 µs, 500 calls)
[26-08-2022 16:21:18.925292] [  0.0%] compute heat_flux: 52.59 µs (0.17 µs, 500 calls)
[26-08-2022 16:21:18.925300] [  0.0%] compute heat_flux: 52.61 µs (0.25 µs, 500 calls)
[26-08-2022 16:21:18.925308] [  0.0%] compute heat_flux: 52.62 µs (0.21 µs, 500 calls)
[26-08-2022 16:21:18.925316] [  0.0%] compute heat_flux: 52.64 µs (0.31 µs, 500 calls)
[26-08-2022 16:21:18.925325] [  0.0%] compute heat_flux: 52.64 µs (0.37 µs, 500 calls)
[26-08-2022 16:21:18.925333] [  0.0%] compute heat_flux: 52.69 µs (0.25 µs, 500 calls)
[26-08-2022 16:21:18.925341] [  0.0%] compute heat_flux: 52.70 µs (0.25 µs, 500 calls)
[26-08-2022 16:21:18.925350] [  0.0%] compute heat_flux: 52.72 µs (0.27 µs, 500 calls)
[26-08-2022 16:21:18.925358] [  0.0%] compute heat_flux: 52.72 µs (0.24 µs, 500 calls)
[26-08-2022 16:21:18.925367] [  0.0%] compute heat_flux: 52.74 µs (0.23 µs, 500 calls)
[26-08-2022 16:21:18.925377] [  0.0%] compute heat_flux: 52.75 µs (0.26 µs, 500 calls)
[26-08-2022 16:21:18.925386] [  0.0%] compute heat_flux: 52.83 µs (0.5 µs, 500 calls)
[26-08-2022 16:21:18.925394] [  0.0%] compute heat_flux: 52.84 µs (0.37 µs, 500 calls)
[26-08-2022 16:21:18.925401] [  0.0%] compute heat_flux: 52.86 µs (0.22 µs, 500 calls)
[26-08-2022 16:21:18.925410] [  0.0%] compute heat_flux: 52.88 µs (0.22 µs, 500 calls)
[26-08-2022 16:21:18.925418] [  0.0%] compute heat_flux: 52.88 µs (0.48 µs, 500 calls)
[26-08-2022 16:21:18.925426] [  0.0%] compute heat_flux: 52.97 µs (0.35 µs, 500 calls)
[26-08-2022 16:21:18.925434] [  0.0%] compute heat_flux: 53.03 µs (0.39 µs, 500 calls)
[26-08-2022 16:21:18.925442] [  0.0%] compute heat_flux: 53.06 µs (0.25 µs, 500 calls)
[26-08-2022 16:21:18.925450] [  0.0%] compute heat_flux: 53.12 µs (0.68 µs, 500 calls)
[26-08-2022 16:21:18.925458] [  0.0%] compute heat_flux: 53.17 µs (0.18 µs, 500 calls)
[26-08-2022 16:21:18.925465] [  0.0%] compute heat_flux: 53.5 µs (1.4 µs, 500 calls)
[26-08-2022 16:21:18.925474] [  0.0%] compute centre-of-mass velocity: 53.78 µs (0.16 µs, 500 calls)
[26-08-2022 16:21:18.925483] [  0.0%] compute kinetic-energy: 54.87 µs (0.15 µs, 500 calls)
[26-08-2022 16:21:18.925490] [  0.0%] compute heat_flux: 55.82 µs (0.22 µs, 500 calls)
[26-08-2022 16:21:18.925498] [  0.0%] update selection of a group of particles in a region: 64.19 µs (0.23 µs, 500 calls)
[26-08-2022 16:21:18.925506] [  0.0%] update selection of a group of particles in a region: 64.25 µs (0.22 µs, 500 calls)
[26-08-2022 16:21:18.925514] [  0.0%] update selection of a group of particles in a region: 64.30 µs (0.24 µs, 500 calls)
[26-08-2022 16:21:18.925522] [  0.0%] update selection of a group of particles in a region: 64.34 µs (0.24 µs, 500 calls)
[26-08-2022 16:21:18.925530] [  0.0%] update selection of a group of particles in a region: 64.37 µs (0.22 µs, 500 calls)
[26-08-2022 16:21:18.925539] [  0.0%] update selection of a group of particles in a region: 64.37 µs (0.24 µs, 500 calls)
[26-08-2022 16:21:18.925547] [  0.0%] update selection of a group of particles in a region: 64.44 µs (0.23 µs, 500 calls)
[26-08-2022 16:21:18.925556] [  0.0%] update selection of a group of particles in a region: 64.44 µs (0.23 µs, 500 calls)
[26-08-2022 16:21:18.925564] [  0.0%] update selection of a group of particles in a region: 64.47 µs (0.2 µs, 500 calls)
[26-08-2022 16:21:18.925572] [  0.0%] update selection of a group of particles in a region: 64.49 µs (0.22 µs, 500 calls)
[26-08-2022 16:21:18.925581] [  0.0%] update selection of a group of particles in a region: 64.57 µs (0.23 µs, 500 calls)
[26-08-2022 16:21:18.925589] [  0.0%] update selection of a group of particles in a region: 64.58 µs (0.23 µs, 500 calls)
[26-08-2022 16:21:18.925597] [  0.0%] update selection of a group of particles in a region: 64.59 µs (0.22 µs, 500 calls)
[26-08-2022 16:21:18.925605] [  0.0%] update selection of a group of particles in a region: 64.59 µs (0.21 µs, 500 calls)
[26-08-2022 16:21:18.925613] [  0.0%] update selection of a group of particles in a region: 64.59 µs (0.22 µs, 500 calls)
[26-08-2022 16:21:18.925621] [  0.0%] update selection of a group of particles in a region: 64.61 µs (0.22 µs, 500 calls)
[26-08-2022 16:21:18.925629] [  0.0%] update selection of a group of particles in a region: 64.62 µs (0.22 µs, 500 calls)
[26-08-2022 16:21:18.925638] [  0.0%] update selection of a group of particles in a region: 64.63 µs (0.23 µs, 500 calls)
[26-08-2022 16:21:18.925646] [  0.0%] update selection of a group of particles in a region: 64.63 µs (0.23 µs, 500 calls)
[26-08-2022 16:21:18.925654] [  0.0%] update selection of a group of particles in a region: 64.63 µs (0.34 µs, 500 calls)
[26-08-2022 16:21:18.925661] [  0.0%] update selection of a group of particles in a region: 64.65 µs (0.23 µs, 500 calls)
[26-08-2022 16:21:18.925669] [  0.0%] update selection of a group of particles in a region: 64.67 µs (0.23 µs, 500 calls)
[26-08-2022 16:21:18.925682] [  0.0%] update selection of a group of particles in a region: 64.68 µs (0.24 µs, 500 calls)
[26-08-2022 16:21:18.925691] [  0.0%] update selection of a group of particles in a region: 64.69 µs (0.26 µs, 500 calls)
[26-08-2022 16:21:18.925700] [  0.0%] update selection of a group of particles in a region: 64.70 µs (0.24 µs, 500 calls)
[26-08-2022 16:21:18.925708] [  0.0%] update selection of a group of particles in a region: 64.72 µs (0.21 µs, 500 calls)
[26-08-2022 16:21:18.925716] [  0.0%] update selection of a group of particles in a region: 64.72 µs (0.23 µs, 500 calls)
[26-08-2022 16:21:18.925723] [  0.0%] update selection of a group of particles in a region: 64.73 µs (0.25 µs, 500 calls)
[26-08-2022 16:21:18.925731] [  0.0%] update selection of a group of particles in a region: 64.74 µs (0.24 µs, 500 calls)
[26-08-2022 16:21:18.925739] [  0.0%] update selection of a group of particles in a region: 64.78 µs (0.2 µs, 500 calls)
[26-08-2022 16:21:18.925747] [  0.0%] update selection of a group of particles in a region: 64.85 µs (0.21 µs, 500 calls)
[26-08-2022 16:21:18.925755] [  0.0%] update selection of a group of particles in a region: 64.86 µs (0.24 µs, 500 calls)
[26-08-2022 16:21:18.925763] [  0.0%] update selection of a group of particles in a region: 64.89 µs (0.23 µs, 500 calls)
[26-08-2022 16:21:18.925771] [  0.0%] update selection of a group of particles in a region: 64.92 µs (0.24 µs, 500 calls)
[26-08-2022 16:21:18.925779] [  0.0%] update selection of a group of particles in a region: 64.92 µs (0.21 µs, 500 calls)
[26-08-2022 16:21:18.925788] [  0.0%] update selection of a group of particles in a region: 64.93 µs (0.21 µs, 500 calls)
[26-08-2022 16:21:18.925796] [  0.0%] update selection of a group of particles in a region: 64.93 µs (0.23 µs, 500 calls)
[26-08-2022 16:21:18.925803] [  0.0%] update selection of a group of particles in a region: 64.93 µs (0.24 µs, 500 calls)
[26-08-2022 16:21:18.925813] [  0.0%] update selection of a group of particles in a region: 64.93 µs (0.24 µs, 500 calls)
[26-08-2022 16:21:18.925822] [  0.0%] update selection of a group of particles in a region: 64.95 µs (0.23 µs, 500 calls)
[26-08-2022 16:21:18.925830] [  0.0%] update selection of a group of particles in a region: 64.95 µs (0.23 µs, 500 calls)
[26-08-2022 16:21:18.925837] [  0.0%] update selection of a group of particles in a region: 64.99 µs (0.25 µs, 500 calls)
[26-08-2022 16:21:18.925845] [  0.0%] update selection of a group of particles in a region: 65.01 µs (0.24 µs, 500 calls)
[26-08-2022 16:21:18.925853] [  0.0%] update selection of a group of particles in a region: 65.01 µs (0.25 µs, 500 calls)
[26-08-2022 16:21:18.925861] [  0.0%] update selection of a group of particles in a region: 65.02 µs (0.27 µs, 500 calls)
[26-08-2022 16:21:18.925869] [  0.0%] update selection of a group of particles in a region: 65.02 µs (0.35 µs, 500 calls)
[26-08-2022 16:21:18.925876] [  0.0%] update selection of a group of particles in a region: 65.04 µs (0.24 µs, 500 calls)
[26-08-2022 16:21:18.925884] [  0.0%] update selection of a group of particles in a region: 65.05 µs (0.26 µs, 500 calls)
[26-08-2022 16:21:18.925892] [  0.0%] update selection of a group of particles in a region: 65.05 µs (0.23 µs, 500 calls)
[26-08-2022 16:21:18.925900] [  0.0%] update selection of a group of particles in a region: 65.06 µs (0.23 µs, 500 calls)
[26-08-2022 16:21:18.925908] [  0.0%] update selection of a group of particles in a region: 65.09 µs (0.23 µs, 500 calls)
[26-08-2022 16:21:18.925916] [  0.0%] update selection of a group of particles in a region: 65.10 µs (0.26 µs, 500 calls)
[26-08-2022 16:21:18.925924] [  0.0%] update selection of a group of particles in a region: 65.15 µs (0.24 µs, 500 calls)
[26-08-2022 16:21:18.925933] [  0.0%] update selection of a group of particles in a region: 65.17 µs (0.23 µs, 500 calls)
[26-08-2022 16:21:18.925942] [  0.0%] update selection of a group of particles in a region: 65.18 µs (0.28 µs, 500 calls)
[26-08-2022 16:21:18.925952] [  0.0%] update selection of a group of particles in a region: 65.18 µs (0.28 µs, 500 calls)
[26-08-2022 16:21:18.925960] [  0.0%] update selection of a group of particles in a region: 65.22 µs (0.22 µs, 500 calls)
[26-08-2022 16:21:18.925968] [  0.0%] update selection of a group of particles in a region: 65.29 µs (0.27 µs, 500 calls)
[26-08-2022 16:21:18.925976] [  0.0%] update selection of a group of particles in a region: 65.31 µs (0.24 µs, 500 calls)
[26-08-2022 16:21:18.925984] [  0.0%] update selection of a group of particles in a region: 65.31 µs (0.23 µs, 500 calls)
[26-08-2022 16:21:18.925992] [  0.0%] update selection of a group of particles in a region: 65.32 µs (0.25 µs, 500 calls)
[26-08-2022 16:21:18.926000] [  0.0%] update selection of a group of particles in a region: 65.41 µs (0.25 µs, 500 calls)
[26-08-2022 16:21:18.926008] [  0.0%] update selection of a group of particles in a region: 65.42 µs (0.25 µs, 500 calls)
[26-08-2022 16:21:18.926017] [  0.0%] update selection of a group of particles in a region: 65.42 µs (0.28 µs, 500 calls)
[26-08-2022 16:21:18.926025] [  0.0%] update selection of a group of particles in a region: 65.43 µs (0.26 µs, 500 calls)
[26-08-2022 16:21:18.926033] [  0.0%] update selection of a group of particles in a region: 65.51 µs (0.39 µs, 500 calls)
[26-08-2022 16:21:18.926042] [  0.0%] update selection of a group of particles in a region: 65.52 µs (0.52 µs, 500 calls)
[26-08-2022 16:21:18.926050] [  0.0%] update selection of a group of particles in a region: 65.58 µs (0.25 µs, 500 calls)
[26-08-2022 16:21:18.926058] [  0.0%] update selection of a group of particles in a region: 65.59 µs (0.32 µs, 500 calls)
[26-08-2022 16:21:18.926067] [  0.0%] update selection of a group of particles in a region: 65.61 µs (0.27 µs, 500 calls)
[26-08-2022 16:21:18.926075] [  0.0%] update selection of a group of particles in a region: 65.61 µs (0.29 µs, 500 calls)
[26-08-2022 16:21:18.926083] [  0.0%] update selection of a group of particles in a region: 65.74 µs (0.26 µs, 500 calls)
[26-08-2022 16:21:18.926091] [  0.0%] update selection of a group of particles in a region: 65.75 µs (0.37 µs, 500 calls)
[26-08-2022 16:21:18.926100] [  0.0%] update selection of a group of particles in a region: 65.76 µs (0.3 µs, 500 calls)
[26-08-2022 16:21:18.926108] [  0.0%] update selection of a group of particles in a region: 65.76 µs (0.3 µs, 500 calls)
[26-08-2022 16:21:18.926116] [  0.0%] update selection of a group of particles in a region: 65.95 µs (0.63 µs, 500 calls)
[26-08-2022 16:21:18.926124] [  0.0%] update selection of a group of particles in a region: 66.39 µs (0.77 µs, 500 calls)
[26-08-2022 16:21:18.926132] [  0.0%] update selection of a group of particles in a region: 67.0 µs (1.9 µs, 500 calls)
[26-08-2022 16:21:18.926140] [  0.0%] update selection of a group of particles in a region: 67.1 µs (2 µs, 500 calls)
[26-08-2022 16:21:18.926148] [  0.0%] on_append_finalize: 74.13 ns (0.18 ns, 500000 calls)
[26-08-2022 16:21:18.926157] [  0.0%] on_append_integrate: 83.78 ns (0.2 ns, 500000 calls)
[26-08-2022 16:21:18.926166] [  0.0%] update selection of a group of particles in a region: 110.40 µs (0.67 µs, 500 calls)
[26-08-2022 16:21:18.926174] [  0.0%] compute virial: 57.36 µs (0.25 µs, 1000 calls)
[26-08-2022 16:21:18.926183] [  0.0%] compute centre-of-mass velocity: 60.71 µs (0.27 µs, 1000 calls)
[26-08-2022 16:21:18.926191] [  0.0%] compute kinetic-energy: 63.15 µs (0.3 µs, 1000 calls)
[26-08-2022 16:21:18.926200] [  0.0%] map particles to Hilbert curve (all): 10.488 µs (0.014 µs, 19344 calls)
[26-08-2022 16:21:18.926209] [  0.0%] zero maximum displacement (all): 6.071 µs (0.01 µs, 38688 calls)
[26-08-2022 16:21:18.926217] [  0.0%] preparation for integration step: 792.2 ns (2.9 ns, 500000 calls)
[26-08-2022 16:21:18.926225] [  0.1%] Boltzmann distribution: 142.05 µs (0.21 µs, 7936 calls)
[26-08-2022 16:21:18.926232] [  0.1%] on_prepend_integrate: 2.446 µs (0.054 µs, 500000 calls)
[26-08-2022 16:21:18.935639] [  0.1%] computation of smooth_r4 Lennard-Jones potential and auxiliary variables: 2.2568 ms (0.0052 ms, 1001 calls)
[26-08-2022 16:21:18.935671] [  0.4%] second half-step of velocity-Verlet: 16.606 µs (0.015 µs, 492064 calls)
[26-08-2022 16:21:18.935693] [  0.5%] first half-step of velocity-Verlet: 18.558 µs (0.014 µs, 500000 calls)
[26-08-2022 16:21:18.935717] [  0.6%] computation of density modes for allfluid particles: 21.646 ms (0.045 ms, 500 calls)
[26-08-2022 16:21:18.935738] [  1.4%] compute maximum displacement (all): 52.541 µs (0.015 µs, 500000 calls)
[26-08-2022 16:21:18.935759] [  1.8%] second half-step of velocity-Verlet: 63.975 µs (0.015 µs, 500000 calls)
[26-08-2022 16:21:18.935781] [  2.0%] update selection of a group of particles in a region: 72.843 µs (0.022 µs, 500001 calls)
[26-08-2022 16:21:18.935803] [  2.0%] update selection of a group of particles in a region: 74.187 µs (0.033 µs, 500001 calls)
[26-08-2022 16:21:18.935812] [  2.1%] computation of density modes for allfluid particles: 75.822 ms (0.065 ms, 500 calls)
[26-08-2022 16:21:18.935821] [  2.1%] computation of kinetic energy density modes for allfluid particles: 75.887 ms (0.072 ms, 500 calls)
[26-08-2022 16:21:18.935829] [  2.4%] on_finalize: 86.011 µs (0.037 µs, 500000 calls)
[26-08-2022 16:21:18.935838] [  2.8%] first half-step of velocity-Verlet: 103.290 µs (0.016 µs, 500000 calls)
[26-08-2022 16:21:18.935847] [  3.1%] cell lists update (all): 2.8967 ms (0.0014 ms, 19345 calls)
[26-08-2022 16:21:18.935855] [  3.4%] on_integrate: 123.660 µs (0.026 µs, 500000 calls)
[26-08-2022 16:21:18.935863] [  4.5%] rearrange particles by permutation (all): 4.2454 ms (0.0012 ms, 19344 calls)
[26-08-2022 16:21:18.935872] [  8.0%] order particles along Hilbert curve (all): 7.5352 ms (0.0028 ms, 19344 calls)
[26-08-2022 16:21:18.935892] [ 12.0%] update of neighbour lists (all ← all): 11.2439 ms (0.0047 ms, 19345 calls)
[26-08-2022 16:21:18.935900] [ 12.6%] evaluation of observables: 460 µs (21 µs, 500000 calls)
[26-08-2022 16:21:18.935921] [ 52.2%] computation of smooth_r4 Lennard-Jones potential: 1.90471 ms (0.00019 ms, 499000 calls)
[26-08-2022 16:21:18.935929] [ 81.5%] on_prepend_finalize: 2.9651 ms (0.0059 ms, 500000 calls)
[26-08-2022 16:21:18.935937] [ 87.3%] MD integration step: 3.1778 ms (0.0059 ms, 500000 calls)
[26-08-2022 16:21:18.935946] [100.0%] total simulation runtime: 15.2 min (2 min, 2 calls)
[26-08-2022 16:21:18.992799] HALMD exit
